2023-01-24 12:55:07 info: =================================
2023-01-24 12:55:07 info: ======= ENV: development =======
2023-01-24 12:55:07 info: 🚀 App listening on the port 3000
2023-01-24 12:55:07 info: =================================
2023-01-24 12:55:27 info: [0mGET / [32m200[0m 3.567 ms - 2[0m
2023-01-24 12:55:36 info: [0mGET / [32m200[0m 0.853 ms - 2[0m
2023-01-24 12:55:49 info: [0mGET /users [32m200[0m 0.833 ms - 478[0m
2023-01-24 13:04:02 info: =================================
2023-01-24 13:04:02 info: ======= ENV: development =======
2023-01-24 13:04:02 info: 🚀 App listening on the port 3000
2023-01-24 13:04:02 info: =================================
2023-01-24 13:10:44 info: =================================
2023-01-24 13:10:44 info: ======= ENV: development =======
2023-01-24 13:10:44 info: 🚀 App listening on the port 3000
2023-01-24 13:10:44 info: =================================
2023-01-24 13:11:30 info: =================================
2023-01-24 13:11:30 info: ======= ENV: development =======
2023-01-24 13:11:30 info: 🚀 App listening on the port 3000
2023-01-24 13:11:30 info: =================================
2023-01-24 13:11:46 info: [0mGET /users [32m200[0m 5.559 ms - 31[0m
2023-01-24 13:12:21 info: =================================
2023-01-24 13:12:21 info: ======= ENV: development =======
2023-01-24 13:12:21 info: 🚀 App listening on the port 3000
2023-01-24 13:12:21 info: =================================
2023-01-24 13:12:26 info: =================================
2023-01-24 13:12:26 info: ======= ENV: development =======
2023-01-24 13:12:26 info: 🚀 App listening on the port 3000
2023-01-24 13:12:26 info: =================================
2023-01-24 13:12:31 info: [0mGET /users [32m200[0m 5.684 ms - 31[0m
2023-01-24 13:13:13 info: =================================
2023-01-24 13:13:13 info: ======= ENV: development =======
2023-01-24 13:13:13 info: 🚀 App listening on the port 3000
2023-01-24 13:13:13 info: =================================
2023-01-24 13:13:36 info: [0mGET /users [32m200[0m 6.074 ms - 31[0m
2023-01-24 13:15:31 info: =================================
2023-01-24 13:15:31 info: ======= ENV: development =======
2023-01-24 13:15:31 info: 🚀 App listening on the port 3000
2023-01-24 13:15:31 info: =================================
2023-01-24 13:15:32 info: [0mGET /users [32m200[0m 32.483 ms - 31[0m
2023-01-24 13:15:59 info: =================================
2023-01-24 13:15:59 info: ======= ENV: development =======
2023-01-24 13:15:59 info: 🚀 App listening on the port 3000
2023-01-24 13:15:59 info: =================================
2023-01-24 13:16:01 info: [0mGET /users [32m200[0m 7.819 ms - 31[0m
2023-01-24 13:16:25 info: =================================
2023-01-24 13:16:25 info: ======= ENV: development =======
2023-01-24 13:16:25 info: 🚀 App listening on the port 3000
2023-01-24 13:16:25 info: =================================
2023-01-24 13:16:26 info: [0mGET /users [32m200[0m 7.406 ms - 31[0m
2023-01-24 13:17:04 info: =================================
2023-01-24 13:17:04 info: ======= ENV: development =======
2023-01-24 13:17:04 info: 🚀 App listening on the port 3000
2023-01-24 13:17:04 info: =================================
2023-01-24 13:17:05 info: [0mGET /users [32m200[0m 8.702 ms - 31[0m
2023-01-24 13:17:31 info: =================================
2023-01-24 13:17:31 info: ======= ENV: development =======
2023-01-24 13:17:31 info: 🚀 App listening on the port 3000
2023-01-24 13:17:31 info: =================================
2023-01-24 13:17:33 info: [0mGET /users [32m200[0m 8.058 ms - 31[0m
2023-01-24 13:18:25 info: =================================
2023-01-24 13:18:25 info: ======= ENV: development =======
2023-01-24 13:18:25 info: 🚀 App listening on the port 3000
2023-01-24 13:18:25 info: =================================
2023-01-24 13:18:33 info: [0mGET /users [32m200[0m 7.641 ms - 31[0m
2023-01-24 13:19:02 info: =================================
2023-01-24 13:19:02 info: ======= ENV: development =======
2023-01-24 13:19:02 info: 🚀 App listening on the port 3000
2023-01-24 13:19:02 info: =================================
2023-01-24 13:19:03 info: [0mGET /users [32m200[0m 9.834 ms - 67[0m
2023-01-24 13:19:36 info: =================================
2023-01-24 13:19:36 info: ======= ENV: development =======
2023-01-24 13:19:36 info: 🚀 App listening on the port 3000
2023-01-24 13:19:36 info: =================================
2023-01-24 13:19:37 error: [GET] /users >> StatusCode:: 500, Message:: The customer id is invalid
2023-01-24 13:19:37 info: [0mGET /users [31m500[0m 7.107 ms - 40[0m
2023-01-24 13:19:45 error: [GET] /users >> StatusCode:: 500, Message:: The customer id is invalid
2023-01-24 13:19:45 info: [0mGET /users [31m500[0m 2.549 ms - 40[0m
2023-01-24 13:20:06 info: =================================
2023-01-24 13:20:06 info: ======= ENV: development =======
2023-01-24 13:20:06 info: 🚀 App listening on the port 3000
2023-01-24 13:20:06 info: =================================
2023-01-24 13:20:12 info: [0mGET /users [32m200[0m 240.716 ms - 548[0m
2023-01-24 13:20:34 info: =================================
2023-01-24 13:20:34 info: ======= ENV: development =======
2023-01-24 13:20:34 info: 🚀 App listening on the port 3000
2023-01-24 13:20:34 info: =================================
2023-01-24 13:20:35 info: [0mGET /users [32m200[0m 7.636 ms - 31[0m
2023-01-24 13:20:52 info: =================================
2023-01-24 13:20:52 info: ======= ENV: development =======
2023-01-24 13:20:52 info: 🚀 App listening on the port 3000
2023-01-24 13:20:52 info: =================================
2023-01-24 13:20:53 info: [0mGET /users [32m200[0m 240.421 ms - -[0m
2023-01-24 13:28:15 info: =================================
2023-01-24 13:28:15 info: ======= ENV: development =======
2023-01-24 13:28:15 info: 🚀 App listening on the port 3000
2023-01-24 13:28:15 info: =================================
2023-01-24 13:37:26 info: [0mGET /users [32m200[0m 294.239 ms - -[0m
2023-01-24 13:37:55 info: [0mGET /users?id=cst_L6kaSYk5Cm [32m200[0m 188.733 ms - -[0m
2023-01-24 13:39:00 info: [0mGET /users?id=cst_L6kaSYk5Cm [32m200[0m 223.412 ms - -[0m
2023-01-24 13:39:34 info: [0mGET /users/cst_L6kaSYk5Cm [33m404[0m 2.038 ms - 159[0m
2023-01-24 13:39:45 info: [0mGET /users/:cst_L6kaSYk5Cm [33m404[0m 1.831 ms - 160[0m
2023-01-24 13:40:00 info: [0mGET /users/id=cst_L6kaSYk5Cm [33m404[0m 0.405 ms - 162[0m
2023-01-24 13:40:17 info: [0mGET /users/?id=cst_L6kaSYk5Cm [32m200[0m 216.470 ms - -[0m
2023-01-24 13:40:54 info: =================================
2023-01-24 13:40:54 info: ======= ENV: development =======
2023-01-24 13:40:54 info: 🚀 App listening on the port 3000
2023-01-24 13:40:54 info: =================================
2023-01-24 13:40:57 info: [0mGET /users/?id=cst_L6kaSYk5Cm [32m200[0m 262.790 ms - -[0m
2023-01-24 13:41:53 info: =================================
2023-01-24 13:41:53 info: ======= ENV: development =======
2023-01-24 13:41:53 info: 🚀 App listening on the port 3000
2023-01-24 13:41:53 info: =================================
2023-01-24 13:41:56 info: [0mGET /users/?id=cst_L6kaSYk5Cm [32m200[0m 246.921 ms - -[0m
2023-01-24 13:42:52 info: =================================
2023-01-24 13:42:52 info: ======= ENV: development =======
2023-01-24 13:42:52 info: 🚀 App listening on the port 3000
2023-01-24 13:42:52 info: =================================
2023-01-24 13:43:04 info: [0mGET /users/?id=cst_L6kaSYk5Cm [32m200[0m 587.614 ms - -[0m
2023-01-24 13:43:09 info: [0mGET /users/?id=cst_L6kaSYk5Cm [32m200[0m 212.817 ms - -[0m
2023-01-24 13:43:48 info: [0mGET /users/id=cst_L6kaSYk5Cm [32m200[0m 0.926 ms - 21[0m
2023-01-24 13:44:23 info: [0mGET /users/id=cst_L6kaSYk5Cm [32m200[0m 0.837 ms - 21[0m
2023-01-24 13:45:03 info: [0mGET /users?id=cst_L6kaSYk5Cm [32m200[0m 223.237 ms - -[0m
2023-01-24 13:45:10 info: [0mGET /users/d=cst_L6kaSYk5Cm [32m200[0m 0.419 ms - 21[0m
2023-01-24 13:46:10 info: =================================
2023-01-24 13:46:10 info: ======= ENV: development =======
2023-01-24 13:46:10 info: 🚀 App listening on the port 3000
2023-01-24 13:46:10 info: =================================
2023-01-24 13:46:11 error: [GET] /users/d=cst_L6kaSYk5Cm >> StatusCode:: 500, Message:: The customer id is invalid
2023-01-24 13:46:11 info: [0mGET /users/d=cst_L6kaSYk5Cm [31m500[0m 7.208 ms - 40[0m
2023-01-24 13:46:51 info: =================================
2023-01-24 13:46:51 info: ======= ENV: development =======
2023-01-24 13:46:51 info: 🚀 App listening on the port 3000
2023-01-24 13:46:51 info: =================================
2023-01-24 13:46:53 error: [GET] /users/d=cst_L6kaSYk5Cm >> StatusCode:: 500, Message:: The customer id is invalid
2023-01-24 13:46:53 info: [0mGET /users/d=cst_L6kaSYk5Cm [31m500[0m 7.233 ms - 40[0m
2023-01-24 13:47:01 error: [GET] /users/id=cst_L6kaSYk5Cm >> StatusCode:: 500, Message:: The customer id is invalid
2023-01-24 13:47:01 info: [0mGET /users/id=cst_L6kaSYk5Cm [31m500[0m 2.342 ms - 40[0m
2023-01-24 13:47:31 info: [0mGET /users/?id=cst_L6kaSYk5Cm [32m200[0m 256.917 ms - -[0m
2023-01-24 13:47:39 error: [GET] /users/id=cst_L6kaSYk5Cm >> StatusCode:: 500, Message:: The customer id is invalid
2023-01-24 13:47:39 info: [0mGET /users/id=cst_L6kaSYk5Cm [31m500[0m 2.445 ms - 40[0m
2023-01-24 13:48:29 info: =================================
2023-01-24 13:48:29 info: ======= ENV: development =======
2023-01-24 13:48:29 info: 🚀 App listening on the port 3000
2023-01-24 13:48:29 info: =================================
2023-01-24 13:48:30 error: [GET] /users/id=cst_L6kaSYk5Cm >> StatusCode:: 500, Message:: The customer id is invalid
2023-01-24 13:48:30 info: [0mGET /users/id=cst_L6kaSYk5Cm [31m500[0m 7.472 ms - 40[0m
2023-01-24 13:48:45 info: [0mGET /users/cst_L6kaSYk5Cm [32m200[0m 236.806 ms - 548[0m
2023-01-24 13:48:58 info: =================================
2023-01-24 13:48:59 info: ======= ENV: development =======
2023-01-24 13:48:59 info: 🚀 App listening on the port 3000
2023-01-24 13:48:59 info: =================================
2023-01-24 13:49:23 info: [0mGET /users/cst_L6kaSYk5Cm [32m200[0m 249.884 ms - 548[0m
2023-01-24 13:52:57 info: [0mGET /users [32m200[0m 226.999 ms - -[0m
2023-01-24 13:54:05 info: =================================
2023-01-24 13:54:05 info: ======= ENV: development =======
2023-01-24 13:54:05 info: 🚀 App listening on the port 3000
2023-01-24 13:54:05 info: =================================
2023-01-24 13:54:13 info: [0mGET /users [32m200[0m 281.773 ms - -[0m
2023-01-24 13:54:33 info: =================================
2023-01-24 13:54:33 info: ======= ENV: development =======
2023-01-24 13:54:33 info: 🚀 App listening on the port 3000
2023-01-24 13:54:33 info: =================================
2023-01-24 14:00:13 info: [0mOPTIONS /users [32m204[0m 1.618 ms - 0[0m
2023-01-24 14:00:14 info: [0mGET /users [32m200[0m 292.208 ms - -[0m
2023-01-24 14:00:42 info: [0mOPTIONS /users [32m204[0m 0.108 ms - 0[0m
2023-01-24 14:00:43 info: [0mGET /users [36m304[0m 228.635 ms - -[0m
2023-01-24 14:01:23 info: [0mOPTIONS /users [32m204[0m 0.147 ms - 0[0m
2023-01-24 14:01:23 info: [0mGET /users [36m304[0m 237.800 ms - -[0m
2023-01-24 14:01:23 info: [0mGET /users [36m304[0m 229.870 ms - -[0m
2023-01-24 14:16:46 info: [0mOPTIONS /users [32m204[0m 0.123 ms - 0[0m
2023-01-24 14:16:47 info: [0mGET /users [36m304[0m 270.151 ms - -[0m
2023-01-24 14:16:47 info: [0mGET /users [36m304[0m 225.257 ms - -[0m
2023-01-24 15:06:31 info: [0mOPTIONS /users [32m204[0m 0.164 ms - 0[0m
2023-01-24 15:06:31 info: [0mGET /users [36m304[0m 284.136 ms - -[0m
2023-01-24 15:06:31 info: [0mGET /users [36m304[0m 234.805 ms - -[0m
2023-01-24 15:08:50 info: [0mOPTIONS /users [32m204[0m 0.154 ms - 0[0m
2023-01-24 15:08:50 info: [0mGET /users [36m304[0m 242.795 ms - -[0m
2023-01-24 15:08:50 info: [0mGET /users [36m304[0m 238.957 ms - -[0m
2023-01-24 15:10:52 info: [0mOPTIONS /users [32m204[0m 0.142 ms - 0[0m
2023-01-24 15:10:52 info: [0mGET /users [36m304[0m 217.419 ms - -[0m
2023-01-24 15:10:52 info: [0mGET /users [36m304[0m 222.470 ms - -[0m
2023-01-24 15:10:53 info: [0mGET /users [36m304[0m 204.411 ms - -[0m
2023-01-24 15:10:53 info: [0mGET /users [36m304[0m 219.786 ms - -[0m
2023-01-24 15:11:09 info: [0mOPTIONS /users [32m204[0m 0.141 ms - 0[0m
2023-01-24 15:11:09 info: [0mGET /users [36m304[0m 230.881 ms - -[0m
2023-01-24 15:11:09 info: [0mGET /users [36m304[0m 288.951 ms - -[0m
2023-01-24 15:11:09 info: [0mGET /users [36m304[0m 216.260 ms - -[0m
2023-01-24 15:11:10 info: [0mGET /users [36m304[0m 225.386 ms - -[0m
2023-01-24 15:11:33 info: [0mOPTIONS /users [32m204[0m 0.110 ms - 0[0m
2023-01-24 15:11:33 info: [0mGET /users [36m304[0m 210.679 ms - -[0m
2023-01-24 15:11:34 info: [0mGET /users [36m304[0m 216.075 ms - -[0m
2023-01-24 15:11:34 info: [0mGET /users [36m304[0m 255.993 ms - -[0m
2023-01-24 15:11:34 info: [0mGET /users [36m304[0m 226.715 ms - -[0m
2023-01-24 15:15:37 info: [0mOPTIONS /users [32m204[0m 0.178 ms - 0[0m
2023-01-24 15:15:37 info: [0mGET /users [36m304[0m 234.308 ms - -[0m
2023-01-24 15:15:37 info: [0mGET /users [36m304[0m 218.838 ms - -[0m
2023-01-24 15:15:49 info: [0mOPTIONS /users [32m204[0m 0.125 ms - 0[0m
2023-01-24 15:15:50 info: [0mGET /users [36m304[0m 255.283 ms - -[0m
2023-01-24 15:15:50 info: [0mGET /users [36m304[0m 234.106 ms - -[0m
2023-01-24 15:16:22 info: [0mOPTIONS /users [32m204[0m 0.130 ms - 0[0m
2023-01-24 15:16:23 info: [0mGET /users [36m304[0m 244.935 ms - -[0m
2023-01-24 15:16:23 info: [0mGET /users [36m304[0m 225.557 ms - -[0m
2023-01-24 15:18:05 info: [0mOPTIONS /users [32m204[0m 0.140 ms - 0[0m
2023-01-24 15:18:05 info: [0mGET /users [36m304[0m 216.413 ms - -[0m
2023-01-24 15:18:05 info: [0mGET /users [36m304[0m 219.768 ms - -[0m
2023-01-24 15:18:51 info: [0mOPTIONS /users [32m204[0m 0.151 ms - 0[0m
2023-01-24 15:18:52 info: [0mGET /users [36m304[0m 225.751 ms - -[0m
2023-01-24 15:18:52 info: [0mGET /users [36m304[0m 228.947 ms - -[0m
2023-01-24 15:19:24 info: [0mOPTIONS /users [32m204[0m 0.151 ms - 0[0m
2023-01-24 15:19:24 info: [0mGET /users [36m304[0m 240.103 ms - -[0m
2023-01-24 15:19:25 info: [0mGET /users [36m304[0m 279.299 ms - -[0m
2023-01-24 15:20:41 info: [0mOPTIONS /users [32m204[0m 0.100 ms - 0[0m
2023-01-24 15:20:42 info: [0mGET /users [36m304[0m 247.525 ms - -[0m
2023-01-24 15:20:42 info: [0mGET /users [36m304[0m 244.924 ms - -[0m
2023-01-24 15:21:38 info: =================================
2023-01-24 15:21:38 info: ======= ENV: development =======
2023-01-24 15:21:38 info: 🚀 App listening on the port 3000
2023-01-24 15:21:38 info: =================================
2023-01-24 15:21:42 info: [0mOPTIONS /users [32m204[0m 1.104 ms - 0[0m
2023-01-24 15:21:42 info: [0mGET /users [32m200[0m 256.310 ms - -[0m
2023-01-24 15:22:25 info: [0mOPTIONS /users [32m204[0m 0.167 ms - 0[0m
2023-01-24 15:22:25 info: [0mGET /users [36m304[0m 252.005 ms - -[0m
2023-01-24 15:22:25 info: [0mGET /users [36m304[0m 260.453 ms - -[0m
2023-01-24 15:22:33 info: [0mOPTIONS /users [32m204[0m 0.121 ms - 0[0m
2023-01-24 15:22:33 info: [0mGET /users [36m304[0m 278.842 ms - -[0m
2023-01-24 15:22:33 info: [0mGET /users [36m304[0m 337.699 ms - -[0m
2023-01-24 15:23:10 info: [0mOPTIONS /users [32m204[0m 0.152 ms - 0[0m
2023-01-24 15:23:11 info: [0mGET /users [36m304[0m 227.389 ms - -[0m
2023-01-24 15:23:11 info: [0mGET /users [36m304[0m 237.634 ms - -[0m
2023-01-24 15:23:43 info: [0mOPTIONS /users [32m204[0m 0.154 ms - 0[0m
2023-01-24 15:23:43 info: [0mGET /users [36m304[0m 256.590 ms - -[0m
2023-01-24 15:23:43 info: [0mGET /users [36m304[0m 225.187 ms - -[0m
2023-01-24 15:24:15 info: [0mOPTIONS /users [32m204[0m 0.116 ms - 0[0m
2023-01-24 15:24:15 info: [0mGET /users [36m304[0m 269.195 ms - -[0m
2023-01-24 15:24:15 info: [0mGET /users [36m304[0m 247.121 ms - -[0m
2023-01-24 15:24:25 info: [0mOPTIONS /users [32m204[0m 0.112 ms - 0[0m
2023-01-24 15:24:26 info: [0mGET /users [36m304[0m 256.970 ms - -[0m
2023-01-24 15:24:26 info: [0mGET /users [36m304[0m 215.478 ms - -[0m
2023-01-24 15:24:45 info: [0mOPTIONS /users [32m204[0m 0.175 ms - 0[0m
2023-01-24 15:24:45 info: [0mGET /users [36m304[0m 209.973 ms - -[0m
2023-01-24 15:24:46 info: [0mGET /users [36m304[0m 213.513 ms - -[0m
2023-01-24 15:26:20 info: [0mOPTIONS /users [32m204[0m 0.163 ms - 0[0m
2023-01-24 15:26:21 info: [0mGET /users [36m304[0m 228.111 ms - -[0m
2023-01-24 15:26:21 info: [0mGET /users [36m304[0m 244.024 ms - -[0m
2023-01-24 15:26:59 info: [0mOPTIONS /users [32m204[0m 0.174 ms - 0[0m
2023-01-24 15:26:59 info: [0mGET /users [36m304[0m 224.429 ms - -[0m
2023-01-24 15:26:59 info: [0mGET /users [36m304[0m 236.466 ms - -[0m
2023-01-24 15:27:06 info: [0mOPTIONS /users [32m204[0m 0.324 ms - 0[0m
2023-01-24 15:27:07 info: [0mGET /users [36m304[0m 264.649 ms - -[0m
2023-01-24 15:27:07 info: [0mGET /users [36m304[0m 221.718 ms - -[0m
2023-01-24 15:27:33 info: [0mOPTIONS /users [32m204[0m 0.146 ms - 0[0m
2023-01-24 15:27:34 info: [0mGET /users [36m304[0m 261.868 ms - -[0m
2023-01-24 15:27:34 info: [0mGET /users [36m304[0m 246.038 ms - -[0m
2023-01-24 15:27:45 info: [0mOPTIONS /users [32m204[0m 0.122 ms - 0[0m
2023-01-24 15:27:45 info: [0mGET /users [36m304[0m 241.113 ms - -[0m
2023-01-24 15:27:46 info: [0mGET /users [36m304[0m 242.611 ms - -[0m
2023-01-24 15:28:02 info: [0mOPTIONS /users [32m204[0m 0.129 ms - 0[0m
2023-01-24 15:28:02 info: [0mGET /users [36m304[0m 248.749 ms - -[0m
2023-01-24 15:28:03 info: [0mGET /users [36m304[0m 329.841 ms - -[0m
2023-01-24 15:29:01 info: [0mOPTIONS /users [32m204[0m 0.166 ms - 0[0m
2023-01-24 15:29:02 info: [0mGET /users [36m304[0m 229.384 ms - -[0m
2023-01-24 15:29:02 info: [0mGET /users [36m304[0m 245.684 ms - -[0m
2023-01-24 15:29:49 info: [0mOPTIONS /users [32m204[0m 0.126 ms - 0[0m
2023-01-24 15:29:50 info: [0mGET /users [36m304[0m 457.498 ms - -[0m
2023-01-24 15:29:50 info: [0mGET /users [36m304[0m 227.065 ms - -[0m
2023-01-24 15:30:02 info: [0mOPTIONS /users [32m204[0m 0.133 ms - 0[0m
2023-01-24 15:30:02 info: [0mGET /users [36m304[0m 332.457 ms - -[0m
2023-01-24 15:30:02 info: [0mGET /users [36m304[0m 351.802 ms - -[0m
2023-01-24 15:30:31 info: [0mOPTIONS /users [32m204[0m 0.135 ms - 0[0m
2023-01-24 15:30:31 info: [0mGET /users [36m304[0m 253.936 ms - -[0m
2023-01-24 15:30:31 info: [0mGET /users [36m304[0m 247.392 ms - -[0m
2023-01-24 15:30:56 info: [0mOPTIONS /users [32m204[0m 0.139 ms - 0[0m
2023-01-24 15:30:56 info: [0mGET /users [36m304[0m 215.672 ms - -[0m
2023-01-24 15:30:56 info: [0mGET /users [36m304[0m 220.835 ms - -[0m
2023-01-24 15:31:06 info: [0mOPTIONS /users [32m204[0m 0.128 ms - 0[0m
2023-01-24 15:31:06 info: [0mGET /users [36m304[0m 223.084 ms - -[0m
2023-01-24 15:31:06 info: [0mGET /users [36m304[0m 214.517 ms - -[0m
2023-01-24 15:31:12 info: [0mOPTIONS /users [32m204[0m 0.116 ms - 0[0m
2023-01-24 15:31:12 info: [0mGET /users [36m304[0m 262.022 ms - -[0m
2023-01-24 15:31:13 info: [0mGET /users [36m304[0m 232.828 ms - -[0m
2023-01-24 15:32:42 info: [0mOPTIONS /users [32m204[0m 0.125 ms - 0[0m
2023-01-24 15:32:42 info: [0mGET /users [36m304[0m 246.861 ms - -[0m
2023-01-24 15:32:42 info: [0mGET /users [36m304[0m 221.220 ms - -[0m
2023-01-24 15:33:29 info: [0mOPTIONS /users [32m204[0m 0.277 ms - 0[0m
2023-01-24 15:33:29 info: [0mGET /users [36m304[0m 234.990 ms - -[0m
2023-01-24 15:33:29 info: [0mGET /users [36m304[0m 210.541 ms - -[0m
2023-01-24 15:33:46 info: [0mOPTIONS /users [32m204[0m 0.123 ms - 0[0m
2023-01-24 15:33:46 info: [0mGET /users [36m304[0m 246.218 ms - -[0m
2023-01-24 15:33:46 info: [0mGET /users [36m304[0m 235.858 ms - -[0m
2023-01-24 15:35:11 info: [0mOPTIONS /users [32m204[0m 0.133 ms - 0[0m
2023-01-24 15:35:12 info: [0mGET /users [36m304[0m 237.200 ms - -[0m
2023-01-24 15:35:12 info: [0mGET /users [36m304[0m 218.994 ms - -[0m
2023-01-24 15:36:46 info: [0mOPTIONS /users [32m204[0m 0.141 ms - 0[0m
2023-01-24 15:36:46 info: [0mGET /users [36m304[0m 300.579 ms - -[0m
2023-01-24 15:36:47 info: [0mGET /users [36m304[0m 239.872 ms - -[0m
2023-01-24 15:37:03 info: [0mOPTIONS /users [32m204[0m 0.096 ms - 0[0m
2023-01-24 15:37:03 info: [0mGET /users [36m304[0m 252.918 ms - -[0m
2023-01-24 15:37:03 info: [0mGET /users [36m304[0m 203.014 ms - -[0m
2023-01-24 15:37:36 info: [0mOPTIONS /users [32m204[0m 0.149 ms - 0[0m
2023-01-24 15:37:36 info: [0mGET /users [36m304[0m 247.486 ms - -[0m
2023-01-24 15:37:36 info: [0mGET /users [36m304[0m 235.504 ms - -[0m
2023-01-24 15:38:15 info: [0mOPTIONS /users [32m204[0m 0.127 ms - 0[0m
2023-01-24 15:38:15 info: [0mGET /users [36m304[0m 255.248 ms - -[0m
2023-01-24 15:38:16 info: [0mGET /users [36m304[0m 221.031 ms - -[0m
2023-01-24 15:43:02 info: [0mOPTIONS /users [32m204[0m 0.130 ms - 0[0m
2023-01-24 15:43:02 info: [0mGET /users [36m304[0m 254.559 ms - -[0m
2023-01-24 15:43:02 info: [0mGET /users [36m304[0m 225.928 ms - -[0m
2023-01-24 15:43:41 info: [0mOPTIONS /users [32m204[0m 0.148 ms - 0[0m
2023-01-24 15:43:41 info: [0mGET /users [36m304[0m 243.087 ms - -[0m
2023-01-24 15:43:41 info: [0mGET /users [36m304[0m 235.080 ms - -[0m
2023-01-24 15:44:02 info: [0mOPTIONS /users [32m204[0m 0.128 ms - 0[0m
2023-01-24 15:44:02 info: [0mGET /users [36m304[0m 253.697 ms - -[0m
2023-01-24 15:44:03 info: [0mGET /users [36m304[0m 283.604 ms - -[0m
2023-01-24 15:44:16 info: [0mOPTIONS /users [32m204[0m 0.140 ms - 0[0m
2023-01-24 15:44:16 info: [0mGET /users [36m304[0m 245.819 ms - -[0m
2023-01-24 15:44:16 info: [0mGET /users [36m304[0m 241.322 ms - -[0m
2023-01-24 15:44:23 info: [0mOPTIONS /users [32m204[0m 0.125 ms - 0[0m
2023-01-24 15:44:24 info: [0mGET /users [36m304[0m 235.462 ms - -[0m
2023-01-24 15:44:24 info: [0mGET /users [36m304[0m 223.666 ms - -[0m
2023-01-24 15:45:15 info: [0mOPTIONS /users [32m204[0m 0.126 ms - 0[0m
2023-01-24 15:45:15 info: [0mGET /users [36m304[0m 329.209 ms - -[0m
2023-01-24 15:45:15 info: [0mGET /users [36m304[0m 227.770 ms - -[0m
2023-01-24 15:45:19 info: [0mGET /users [36m304[0m 217.493 ms - -[0m
2023-01-24 15:45:19 info: [0mGET /users [36m304[0m 230.598 ms - -[0m
2023-01-24 15:47:07 info: [0mOPTIONS /users [32m204[0m 0.095 ms - 0[0m
2023-01-24 15:47:07 info: [0mGET /users [36m304[0m 225.819 ms - -[0m
2023-01-24 15:47:07 info: [0mGET /users [36m304[0m 225.776 ms - -[0m
2023-01-24 15:47:17 info: [0mOPTIONS /users [32m204[0m 0.147 ms - 0[0m
2023-01-24 15:47:17 info: [0mGET /users [36m304[0m 238.870 ms - -[0m
2023-01-24 15:47:17 info: [0mGET /users [36m304[0m 224.633 ms - -[0m
2023-01-24 15:47:38 info: [0mOPTIONS /users [32m204[0m 0.139 ms - 0[0m
2023-01-24 15:47:38 info: [0mGET /users [36m304[0m 333.530 ms - -[0m
2023-01-24 15:47:38 info: [0mGET /users [36m304[0m 221.578 ms - -[0m
2023-01-24 15:48:02 info: [0mOPTIONS /users [32m204[0m 0.136 ms - 0[0m
2023-01-24 15:48:02 info: [0mGET /users [36m304[0m 237.254 ms - -[0m
2023-01-24 15:48:03 info: [0mGET /users [36m304[0m 242.105 ms - -[0m
2023-01-24 15:48:41 info: [0mOPTIONS /users [32m204[0m 0.119 ms - 0[0m
2023-01-24 15:48:41 info: [0mGET /users [36m304[0m 253.678 ms - -[0m
2023-01-24 15:48:41 info: [0mGET /users [36m304[0m 247.107 ms - -[0m
2023-01-24 15:49:16 info: [0mOPTIONS /users [32m204[0m 0.120 ms - 0[0m
2023-01-24 15:49:16 info: [0mGET /users [36m304[0m 319.738 ms - -[0m
2023-01-24 15:49:16 info: [0mGET /users [36m304[0m 335.669 ms - -[0m
2023-01-24 15:49:28 info: [0mOPTIONS /users [32m204[0m 0.119 ms - 0[0m
2023-01-24 15:49:28 info: [0mGET /users [36m304[0m 234.945 ms - -[0m
2023-01-24 15:49:28 info: [0mGET /users [36m304[0m 221.982 ms - -[0m
2023-01-24 15:50:10 info: [0mOPTIONS /users [32m204[0m 0.167 ms - 0[0m
2023-01-24 15:50:10 info: [0mGET /users [36m304[0m 245.696 ms - -[0m
2023-01-24 15:50:10 info: [0mGET /users [36m304[0m 225.076 ms - -[0m
2023-01-24 16:16:42 info: =================================
2023-01-24 16:16:42 info: ======= ENV: development =======
2023-01-24 16:16:42 info: 🚀 App listening on the port 3000
2023-01-24 16:16:42 info: =================================
2023-01-24 16:18:48 info: =================================
2023-01-24 16:18:48 info: ======= ENV: development =======
2023-01-24 16:18:48 info: 🚀 App listening on the port 3000
2023-01-24 16:18:48 info: =================================
2023-01-24 16:26:03 info: =================================
2023-01-24 16:26:03 info: ======= ENV: development =======
2023-01-24 16:26:03 info: 🚀 App listening on the port 3000
2023-01-24 16:26:03 info: =================================
2023-01-24 16:26:39 info: =================================
2023-01-24 16:26:39 info: ======= ENV: development =======
2023-01-24 16:26:39 info: 🚀 App listening on the port 3000
2023-01-24 16:26:39 info: =================================
2023-01-24 16:27:17 info: =================================
2023-01-24 16:27:17 info: ======= ENV: development =======
2023-01-24 16:27:17 info: 🚀 App listening on the port 3000
2023-01-24 16:27:17 info: =================================
2023-01-24 16:33:14 info: =================================
2023-01-24 16:33:14 info: ======= ENV: development =======
2023-01-24 16:33:14 info: 🚀 App listening on the port 3000
2023-01-24 16:33:14 info: =================================
2023-01-24 16:33:27 info: =================================
2023-01-24 16:33:27 info: ======= ENV: development =======
2023-01-24 16:33:27 info: 🚀 App listening on the port 3000
2023-01-24 16:33:27 info: =================================
2023-01-24 16:33:34 info: =================================
2023-01-24 16:33:34 info: ======= ENV: development =======
2023-01-24 16:33:34 info: 🚀 App listening on the port 3000
2023-01-24 16:33:34 info: =================================
2023-01-24 16:34:09 info: =================================
2023-01-24 16:34:09 info: ======= ENV: development =======
2023-01-24 16:34:09 info: 🚀 App listening on the port 3000
2023-01-24 16:34:09 info: =================================
2023-01-24 16:34:40 info: =================================
2023-01-24 16:34:40 info: ======= ENV: development =======
2023-01-24 16:34:40 info: 🚀 App listening on the port 3000
2023-01-24 16:34:40 info: =================================
2023-01-24 16:35:03 info: [0mGET /users/mandate/cst_L6kaSYk5Cm [32m200[0m 8.402 ms - 42[0m
2023-01-24 16:35:30 info: =================================
2023-01-24 16:35:30 info: ======= ENV: development =======
2023-01-24 16:35:30 info: 🚀 App listening on the port 3000
2023-01-24 16:35:30 info: =================================
2023-01-24 16:36:29 info: =================================
2023-01-24 16:36:29 info: ======= ENV: development =======
2023-01-24 16:36:29 info: 🚀 App listening on the port 3000
2023-01-24 16:36:29 info: =================================
2023-01-24 16:37:11 info: =================================
2023-01-24 16:37:11 info: ======= ENV: development =======
2023-01-24 16:37:11 info: 🚀 App listening on the port 3000
2023-01-24 16:37:11 info: =================================
2023-01-24 16:37:12 info: [0mGET /users/mandate/cst_L6kaSYk5Cm [32m200[0m 14.109 ms - 25[0m
2023-01-24 16:38:20 info: [0mGET /users/mandate/cst_L6kaSYk5Cm?id=cst_L6kaSYk5Cm [32m200[0m 5.529 ms - 25[0m
2023-01-24 16:38:45 error: [GET] /users/mandate/ >> StatusCode:: 500, Message:: The customer id is invalid
2023-01-24 16:38:45 info: [0mGET /users/mandate/?id=cst_L6kaSYk5Cm [31m500[0m 2.250 ms - 40[0m
2023-01-24 16:38:54 info: [0mGET /users/mandate/id=cst_L6kaSYk5Cm [32m200[0m 3.731 ms - 25[0m
2023-01-24 16:39:11 info: [0mGET /users/mandate/cst_L6kaSYk5Cm [32m200[0m 4.557 ms - 25[0m
2023-01-24 16:39:30 info: =================================
2023-01-24 16:39:30 info: ======= ENV: development =======
2023-01-24 16:39:30 info: 🚀 App listening on the port 3000
2023-01-24 16:39:30 info: =================================
2023-01-24 16:39:31 info: [0mGET /users/mandate/cst_L6kaSYk5Cm [32m200[0m 15.271 ms - 25[0m
2023-01-24 16:41:55 info: =================================
2023-01-24 16:41:55 info: ======= ENV: development =======
2023-01-24 16:41:55 info: 🚀 App listening on the port 3000
2023-01-24 16:41:55 info: =================================
2023-01-24 16:41:56 info: [0mGET /users/mandate/cst_L6kaSYk5Cm [32m200[0m 14.666 ms - 25[0m
2023-01-24 16:42:10 info: =================================
2023-01-24 16:42:10 info: ======= ENV: development =======
2023-01-24 16:42:10 info: 🚀 App listening on the port 3000
2023-01-24 16:42:10 info: =================================
2023-01-24 16:42:10 info: [0mGET /users/mandate/cst_L6kaSYk5Cm [32m200[0m 15.376 ms - 25[0m
2023-01-24 16:42:54 info: =================================
2023-01-24 16:42:54 info: ======= ENV: development =======
2023-01-24 16:42:54 info: 🚀 App listening on the port 3000
2023-01-24 16:42:54 info: =================================
2023-01-24 16:42:56 info: [0mGET /users/mandate/cst_L6kaSYk5Cm [32m200[0m 6.647 ms - 42[0m
2023-01-24 16:43:14 info: =================================
2023-01-24 16:43:14 info: ======= ENV: development =======
2023-01-24 16:43:14 info: 🚀 App listening on the port 3000
2023-01-24 16:43:14 info: =================================
2023-01-24 16:43:15 info: [0mGET /users/mandate/cst_L6kaSYk5Cm [32m200[0m 278.913 ms - 42[0m
2023-01-24 16:43:26 info: =================================
2023-01-24 16:43:26 info: ======= ENV: development =======
2023-01-24 16:43:26 info: 🚀 App listening on the port 3000
2023-01-24 16:43:26 info: =================================
2023-01-24 16:43:27 info: [0mGET /users/mandate/cst_L6kaSYk5Cm [32m200[0m 243.579 ms - 42[0m
2023-01-24 18:49:06 info: =================================
2023-01-24 18:49:06 info: ======= ENV: development =======
2023-01-24 18:49:06 info: 🚀 App listening on the port 3000
2023-01-24 18:49:06 info: =================================
2023-01-24 18:49:20 info: [0mGET /users/mandate/cst_L6kaSYk5Cm [32m200[0m 13.957 ms - 25[0m
2023-01-24 18:53:01 info: =================================
2023-01-24 18:53:01 info: ======= ENV: development =======
2023-01-24 18:53:01 info: 🚀 App listening on the port 3000
2023-01-24 18:53:01 info: =================================
2023-01-24 18:53:24 info: =================================
2023-01-24 18:53:24 info: ======= ENV: development =======
2023-01-24 18:53:24 info: 🚀 App listening on the port 3000
2023-01-24 18:53:24 info: =================================
2023-01-24 18:55:22 info: =================================
2023-01-24 18:55:22 info: ======= ENV: development =======
2023-01-24 18:55:22 info: 🚀 App listening on the port 3000
2023-01-24 18:55:22 info: =================================
2023-01-24 18:55:54 info: =================================
2023-01-24 18:55:54 info: ======= ENV: development =======
2023-01-24 18:55:54 info: 🚀 App listening on the port 3000
2023-01-24 18:55:54 info: =================================
2023-01-24 18:56:09 info: [0mGET /users/mandate/cst_L6kaSYk5Cm [32m200[0m 233.301 ms - 731[0m
