2023-02-09 09:31:56 info: =================================
2023-02-09 09:31:56 info: ======= ENV: PRODUCTION =======
2023-02-09 09:31:56 info: 🚀 App listening on the port 3000
2023-02-09 09:31:56 info: =================================
2023-02-09 09:36:40 info: =================================
2023-02-09 09:36:40 info: ======= ENV: PRODUCTION =======
2023-02-09 09:36:40 info: 🚀 App listening on the port 3000
2023-02-09 09:36:40 info: =================================
2023-02-09 09:45:01 info: =================================
2023-02-09 09:45:01 info: ======= ENV: development =======
2023-02-09 09:45:01 info: 🚀 App listening on the port 3000
2023-02-09 09:45:01 info: =================================
2023-02-09 09:59:45 info: =================================
2023-02-09 09:59:45 info: ======= ENV: development =======
2023-02-09 09:59:45 info: 🚀 App listening on the port 3000
2023-02-09 09:59:45 info: =================================
2023-02-09 10:00:03 info: [0mPOST /users [32m201[0m 324.364 ms - 49[0m
2023-02-09 10:00:28 info: [0mGET /users [32m200[0m 579.125 ms - -[0m
2023-02-09 10:01:58 info: =================================
2023-02-09 10:01:58 info: ======= ENV: development =======
2023-02-09 10:01:58 info: 🚀 App listening on the port 3000
2023-02-09 10:01:58 info: =================================
2023-02-09 10:03:52 info: =================================
2023-02-09 10:03:52 info: ======= ENV: development =======
2023-02-09 10:03:52 info: 🚀 App listening on the port 3000
2023-02-09 10:03:52 info: =================================
2023-02-09 10:04:23 info: =================================
2023-02-09 10:04:23 info: ======= ENV: PRODUCTION =======
2023-02-09 10:04:23 info: 🚀 App listening on the port 3000
2023-02-09 10:04:23 info: =================================
2023-02-09 10:11:29 info: =================================
2023-02-09 10:11:29 info: ======= ENV: PRODUCTION =======
2023-02-09 10:11:29 info: 🚀 App listening on the port 3000
2023-02-09 10:11:29 info: =================================
2023-02-09 10:20:30 info: =================================
2023-02-09 10:20:30 info: ======= ENV: production =======
2023-02-09 10:20:30 info: 🚀 App listening on the port 3000
2023-02-09 10:20:30 info: =================================
2023-02-09 10:20:48 info: =================================
2023-02-09 10:20:48 info: ======= ENV: production =======
2023-02-09 10:20:48 info: 🚀 App listening on the port 3000
2023-02-09 10:20:48 info: =================================
2023-02-09 10:21:26 info: =================================
2023-02-09 10:21:26 info: ======= ENV: production =======
2023-02-09 10:21:26 info: 🚀 App listening on the port 3000
2023-02-09 10:21:26 info: =================================
2023-02-09 10:47:05 info: =================================
2023-02-09 10:47:05 info: ======= ENV: development =======
2023-02-09 10:47:05 info: 🚀 App listening on the port 3000
2023-02-09 10:47:05 info: =================================
2023-02-09 10:47:12 info: [0mGET /users [32m200[0m 805.189 ms - -[0m
2023-02-09 12:08:00 info: =================================
2023-02-09 12:08:00 info: ======= ENV: development =======
2023-02-09 12:08:00 info: 🚀 App listening on the port 3000
2023-02-09 12:08:00 info: =================================
2023-02-09 12:10:00 info: =================================
2023-02-09 12:10:00 info: ======= ENV: development =======
2023-02-09 12:10:00 info: 🚀 App listening on the port 3000
2023-02-09 12:10:00 info: =================================
2023-02-09 12:10:03 info: =================================
2023-02-09 12:10:03 info: ======= ENV: development =======
2023-02-09 12:10:03 info: 🚀 App listening on the port 3000
2023-02-09 12:10:03 info: =================================
2023-02-09 12:10:09 error: [GET] /users >> StatusCode:: 404, Message:: Authentication token missing
2023-02-09 12:10:09 info: [0mGET /users [33m404[0m 14.735 ms - 42[0m
2023-02-09 12:10:39 info: [0mOPTIONS /users [32m204[0m 0.380 ms - 0[0m
2023-02-09 12:10:40 info: [0mGET /users [36m304[0m 1355.858 ms - -[0m
2023-02-09 12:12:03 info: =================================
2023-02-09 12:12:03 info: ======= ENV: development =======
2023-02-09 12:12:03 info: 🚀 App listening on the port 3000
2023-02-09 12:12:03 info: =================================
2023-02-09 12:12:10 info: =================================
2023-02-09 12:12:10 info: ======= ENV: development =======
2023-02-09 12:12:10 info: 🚀 App listening on the port 3000
2023-02-09 12:12:10 info: =================================
2023-02-09 12:12:33 info: =================================
2023-02-09 12:12:33 info: ======= ENV: development =======
2023-02-09 12:12:33 info: 🚀 App listening on the port 3000
2023-02-09 12:12:33 info: =================================
2023-02-09 12:12:41 info: =================================
2023-02-09 12:12:41 info: ======= ENV: development =======
2023-02-09 12:12:41 info: 🚀 App listening on the port 3000
2023-02-09 12:12:41 info: =================================
2023-02-09 12:12:51 info: =================================
2023-02-09 12:12:51 info: ======= ENV: development =======
2023-02-09 12:12:51 info: 🚀 App listening on the port 3000
2023-02-09 12:12:51 info: =================================
2023-02-09 12:13:04 info: =================================
2023-02-09 12:13:04 info: ======= ENV: development =======
2023-02-09 12:13:04 info: 🚀 App listening on the port 3000
2023-02-09 12:13:04 info: =================================
2023-02-09 12:13:09 info: =================================
2023-02-09 12:13:09 info: ======= ENV: development =======
2023-02-09 12:13:09 info: 🚀 App listening on the port 3000
2023-02-09 12:13:09 info: =================================
2023-02-09 12:14:10 info: =================================
2023-02-09 12:14:10 info: ======= ENV: development =======
2023-02-09 12:14:10 info: 🚀 App listening on the port 3000
2023-02-09 12:14:10 info: =================================
2023-02-09 12:14:16 info: =================================
2023-02-09 12:14:16 info: ======= ENV: development =======
2023-02-09 12:14:16 info: 🚀 App listening on the port 3000
2023-02-09 12:14:16 info: =================================
2023-02-09 12:14:47 info: =================================
2023-02-09 12:14:47 info: ======= ENV: development =======
2023-02-09 12:14:47 info: 🚀 App listening on the port 3000
2023-02-09 12:14:47 info: =================================
2023-02-09 12:15:50 info: [0mGET / [32m200[0m 13.700 ms - 2[0m
2023-02-09 12:15:55 error: [GET] /users >> StatusCode:: 404, Message:: Authentication token missing
2023-02-09 12:15:55 info: [0mGET /users [33m404[0m 3.212 ms - 42[0m
2023-02-09 12:16:28 error: [GET] /users >> StatusCode:: 404, Message:: Authentication token missing
2023-02-09 12:16:28 info: [0mGET /users [33m404[0m 1.984 ms - 42[0m
2023-02-09 12:17:04 error: [GET] /users >> StatusCode:: 404, Message:: Authentication token missing
2023-02-09 12:17:04 info: [0mGET /users [33m404[0m 1.606 ms - 42[0m
2023-02-09 12:18:45 info: =================================
2023-02-09 12:18:45 info: ======= ENV: development =======
2023-02-09 12:18:45 info: 🚀 App listening on the port 3000
2023-02-09 12:18:45 info: =================================
2023-02-09 12:20:07 error: [GET] /users >> StatusCode:: 404, Message:: Authentication token missing
2023-02-09 12:20:07 info: [0mGET /users [33m404[0m 17.687 ms - 42[0m
2023-02-09 12:20:52 info: =================================
2023-02-09 12:20:52 info: ======= ENV: development =======
2023-02-09 12:20:52 info: 🚀 App listening on the port 3000
2023-02-09 12:20:52 info: =================================
2023-02-09 12:24:39 info: [0mOPTIONS /users [32m204[0m 1.091 ms - 0[0m
2023-02-09 12:24:39 error: [GET] /users >> StatusCode:: 404, Message:: Authentication token missing
2023-02-09 12:24:39 info: [0mGET /users [33m404[0m 4.442 ms - 42[0m
2023-02-09 12:25:38 info: [0mOPTIONS /users [32m204[0m 0.180 ms - 0[0m
2023-02-09 12:25:38 error: [GET] /users >> StatusCode:: 404, Message:: Authentication token missing
2023-02-09 12:25:38 info: [0mGET /users [33m404[0m 1.993 ms - 42[0m
2023-02-09 12:26:10 info: [0mOPTIONS /users [32m204[0m 0.147 ms - 0[0m
2023-02-09 12:26:10 error: [GET] /users >> StatusCode:: 404, Message:: Authentication token missing
2023-02-09 12:26:10 info: [0mGET /users [33m404[0m 1.191 ms - 42[0m
2023-02-09 12:27:33 info: [0mOPTIONS /users [32m204[0m 0.121 ms - 0[0m
2023-02-09 12:27:33 error: [GET] /users >> StatusCode:: 404, Message:: Authentication token missing
2023-02-09 12:27:33 info: [0mGET /users [33m404[0m 0.972 ms - 42[0m
2023-02-09 12:28:08 info: [0mOPTIONS /users [32m204[0m 0.167 ms - 0[0m
2023-02-09 12:28:08 error: [GET] /users >> StatusCode:: 404, Message:: Authentication token missing
2023-02-09 12:28:08 info: [0mGET /users [33m404[0m 0.960 ms - 42[0m
2023-02-09 12:28:29 info: =================================
2023-02-09 12:28:29 info: ======= ENV: development =======
2023-02-09 12:28:29 info: 🚀 App listening on the port 3000
2023-02-09 12:28:29 info: =================================
2023-02-09 12:28:31 info: [0mOPTIONS /users [32m204[0m 1.608 ms - 0[0m
2023-02-09 12:28:32 info: [0mGET /users [32m200[0m 643.961 ms - -[0m
2023-02-09 12:28:37 info: =================================
2023-02-09 12:28:37 info: ======= ENV: development =======
2023-02-09 12:28:37 info: 🚀 App listening on the port 3000
2023-02-09 12:28:37 info: =================================
2023-02-09 12:28:41 info: [0mOPTIONS /users [32m204[0m 1.295 ms - 0[0m
2023-02-09 12:28:41 error: [GET] /users >> StatusCode:: 404, Message:: Authentication token missing
2023-02-09 12:28:41 info: [0mGET /users [33m404[0m 5.189 ms - 42[0m
2023-02-09 12:29:14 info: =================================
2023-02-09 12:29:14 info: ======= ENV: development =======
2023-02-09 12:29:14 info: 🚀 App listening on the port 3000
2023-02-09 12:29:14 info: =================================
2023-02-09 12:29:25 info: =================================
2023-02-09 12:29:25 info: ======= ENV: development =======
2023-02-09 12:29:25 info: 🚀 App listening on the port 3000
2023-02-09 12:29:25 info: =================================
2023-02-09 12:29:30 info: [0mOPTIONS /users [32m204[0m 1.256 ms - 0[0m
2023-02-09 12:29:30 error: [GET] /users >> StatusCode:: 404, Message:: Authentication token missing
2023-02-09 12:29:30 info: [0mGET /users [33m404[0m 5.349 ms - 42[0m
2023-02-09 12:29:58 info: =================================
2023-02-09 12:29:58 info: ======= ENV: development =======
2023-02-09 12:29:58 info: 🚀 App listening on the port 3000
2023-02-09 12:29:58 info: =================================
2023-02-09 12:29:59 info: [0mOPTIONS /users [32m204[0m 1.212 ms - 0[0m
2023-02-09 12:29:59 error: [GET] /users >> StatusCode:: 404, Message:: Authentication token missing
2023-02-09 12:30:00 info: [0mGET /users [33m404[0m 5.077 ms - 42[0m
2023-02-09 12:30:53 info: [0mOPTIONS /users [32m204[0m 0.178 ms - 0[0m
2023-02-09 12:30:54 info: [0mGET /users [32m200[0m 1004.128 ms - -[0m
2023-02-09 12:31:08 info: [0mOPTIONS /users [32m204[0m 0.125 ms - 0[0m
2023-02-09 12:31:08 info: [0mGET /users [36m304[0m 696.557 ms - -[0m
2023-02-09 12:32:05 info: =================================
2023-02-09 12:32:05 info: ======= ENV: development =======
2023-02-09 12:32:05 info: 🚀 App listening on the port 3000
2023-02-09 12:32:05 info: =================================
2023-02-09 12:32:09 info: [0mOPTIONS /users [32m204[0m 1.149 ms - 0[0m
2023-02-09 12:32:22 info: [0mGET /users [0m-[0m - ms - -[0m
2023-02-09 12:32:23 info: [0mOPTIONS /users [32m204[0m 0.240 ms - 0[0m
2023-02-09 12:32:34 info: =================================
2023-02-09 12:32:34 info: ======= ENV: development =======
2023-02-09 12:32:34 info: 🚀 App listening on the port 3000
2023-02-09 12:32:34 info: =================================
2023-02-09 12:32:39 info: =================================
2023-02-09 12:32:39 info: ======= ENV: development =======
2023-02-09 12:32:39 info: 🚀 App listening on the port 3000
2023-02-09 12:32:39 info: =================================
2023-02-09 12:32:42 info: [0mOPTIONS /users [32m204[0m 1.066 ms - 0[0m
2023-02-09 12:32:59 info: [0mGET /users [0m-[0m - ms - -[0m
2023-02-09 12:32:59 info: [0mOPTIONS /users [32m204[0m 0.225 ms - 0[0m
2023-02-09 12:33:26 info: =================================
2023-02-09 12:33:26 info: ======= ENV: development =======
2023-02-09 12:33:26 info: 🚀 App listening on the port 3000
2023-02-09 12:33:26 info: =================================
2023-02-09 12:33:27 info: [0mGET /users [0m-[0m - ms - -[0m
2023-02-09 12:33:27 info: [0mOPTIONS /users [32m204[0m 0.351 ms - 0[0m
2023-02-09 12:33:28 info: [0mGET /users [32m200[0m 639.635 ms - -[0m
2023-02-09 12:33:42 info: =================================
2023-02-09 12:33:42 info: ======= ENV: development =======
2023-02-09 12:33:42 info: 🚀 App listening on the port 3000
2023-02-09 12:33:42 info: =================================
2023-02-09 12:33:43 info: [0mOPTIONS /users [32m204[0m 1.367 ms - 0[0m
2023-02-09 12:33:45 info: [0mGET /users [36m304[0m 1089.756 ms - -[0m
2023-02-09 12:34:05 info: =================================
2023-02-09 12:34:05 info: ======= ENV: development =======
2023-02-09 12:34:05 info: 🚀 App listening on the port 3000
2023-02-09 12:34:05 info: =================================
2023-02-09 12:34:08 info: [0mOPTIONS /users [32m204[0m 1.045 ms - 0[0m
2023-02-09 12:34:09 info: [0mGET /users [36m304[0m 933.724 ms - -[0m
2023-02-09 12:34:21 info: =================================
2023-02-09 12:34:21 info: ======= ENV: development =======
2023-02-09 12:34:21 info: 🚀 App listening on the port 3000
2023-02-09 12:34:21 info: =================================
2023-02-09 12:34:23 info: [0mOPTIONS /users [32m204[0m 1.085 ms - 0[0m
2023-02-09 12:34:24 info: [0mGET /users [36m304[0m 995.477 ms - -[0m
2023-02-09 12:34:43 info: =================================
2023-02-09 12:34:43 info: ======= ENV: development =======
2023-02-09 12:34:43 info: 🚀 App listening on the port 3000
2023-02-09 12:34:43 info: =================================
