2023-01-25 09:28:47 info: =================================
2023-01-25 09:28:47 info: ======= ENV: development =======
2023-01-25 09:28:47 info: 🚀 App listening on the port 3000
2023-01-25 09:28:47 info: =================================
2023-01-25 09:28:59 info: [0mGET /assets/fonts/inter/inter.css [33m404[0m 5.221 ms - 167[0m
2023-01-25 09:28:59 info: [0mGET /assets/fonts/meteocons/style.css [33m404[0m 1.173 ms - 171[0m
2023-01-25 09:28:59 info: [0mGET /static/js/bundle.js [33m404[0m 0.753 ms - 158[0m
2023-01-25 09:28:59 info: [0mGET /assets/images/logo/logo.svg [33m404[0m 0.618 ms - 166[0m
2023-01-25 09:28:59 info: [0mGET /favicon.ico [33m404[0m 0.615 ms - 150[0m
2023-01-25 09:28:59 info: [0mGET /favicon.ico [33m404[0m 0.537 ms - 150[0m
2023-01-25 09:29:08 info: [0mGET /clients [33m404[0m 0.413 ms - 146[0m
2023-01-25 09:29:57 info: [0mOPTIONS /users [32m204[0m 0.258 ms - 0[0m
2023-01-25 09:29:58 info: [0mGET /users [32m200[0m 348.743 ms - -[0m
2023-01-25 09:30:21 info: [0mOPTIONS /users [32m204[0m 0.298 ms - 0[0m
2023-01-25 09:30:22 info: [0mGET /users [36m304[0m 223.507 ms - -[0m
2023-01-25 09:30:58 info: [0mOPTIONS /users [32m204[0m 0.141 ms - 0[0m
2023-01-25 09:30:58 info: [0mGET /users [36m304[0m 367.662 ms - -[0m
2023-01-25 09:38:51 info: =================================
2023-01-25 09:38:51 info: ======= ENV: development =======
2023-01-25 09:38:51 info: 🚀 App listening on the port 3000
2023-01-25 09:38:51 info: =================================
2023-01-25 09:40:35 info: =================================
2023-01-25 09:40:35 info: ======= ENV: development =======
2023-01-25 09:40:35 info: 🚀 App listening on the port 3000
2023-01-25 09:40:35 info: =================================
2023-01-25 09:48:18 info: =================================
2023-01-25 09:48:18 info: ======= ENV: development =======
2023-01-25 09:48:18 info: 🚀 App listening on the port 3000
2023-01-25 09:48:18 info: =================================
2023-01-25 09:49:02 info: =================================
2023-01-25 09:49:02 info: ======= ENV: development =======
2023-01-25 09:49:02 info: 🚀 App listening on the port 3000
2023-01-25 09:49:02 info: =================================
2023-01-25 09:49:13 info: [0mGET /users/subscriptions/cst_L6kaSYk5Cm [32m200[0m 344.211 ms - 49[0m
2023-01-25 09:51:21 info: =================================
2023-01-25 09:51:21 info: ======= ENV: development =======
2023-01-25 09:51:21 info: 🚀 App listening on the port 3000
2023-01-25 09:51:21 info: =================================
2023-01-25 09:51:27 info: =================================
2023-01-25 09:51:27 info: ======= ENV: development =======
2023-01-25 09:51:27 info: 🚀 App listening on the port 3000
2023-01-25 09:51:27 info: =================================
2023-01-25 09:51:31 info: [0mGET /users/subscriptions/cst_L6kaSYk5Cm [32m200[0m 240.952 ms - 49[0m
2023-01-25 09:51:38 info: =================================
2023-01-25 09:51:38 info: ======= ENV: development =======
2023-01-25 09:51:38 info: 🚀 App listening on the port 3000
2023-01-25 09:51:38 info: =================================
2023-01-25 09:51:46 info: =================================
2023-01-25 09:51:46 info: ======= ENV: development =======
2023-01-25 09:51:46 info: 🚀 App listening on the port 3000
2023-01-25 09:51:46 info: =================================
2023-01-25 09:51:50 info: =================================
2023-01-25 09:51:50 info: ======= ENV: development =======
2023-01-25 09:51:50 info: 🚀 App listening on the port 3000
2023-01-25 09:51:50 info: =================================
2023-01-25 09:51:54 info: [0mGET /users/subscriptions/cst_L6kaSYk5Cm [32m200[0m 242.260 ms - 49[0m
2023-01-25 09:53:28 info: =================================
2023-01-25 09:53:28 info: ======= ENV: development =======
2023-01-25 09:53:28 info: 🚀 App listening on the port 3000
2023-01-25 09:53:28 info: =================================
2023-01-25 09:53:31 info: [0mGET /users/subscriptions/cst_L6kaSYk5Cm [32m200[0m 232.608 ms - 49[0m
2023-01-25 09:53:58 info: =================================
2023-01-25 09:53:58 info: ======= ENV: development =======
2023-01-25 09:53:58 info: 🚀 App listening on the port 3000
2023-01-25 09:53:58 info: =================================
2023-01-25 09:53:59 info: [0mGET /users/subscriptions/cst_L6kaSYk5Cm [32m200[0m 244.628 ms - 49[0m
2023-01-25 09:54:33 info: =================================
2023-01-25 09:54:33 info: ======= ENV: development =======
2023-01-25 09:54:33 info: 🚀 App listening on the port 3000
2023-01-25 09:54:33 info: =================================
2023-01-25 09:54:35 info: =================================
2023-01-25 09:54:35 info: ======= ENV: development =======
2023-01-25 09:54:35 info: 🚀 App listening on the port 3000
2023-01-25 09:54:35 info: =================================
2023-01-25 09:54:40 info: [0mGET /users/subscriptions/cst_L6kaSYk5Cm [32m200[0m 246.559 ms - 49[0m
2023-01-25 09:55:00 info: =================================
2023-01-25 09:55:00 info: ======= ENV: development =======
2023-01-25 09:55:00 info: 🚀 App listening on the port 3000
2023-01-25 09:55:00 info: =================================
2023-01-25 09:55:02 info: [0mGET /users/subscriptions/cst_L6kaSYk5Cm [32m200[0m 610.518 ms - 49[0m
2023-01-25 09:55:41 info: =================================
2023-01-25 09:55:41 info: ======= ENV: development =======
2023-01-25 09:55:41 info: 🚀 App listening on the port 3000
2023-01-25 09:55:41 info: =================================
2023-01-25 09:55:42 info: [0mGET /users/subscriptions/cst_L6kaSYk5Cm [32m200[0m 262.172 ms - 49[0m
2023-01-25 09:57:18 info: [0mGET /users/subscriptions/cst_ACSZyWyV8R [32m200[0m 219.542 ms - -[0m
2023-01-25 10:02:36 info: [0mGET /users/ [32m200[0m 207.853 ms - -[0m
2023-01-25 10:02:44 info: [0mGET /users/subscriptions/cst_ACSZyWyV8R [32m200[0m 228.360 ms - -[0m
2023-01-25 10:15:56 info: [0mOPTIONS /users [32m204[0m 0.326 ms - 0[0m
2023-01-25 10:15:56 info: [0mGET /users [36m304[0m 236.603 ms - -[0m
2023-01-25 10:25:35 info: =================================
2023-01-25 10:25:35 info: ======= ENV: development =======
2023-01-25 10:25:35 info: 🚀 App listening on the port 3000
2023-01-25 10:25:35 info: =================================
2023-01-25 10:25:42 info: [0mGET /users/subscriptions/cst_ACSZyWyV8R [32m200[0m 429.141 ms - -[0m
2023-01-25 10:25:52 info: =================================
2023-01-25 10:25:52 info: ======= ENV: development =======
2023-01-25 10:25:52 info: 🚀 App listening on the port 3000
2023-01-25 10:25:52 info: =================================
2023-01-25 10:25:55 info: [0mGET /users/subscriptions/cst_ACSZyWyV8R [32m200[0m 479.448 ms - -[0m
2023-01-25 10:26:47 info: =================================
2023-01-25 10:26:47 info: ======= ENV: development =======
2023-01-25 10:26:47 info: 🚀 App listening on the port 3000
2023-01-25 10:26:47 info: =================================
2023-01-25 10:27:00 info: [0mGET /users/subscriptions/cst_ACSZyWyV8R [32m200[0m 251.042 ms - -[0m
2023-01-25 10:27:24 info: =================================
2023-01-25 10:27:24 info: ======= ENV: development =======
2023-01-25 10:27:24 info: 🚀 App listening on the port 3000
2023-01-25 10:27:24 info: =================================
2023-01-25 10:27:27 info: [0mGET /users/subscriptions/cst_ACSZyWyV8R [32m200[0m 508.958 ms - -[0m
2023-01-25 10:32:16 info: [0mGET /users/subscriptions/cst_ACSZyWyV8R [32m200[0m 449.494 ms - -[0m
2023-01-25 10:33:00 info: =================================
2023-01-25 10:33:00 info: ======= ENV: development =======
2023-01-25 10:33:00 info: 🚀 App listening on the port 3000
2023-01-25 10:33:00 info: =================================
2023-01-25 10:33:00 info: [0mGET /users/subscriptions/cst_ACSZyWyV8R [32m200[0m 247.190 ms - 30[0m
2023-01-25 10:33:18 info: =================================
2023-01-25 10:33:18 info: ======= ENV: development =======
2023-01-25 10:33:18 info: 🚀 App listening on the port 3000
2023-01-25 10:33:18 info: =================================
2023-01-25 10:33:19 info: [0mGET /users/subscriptions/cst_ACSZyWyV8R [32m200[0m 251.914 ms - -[0m
2023-01-25 10:35:39 info: [0mGET /users/subscriptions/cst_ACSZyWyV8R [32m200[0m 224.099 ms - -[0m
2023-01-25 10:36:27 info: =================================
2023-01-25 10:36:27 info: ======= ENV: development =======
2023-01-25 10:36:27 info: 🚀 App listening on the port 3000
2023-01-25 10:36:27 info: =================================
2023-01-25 10:36:28 info: [0mGET /users/subscriptions/cst_ACSZyWyV8R [32m200[0m 250.754 ms - -[0m
2023-01-25 10:36:53 info: =================================
2023-01-25 10:36:53 info: ======= ENV: development =======
2023-01-25 10:36:53 info: 🚀 App listening on the port 3000
2023-01-25 10:36:53 info: =================================
2023-01-25 10:37:02 info: [0mGET /users [32m200[0m 263.180 ms - -[0m
2023-01-25 10:38:32 info: [0mGET /users/subscriptions/cst_ACSZyWyV8R [32m200[0m 218.894 ms - -[0m
2023-01-25 10:39:13 info: =================================
2023-01-25 10:39:13 info: ======= ENV: development =======
2023-01-25 10:39:13 info: 🚀 App listening on the port 3000
2023-01-25 10:39:13 info: =================================
2023-01-25 10:39:17 info: [0mGET /users/subscriptions/cst_ACSZyWyV8R [32m200[0m 238.435 ms - -[0m
2023-01-25 10:51:00 error: [GET] /users/subscriptions >> StatusCode:: 500, Message:: The customer id is invalid
2023-01-25 10:51:00 info: [0mGET /users/subscriptions [31m500[0m 3.678 ms - 40[0m
2023-01-25 10:56:13 error: [GET] /users/subscriptions >> StatusCode:: 500, Message:: The customer id is invalid
2023-01-25 10:56:13 info: [0mGET /users/subscriptions [31m500[0m 1.753 ms - 40[0m
2023-01-25 10:57:22 info: =================================
2023-01-25 10:57:22 info: ======= ENV: development =======
2023-01-25 10:57:22 info: 🚀 App listening on the port 3000
2023-01-25 10:57:22 info: =================================
2023-01-25 10:57:33 info: =================================
2023-01-25 10:57:33 info: ======= ENV: development =======
2023-01-25 10:57:33 info: 🚀 App listening on the port 3000
2023-01-25 10:57:33 info: =================================
2023-01-25 10:57:33 error: [GET] /users/subscriptions >> StatusCode:: 500, Message:: The customer id is invalid
2023-01-25 10:57:33 info: [0mGET /users/subscriptions [31m500[0m 7.068 ms - 40[0m
2023-01-25 10:59:34 info: =================================
2023-01-25 10:59:34 info: ======= ENV: development =======
2023-01-25 10:59:34 info: 🚀 App listening on the port 3000
2023-01-25 10:59:34 info: =================================
2023-01-25 10:59:38 info: =================================
2023-01-25 10:59:38 info: ======= ENV: development =======
2023-01-25 10:59:38 info: 🚀 App listening on the port 3000
2023-01-25 10:59:38 info: =================================
2023-01-25 10:59:40 error: [GET] /users/subscriptions >> StatusCode:: 500, Message:: The customer id is invalid
2023-01-25 10:59:40 info: [0mGET /users/subscriptions [31m500[0m 7.252 ms - 40[0m
2023-01-25 11:00:59 error: [GET] /users/subscriptions >> StatusCode:: 500, Message:: The customer id is invalid
2023-01-25 11:00:59 info: [0mGET /users/subscriptions [31m500[0m 2.622 ms - 40[0m
2023-01-25 11:05:28 error: [GET] /users/subscriptions >> StatusCode:: 500, Message:: The customer id is invalid
2023-01-25 11:05:28 info: [0mGET /users/subscriptions [31m500[0m 1.547 ms - 40[0m
2023-01-25 11:06:04 info: =================================
2023-01-25 11:06:04 info: ======= ENV: development =======
2023-01-25 11:06:04 info: 🚀 App listening on the port 3000
2023-01-25 11:06:04 info: =================================
2023-01-25 11:06:05 error: [GET] /users/subscriptions >> StatusCode:: 500, Message:: The customer id is invalid
2023-01-25 11:06:05 info: [0mGET /users/subscriptions [31m500[0m 7.177 ms - 40[0m
2023-01-25 11:06:33 info: =================================
2023-01-25 11:06:33 info: ======= ENV: development =======
2023-01-25 11:06:33 info: 🚀 App listening on the port 3000
2023-01-25 11:06:33 info: =================================
2023-01-25 11:06:34 error: [GET] /users/subscriptions >> StatusCode:: 500, Message:: The customer id is invalid
2023-01-25 11:06:34 info: [0mGET /users/subscriptions [31m500[0m 7.691 ms - 40[0m
2023-01-25 11:06:55 info: =================================
2023-01-25 11:06:55 info: ======= ENV: development =======
2023-01-25 11:06:55 info: 🚀 App listening on the port 3000
2023-01-25 11:06:55 info: =================================
2023-01-25 11:06:56 error: [GET] /users/subscriptions >> StatusCode:: 500, Message:: The customer id is invalid
2023-01-25 11:06:56 info: [0mGET /users/subscriptions [31m500[0m 6.821 ms - 40[0m
2023-01-25 11:07:01 error: [GET] /users/subscriptions >> StatusCode:: 500, Message:: The customer id is invalid
2023-01-25 11:07:01 info: [0mGET /users/subscriptions [31m500[0m 2.301 ms - 40[0m
2023-01-25 11:07:57 info: =================================
2023-01-25 11:07:57 info: ======= ENV: development =======
2023-01-25 11:07:57 info: 🚀 App listening on the port 3000
2023-01-25 11:07:57 info: =================================
2023-01-25 11:07:59 error: [GET] /users/subscriptions >> StatusCode:: 500, Message:: The customer id is invalid
2023-01-25 11:07:59 info: [0mGET /users/subscriptions [31m500[0m 7.485 ms - 40[0m
2023-01-25 11:08:18 error: [GET] /users/subscriptions >> StatusCode:: 500, Message:: The customer id is invalid
2023-01-25 11:08:18 info: [0mGET /users/subscriptions [31m500[0m 2.478 ms - 40[0m
2023-01-25 11:09:45 info: =================================
2023-01-25 11:09:45 info: ======= ENV: development =======
2023-01-25 11:09:45 info: 🚀 App listening on the port 3000
2023-01-25 11:09:45 info: =================================
2023-01-25 11:09:50 info: [0mOPTIONS /users [32m204[0m 1.609 ms - 0[0m
2023-01-25 11:09:50 info: [0mGET /users [32m200[0m 466.092 ms - -[0m
2023-01-25 11:10:40 info: =================================
2023-01-25 11:10:40 info: ======= ENV: development =======
2023-01-25 11:10:40 info: 🚀 App listening on the port 3000
2023-01-25 11:10:40 info: =================================
2023-01-25 11:11:12 info: =================================
2023-01-25 11:11:12 info: ======= ENV: development =======
2023-01-25 11:11:12 info: 🚀 App listening on the port 3000
2023-01-25 11:11:12 info: =================================
2023-01-25 11:11:21 error: [GET] /users/subscriptions >> StatusCode:: 500, Message:: The customer id is invalid
2023-01-25 11:11:21 info: [0mGET /users/subscriptions [31m500[0m 7.566 ms - 40[0m
2023-01-25 11:12:35 info: =================================
2023-01-25 11:12:35 info: ======= ENV: development =======
2023-01-25 11:12:35 info: 🚀 App listening on the port 3000
2023-01-25 11:12:35 info: =================================
2023-01-25 11:12:36 error: [GET] /users/subscriptions >> StatusCode:: 500, Message:: The customer id is invalid
2023-01-25 11:12:36 info: [0mGET /users/subscriptions [31m500[0m 6.872 ms - 40[0m
2023-01-25 11:12:41 info: [0mGET /users/ [32m200[0m 240.137 ms - -[0m
2023-01-25 11:12:46 error: [GET] /users/subscriptions >> StatusCode:: 500, Message:: The customer id is invalid
2023-01-25 11:12:46 info: [0mGET /users/subscriptions [31m500[0m 3.081 ms - 40[0m
2023-01-25 11:13:01 info: =================================
2023-01-25 11:13:01 info: ======= ENV: development =======
2023-01-25 11:13:01 info: 🚀 App listening on the port 3000
2023-01-25 11:13:01 info: =================================
2023-01-25 11:13:02 error: [GET] /users/subscriptions >> StatusCode:: 500, Message:: The customer id is invalid
2023-01-25 11:13:02 info: [0mGET /users/subscriptions [31m500[0m 7.292 ms - 40[0m
2023-01-25 11:13:23 info: =================================
2023-01-25 11:13:23 info: ======= ENV: development =======
2023-01-25 11:13:23 info: 🚀 App listening on the port 3000
2023-01-25 11:13:23 info: =================================
2023-01-25 11:13:23 error: [GET] /users/subscriptions >> StatusCode:: 500, Message:: The customer id is invalid
2023-01-25 11:13:23 info: [0mGET /users/subscriptions [31m500[0m 7.412 ms - 40[0m
2023-01-25 11:13:26 error: [GET] /users/subscriptions >> StatusCode:: 500, Message:: The customer id is invalid
2023-01-25 11:13:26 info: [0mGET /users/subscriptions [31m500[0m 2.349 ms - 40[0m
2023-01-25 11:14:25 info: =================================
2023-01-25 11:14:25 info: ======= ENV: development =======
2023-01-25 11:14:25 info: 🚀 App listening on the port 3000
2023-01-25 11:14:25 info: =================================
2023-01-25 11:15:26 info: =================================
2023-01-25 11:15:26 info: ======= ENV: development =======
2023-01-25 11:15:26 info: 🚀 App listening on the port 3000
2023-01-25 11:15:26 info: =================================
2023-01-25 11:15:27 error: [GET] /users/subscriptions >> StatusCode:: 500, Message:: The customer id is invalid
2023-01-25 11:15:27 info: [0mGET /users/subscriptions [31m500[0m 7.027 ms - 40[0m
2023-01-25 11:15:47 info: =================================
2023-01-25 11:15:47 info: ======= ENV: development =======
2023-01-25 11:15:47 info: 🚀 App listening on the port 3000
2023-01-25 11:15:47 info: =================================
2023-01-25 11:15:47 error: [GET] /users/subscriptions >> StatusCode:: 500, Message:: The customer id is invalid
2023-01-25 11:15:47 info: [0mGET /users/subscriptions [31m500[0m 6.831 ms - 40[0m
2023-01-25 11:16:24 info: =================================
2023-01-25 11:16:24 info: ======= ENV: development =======
2023-01-25 11:16:24 info: 🚀 App listening on the port 3000
2023-01-25 11:16:24 info: =================================
2023-01-25 11:16:25 error: [GET] /users/subscriptions >> StatusCode:: 500, Message:: The customer id is invalid
2023-01-25 11:16:25 info: [0mGET /users/subscriptions [31m500[0m 7.384 ms - 40[0m
2023-01-25 11:17:33 info: =================================
2023-01-25 11:17:33 info: ======= ENV: development =======
2023-01-25 11:17:33 info: 🚀 App listening on the port 3000
2023-01-25 11:17:33 info: =================================
2023-01-25 11:17:53 info: [0mGET /users [32m200[0m 262.199 ms - -[0m
2023-01-25 11:18:04 error: [GET] /users/subscriptions >> StatusCode:: 500, Message:: The customer id is invalid
2023-01-25 11:18:04 info: [0mGET /users/subscriptions [31m500[0m 3.444 ms - 40[0m
2023-01-25 11:18:25 info: =================================
2023-01-25 11:18:25 info: ======= ENV: development =======
2023-01-25 11:18:25 info: 🚀 App listening on the port 3000
2023-01-25 11:18:25 info: =================================
2023-01-25 11:18:26 error: [GET] /users/subscriptions >> StatusCode:: 500, Message:: The customer id is invalid
2023-01-25 11:18:26 info: [0mGET /users/subscriptions [31m500[0m 7.243 ms - 40[0m
2023-01-25 11:18:48 info: [0mGET /users/subscriptions/sdrfsdvgfd [33m404[0m 1.913 ms - 169[0m
2023-01-25 11:19:03 info: [0mGET /users/subscriptions/sdrfsdvgfd [33m404[0m 0.816 ms - 169[0m
2023-01-25 11:19:12 info: [0mGET /users/subscriptions/sdrfsdvgfd [33m404[0m 0.846 ms - 169[0m
2023-01-25 11:19:18 error: [GET] /users/subscriptions >> StatusCode:: 500, Message:: The customer id is invalid
2023-01-25 11:19:18 info: [0mGET /users/subscriptions [31m500[0m 1.852 ms - 40[0m
2023-01-25 11:19:41 error: [GET] /users/subscriptions >> StatusCode:: 500, Message:: The customer id is invalid
2023-01-25 11:19:41 info: [0mGET /users/subscriptions [31m500[0m 1.441 ms - 40[0m
2023-01-25 11:21:08 info: [0mGET /users/ [32m200[0m 245.622 ms - -[0m
2023-01-25 11:21:25 info: =================================
2023-01-25 11:21:25 info: ======= ENV: development =======
2023-01-25 11:21:25 info: 🚀 App listening on the port 3000
2023-01-25 11:21:25 info: =================================
2023-01-25 11:21:26 info: [0mGET /users/ [32m200[0m 251.384 ms - -[0m
2023-01-25 11:21:34 error: [GET] /users/subscriptions >> StatusCode:: 500, Message:: The customer id is invalid
2023-01-25 11:21:34 info: [0mGET /users/subscriptions [31m500[0m 3.922 ms - 40[0m
2023-01-25 11:21:41 info: =================================
2023-01-25 11:21:41 info: ======= ENV: development =======
2023-01-25 11:21:41 info: 🚀 App listening on the port 3000
2023-01-25 11:21:41 info: =================================
2023-01-25 11:21:41 error: [GET] /users/subscriptions >> StatusCode:: 500, Message:: The customer id is invalid
2023-01-25 11:21:41 info: [0mGET /users/subscriptions [31m500[0m 7.457 ms - 40[0m
2023-01-25 11:21:47 info: =================================
2023-01-25 11:21:47 info: ======= ENV: development =======
2023-01-25 11:21:47 info: 🚀 App listening on the port 3000
2023-01-25 11:21:47 info: =================================
2023-01-25 11:22:29 info: =================================
2023-01-25 11:22:29 info: ======= ENV: development =======
2023-01-25 11:22:29 info: 🚀 App listening on the port 3000
2023-01-25 11:22:29 info: =================================
2023-01-25 11:22:35 error: [GET] /users/subscriptions >> StatusCode:: 500, Message:: The customer id is invalid
2023-01-25 11:22:35 info: [0mGET /users/subscriptions [31m500[0m 7.765 ms - 40[0m
2023-01-25 11:23:49 info: =================================
2023-01-25 11:23:49 info: ======= ENV: development =======
2023-01-25 11:23:49 info: 🚀 App listening on the port 3000
2023-01-25 11:23:49 info: =================================
2023-01-25 11:23:49 error: [GET] /users/subscriptions >> StatusCode:: 500, Message:: The customer id is invalid
2023-01-25 11:23:49 info: [0mGET /users/subscriptions [31m500[0m 7.428 ms - 40[0m
2023-01-25 11:24:03 info: =================================
2023-01-25 11:24:03 info: ======= ENV: development =======
2023-01-25 11:24:03 info: 🚀 App listening on the port 3000
2023-01-25 11:24:03 info: =================================
2023-01-25 11:24:03 error: [GET] /users/subscriptions >> StatusCode:: 500, Message:: The customer id is invalid
2023-01-25 11:24:03 info: [0mGET /users/subscriptions [31m500[0m 7.965 ms - 40[0m
2023-01-25 11:24:11 info: =================================
2023-01-25 11:24:11 info: ======= ENV: development =======
2023-01-25 11:24:11 info: 🚀 App listening on the port 3000
2023-01-25 11:24:11 info: =================================
2023-01-25 11:24:24 info: =================================
2023-01-25 11:24:24 info: ======= ENV: development =======
2023-01-25 11:24:24 info: 🚀 App listening on the port 3000
2023-01-25 11:24:24 info: =================================
2023-01-25 11:24:32 info: =================================
2023-01-25 11:24:32 info: ======= ENV: development =======
2023-01-25 11:24:32 info: 🚀 App listening on the port 3000
2023-01-25 11:24:32 info: =================================
2023-01-25 11:24:33 error: [GET] /users/subscriptions >> StatusCode:: 500, Message:: The customer id is invalid
2023-01-25 11:24:33 info: [0mGET /users/subscriptions [31m500[0m 6.902 ms - 40[0m
2023-01-25 11:28:52 error: [GET] /users/subscriptions >> StatusCode:: 500, Message:: The customer id is invalid
2023-01-25 11:28:52 info: [0mGET /users/subscriptions [31m500[0m 2.844 ms - 40[0m
2023-01-25 11:29:24 info: =================================
2023-01-25 11:29:24 info: ======= ENV: development =======
2023-01-25 11:29:24 info: 🚀 App listening on the port 3000
2023-01-25 11:29:24 info: =================================
2023-01-25 11:29:25 error: [GET] /users/subscriptions >> StatusCode:: 500, Message:: The customer id is invalid
2023-01-25 11:29:25 info: [0mGET /users/subscriptions [31m500[0m 6.999 ms - 40[0m
2023-01-25 11:29:56 info: =================================
2023-01-25 11:29:56 info: ======= ENV: development =======
2023-01-25 11:29:56 info: 🚀 App listening on the port 3000
2023-01-25 11:29:56 info: =================================
2023-01-25 11:30:00 error: [GET] /users/subscriptions >> StatusCode:: 500, Message:: The customer id is invalid
2023-01-25 11:30:00 info: [0mGET /users/subscriptions [31m500[0m 7.232 ms - 40[0m
2023-01-25 11:30:08 info: =================================
2023-01-25 11:30:08 info: ======= ENV: development =======
2023-01-25 11:30:08 info: 🚀 App listening on the port 3000
2023-01-25 11:30:08 info: =================================
2023-01-25 11:30:10 info: =================================
2023-01-25 11:30:10 info: ======= ENV: development =======
2023-01-25 11:30:10 info: 🚀 App listening on the port 3000
2023-01-25 11:30:10 info: =================================
2023-01-25 11:30:11 error: [GET] /users/subscription >> StatusCode:: 500, Message:: The customer id is invalid
2023-01-25 11:30:11 info: [0mGET /users/subscription [31m500[0m 6.961 ms - 40[0m
2023-01-25 11:30:13 error: [GET] /users/subscriptionnn >> StatusCode:: 500, Message:: The customer id is invalid
2023-01-25 11:30:13 info: [0mGET /users/subscriptionnn [31m500[0m 2.019 ms - 40[0m
2023-01-25 11:30:14 error: [GET] /users/subscriptionnn >> StatusCode:: 500, Message:: The customer id is invalid
2023-01-25 11:30:14 info: [0mGET /users/subscriptionnn [31m500[0m 1.582 ms - 40[0m
2023-01-25 11:30:19 error: [GET] /users/subscription >> StatusCode:: 500, Message:: The customer id is invalid
2023-01-25 11:30:19 info: [0mGET /users/subscription [31m500[0m 1.319 ms - 40[0m
2023-01-25 11:30:22 error: [GET] /users/subscriptions >> StatusCode:: 500, Message:: The customer id is invalid
2023-01-25 11:30:22 info: [0mGET /users/subscriptions [31m500[0m 1.538 ms - 40[0m
2023-01-25 11:30:32 error: [GET] /users/subscription >> StatusCode:: 500, Message:: The customer id is invalid
2023-01-25 11:30:32 info: [0mGET /users/subscription [31m500[0m 1.478 ms - 40[0m
2023-01-25 11:31:04 info: =================================
2023-01-25 11:31:04 info: ======= ENV: development =======
2023-01-25 11:31:04 info: 🚀 App listening on the port 3000
2023-01-25 11:31:04 info: =================================
2023-01-25 11:31:11 error: [GET] /users/getSubscription >> StatusCode:: 500, Message:: The customer id is invalid
2023-01-25 11:31:11 info: [0mGET /users/getSubscription [31m500[0m 7.157 ms - 40[0m
2023-01-25 11:31:18 error: [GET] /users/gfbgfbgf >> StatusCode:: 500, Message:: The customer id is invalid
2023-01-25 11:31:18 info: [0mGET /users/gfbgfbgf [31m500[0m 2.596 ms - 40[0m
2023-01-25 11:31:20 error: [GET] /users/gfbgfbgf >> StatusCode:: 500, Message:: The customer id is invalid
2023-01-25 11:31:20 info: [0mGET /users/gfbgfbgf [31m500[0m 2.160 ms - 40[0m
2023-01-25 11:31:27 info: [0mGET /users/ [32m200[0m 316.194 ms - -[0m
2023-01-25 11:31:32 error: [GET] /users/rtfhg >> StatusCode:: 500, Message:: The customer id is invalid
2023-01-25 11:31:32 info: [0mGET /users/rtfhg [31m500[0m 1.842 ms - 40[0m
2023-01-25 11:31:59 info: =================================
2023-01-25 11:31:59 info: ======= ENV: development =======
2023-01-25 11:31:59 info: 🚀 App listening on the port 3000
2023-01-25 11:31:59 info: =================================
2023-01-25 11:32:04 error: [GET] /users/subs >> StatusCode:: 500, Message:: The customer id is invalid
2023-01-25 11:32:04 info: [0mGET /users/subs [31m500[0m 7.146 ms - 40[0m
2023-01-25 11:32:51 info: =================================
2023-01-25 11:32:51 info: ======= ENV: development =======
2023-01-25 11:32:51 info: 🚀 App listening on the port 3000
2023-01-25 11:32:51 info: =================================
2023-01-25 11:33:17 info: =================================
2023-01-25 11:33:17 info: ======= ENV: development =======
2023-01-25 11:33:17 info: 🚀 App listening on the port 3000
2023-01-25 11:33:17 info: =================================
2023-01-25 11:33:27 error: [GET] /users/subs >> StatusCode:: 500, Message:: The customer id is invalid
2023-01-25 11:33:27 info: [0mGET /users/subs [31m500[0m 7.158 ms - 40[0m
2023-01-25 11:33:44 info: [0mGET /users/subs/cst_L6kaSYk5Cm [33m404[0m 2.446 ms - 164[0m
2023-01-25 11:33:48 info: [0mGET /users/subs/cst_L6kaSYk5Cm [33m404[0m 1.000 ms - 164[0m
2023-01-25 11:33:57 info: =================================
2023-01-25 11:33:57 info: ======= ENV: development =======
2023-01-25 11:33:57 info: 🚀 App listening on the port 3000
2023-01-25 11:33:57 info: =================================
2023-01-25 11:34:02 info: =================================
2023-01-25 11:34:02 info: ======= ENV: development =======
2023-01-25 11:34:02 info: 🚀 App listening on the port 3000
2023-01-25 11:34:02 info: =================================
2023-01-25 11:34:03 info: [0mGET /users/subs/cst_L6kaSYk5Cm [32m200[0m 238.863 ms - 912[0m
2023-01-25 11:34:10 error: [GET] /users/subs/ >> StatusCode:: 500, Message:: The customer id is invalid
2023-01-25 11:34:10 info: [0mGET /users/subs/ [31m500[0m 3.246 ms - 40[0m
2023-01-25 11:34:28 error: [GET] /users/subs >> StatusCode:: 500, Message:: The customer id is invalid
2023-01-25 11:34:28 info: [0mGET /users/subs [31m500[0m 1.986 ms - 40[0m
2023-01-25 11:34:33 info: [0mGET /users/subs/cst_L6kaSYk5Cm [32m200[0m 228.967 ms - 912[0m
2023-01-25 11:34:41 info: =================================
2023-01-25 11:34:41 info: ======= ENV: development =======
2023-01-25 11:34:41 info: 🚀 App listening on the port 3000
2023-01-25 11:34:41 info: =================================
2023-01-25 11:34:42 info: [0mGET /users/subs/cst_L6kaSYk5Cm [33m404[0m 3.814 ms - 164[0m
2023-01-25 11:34:48 info: =================================
2023-01-25 11:34:48 info: ======= ENV: development =======
2023-01-25 11:34:48 info: 🚀 App listening on the port 3000
2023-01-25 11:34:48 info: =================================
2023-01-25 11:35:08 info: =================================
2023-01-25 11:35:08 info: ======= ENV: development =======
2023-01-25 11:35:08 info: 🚀 App listening on the port 3000
2023-01-25 11:35:08 info: =================================
2023-01-25 11:35:11 info: =================================
2023-01-25 11:35:11 info: ======= ENV: development =======
2023-01-25 11:35:11 info: 🚀 App listening on the port 3000
2023-01-25 11:35:11 info: =================================
2023-01-25 11:35:11 info: [0mGET /users/subs/cst_L6kaSYk5Cm [32m200[0m 342.722 ms - -[0m
2023-01-25 11:35:20 error: [GET] /users/subs/ >> StatusCode:: 500, Message:: The customer id is invalid
2023-01-25 11:35:20 info: [0mGET /users/subs/ [31m500[0m 4.085 ms - 40[0m
2023-01-25 11:35:30 info: =================================
2023-01-25 11:35:30 info: ======= ENV: development =======
2023-01-25 11:35:30 info: 🚀 App listening on the port 3000
2023-01-25 11:35:30 info: =================================
2023-01-25 11:35:35 info: =================================
2023-01-25 11:35:35 info: ======= ENV: development =======
2023-01-25 11:35:35 info: 🚀 App listening on the port 3000
2023-01-25 11:35:35 info: =================================
2023-01-25 11:35:53 info: =================================
2023-01-25 11:35:53 info: ======= ENV: development =======
2023-01-25 11:35:53 info: 🚀 App listening on the port 3000
2023-01-25 11:35:53 info: =================================
2023-01-25 11:35:53 error: [GET] /users/subs/ >> StatusCode:: 500, Message:: The customer id is invalid
2023-01-25 11:35:53 info: [0mGET /users/subs/ [31m500[0m 7.741 ms - 40[0m
2023-01-25 11:36:06 info: =================================
2023-01-25 11:36:06 info: ======= ENV: development =======
2023-01-25 11:36:06 info: 🚀 App listening on the port 3000
2023-01-25 11:36:06 info: =================================
2023-01-25 11:36:07 error: [GET] /users/subs/ >> StatusCode:: 500, Message:: The customer id is invalid
2023-01-25 11:36:07 info: [0mGET /users/subs/ [31m500[0m 7.193 ms - 40[0m
2023-01-25 11:36:39 info: =================================
2023-01-25 11:36:39 info: ======= ENV: development =======
2023-01-25 11:36:39 info: 🚀 App listening on the port 3000
2023-01-25 11:36:39 info: =================================
2023-01-25 11:36:44 error: [GET] /users/subs/ >> StatusCode:: 500, Message:: The customer id is invalid
2023-01-25 11:36:44 info: [0mGET /users/subs/ [31m500[0m 7.094 ms - 40[0m
2023-01-25 11:36:47 error: [GET] /users/subs >> StatusCode:: 500, Message:: The customer id is invalid
2023-01-25 11:36:47 info: [0mGET /users/subs [31m500[0m 2.013 ms - 40[0m
2023-01-25 11:37:40 info: =================================
2023-01-25 11:37:40 info: ======= ENV: development =======
2023-01-25 11:37:40 info: 🚀 App listening on the port 3000
2023-01-25 11:37:40 info: =================================
2023-01-25 11:37:42 error: [GET] /users/subs >> StatusCode:: 500, Message:: The customer id is invalid
2023-01-25 11:37:42 info: [0mGET /users/subs [31m500[0m 7.195 ms - 40[0m
2023-01-25 11:37:50 info: [0mGET /users/ [32m200[0m 259.621 ms - -[0m
2023-01-25 11:38:10 info: =================================
2023-01-25 11:38:10 info: ======= ENV: development =======
2023-01-25 11:38:10 info: 🚀 App listening on the port 3000
2023-01-25 11:38:10 info: =================================
2023-01-25 11:38:12 info: [0mGET /users/ [32m200[0m 465.635 ms - -[0m
2023-01-25 11:42:31 info: =================================
2023-01-25 11:42:31 info: ======= ENV: development =======
2023-01-25 11:42:31 info: 🚀 App listening on the port 3000
2023-01-25 11:42:31 info: =================================
2023-01-25 11:42:37 info: [0mGET /users/ [32m200[0m 467.566 ms - -[0m
2023-01-25 11:43:58 info: =================================
2023-01-25 11:43:58 info: ======= ENV: development =======
2023-01-25 11:43:58 info: 🚀 App listening on the port 3000
2023-01-25 11:43:58 info: =================================
2023-01-25 11:44:03 info: [0mGET /users/ [32m200[0m 561.443 ms - -[0m
2023-01-25 11:46:19 info: =================================
2023-01-25 11:46:19 info: ======= ENV: development =======
2023-01-25 11:46:19 info: 🚀 App listening on the port 3000
2023-01-25 11:46:19 info: =================================
2023-01-25 11:46:25 info: [0mGET /users/ [32m200[0m 475.958 ms - -[0m
2023-01-25 11:46:42 info: =================================
2023-01-25 11:46:42 info: ======= ENV: development =======
2023-01-25 11:46:42 info: 🚀 App listening on the port 3000
2023-01-25 11:46:42 info: =================================
2023-01-25 11:47:06 info: =================================
2023-01-25 11:47:06 info: ======= ENV: development =======
2023-01-25 11:47:06 info: 🚀 App listening on the port 3000
2023-01-25 11:47:06 info: =================================
2023-01-25 11:47:09 info: [0mGET /users/ [32m200[0m 591.543 ms - -[0m
2023-01-25 11:48:56 info: =================================
2023-01-25 11:48:56 info: ======= ENV: development =======
2023-01-25 11:48:56 info: 🚀 App listening on the port 3000
2023-01-25 11:48:56 info: =================================
2023-01-25 11:48:57 info: [0mGET /users/ [32m200[0m 458.567 ms - -[0m
2023-01-25 11:49:29 info: =================================
2023-01-25 11:49:29 info: ======= ENV: development =======
2023-01-25 11:49:29 info: 🚀 App listening on the port 3000
2023-01-25 11:49:29 info: =================================
2023-01-25 11:49:30 info: [0mGET /users/ [32m200[0m 465.526 ms - -[0m
2023-01-25 11:56:45 info: [0mGET /users/ [32m200[0m 470.042 ms - -[0m
2023-01-25 11:59:41 info: =================================
2023-01-25 11:59:41 info: ======= ENV: development =======
2023-01-25 11:59:41 info: 🚀 App listening on the port 3000
2023-01-25 11:59:41 info: =================================
2023-01-25 11:59:59 info: =================================
2023-01-25 11:59:59 info: ======= ENV: development =======
2023-01-25 11:59:59 info: 🚀 App listening on the port 3000
2023-01-25 11:59:59 info: =================================
2023-01-25 12:00:06 error: [GET] /users/ >> StatusCode:: 500, Message:: listSubscriptions is not defined
2023-01-25 12:00:06 info: [0mGET /users/ [31m500[0m 455.619 ms - 46[0m
2023-01-25 12:00:27 info: =================================
2023-01-25 12:00:27 info: ======= ENV: development =======
2023-01-25 12:00:27 info: 🚀 App listening on the port 3000
2023-01-25 12:00:27 info: =================================
2023-01-25 12:00:28 info: [0mGET /users/ [32m200[0m 489.731 ms - -[0m
2023-01-25 12:04:43 info: =================================
2023-01-25 12:04:43 info: ======= ENV: development =======
2023-01-25 12:04:43 info: 🚀 App listening on the port 3000
2023-01-25 12:04:43 info: =================================
2023-01-25 12:04:53 info: =================================
2023-01-25 12:04:53 info: ======= ENV: development =======
2023-01-25 12:04:53 info: 🚀 App listening on the port 3000
2023-01-25 12:04:53 info: =================================
2023-01-25 12:05:18 info: =================================
2023-01-25 12:05:18 info: ======= ENV: development =======
2023-01-25 12:05:18 info: 🚀 App listening on the port 3000
2023-01-25 12:05:18 info: =================================
2023-01-25 12:08:10 info: [0mGET /users/ [32m200[0m 551.314 ms - -[0m
2023-01-25 12:08:25 info: [0mOPTIONS /users [32m204[0m 0.284 ms - 0[0m
2023-01-25 12:08:25 info: [0mGET /users [32m200[0m 438.214 ms - -[0m
2023-01-25 12:13:06 info: [0mOPTIONS /users [32m204[0m 0.176 ms - 0[0m
2023-01-25 12:13:06 info: [0mGET /users [36m304[0m 491.240 ms - -[0m
2023-01-25 12:20:14 info: [0mOPTIONS /users [32m204[0m 0.122 ms - 0[0m
2023-01-25 12:20:15 info: [0mGET /users [36m304[0m 542.462 ms - -[0m
2023-01-25 12:20:21 info: [0mOPTIONS /users [32m204[0m 0.134 ms - 0[0m
2023-01-25 12:20:22 info: [0mGET /users [36m304[0m 434.974 ms - -[0m
2023-01-25 12:23:40 info: =================================
2023-01-25 12:23:40 info: ======= ENV: development =======
2023-01-25 12:23:40 info: 🚀 App listening on the port 3000
2023-01-25 12:23:40 info: =================================
2023-01-25 12:23:42 info: =================================
2023-01-25 12:23:42 info: ======= ENV: development =======
2023-01-25 12:23:42 info: 🚀 App listening on the port 3000
2023-01-25 12:23:42 info: =================================
2023-01-25 12:24:35 info: =================================
2023-01-25 12:24:35 info: ======= ENV: development =======
2023-01-25 12:24:35 info: 🚀 App listening on the port 3000
2023-01-25 12:24:35 info: =================================
2023-01-25 12:25:02 info: =================================
2023-01-25 12:25:02 info: ======= ENV: development =======
2023-01-25 12:25:02 info: 🚀 App listening on the port 3000
2023-01-25 12:25:02 info: =================================
2023-01-25 12:25:19 info: [0mGET /users/ [32m200[0m 504.567 ms - -[0m
2023-01-25 12:26:47 info: [0mOPTIONS /users [32m204[0m 0.492 ms - 0[0m
2023-01-25 12:26:48 info: [0mGET /users [36m304[0m 548.996 ms - -[0m
2023-01-25 12:27:35 info: [0mOPTIONS /users [32m204[0m 0.167 ms - 0[0m
2023-01-25 12:27:35 info: [0mGET /users [36m304[0m 464.981 ms - -[0m
2023-01-25 12:28:48 info: [0mOPTIONS /users [32m204[0m 0.149 ms - 0[0m
2023-01-25 12:28:49 info: [0mGET /users [36m304[0m 463.259 ms - -[0m
2023-01-25 12:28:54 info: [0mOPTIONS /users [32m204[0m 0.109 ms - 0[0m
2023-01-25 12:28:54 info: [0mGET /users [36m304[0m 437.060 ms - -[0m
2023-01-25 12:29:21 info: [0mOPTIONS /users [32m204[0m 0.111 ms - 0[0m
2023-01-25 12:29:22 info: [0mGET /users [36m304[0m 424.374 ms - -[0m
2023-01-25 12:29:28 info: [0mOPTIONS /users [32m204[0m 0.113 ms - 0[0m
2023-01-25 12:29:28 info: [0mGET /users [36m304[0m 433.315 ms - -[0m
2023-01-25 12:35:24 info: [0mOPTIONS /users [32m204[0m 0.114 ms - 0[0m
2023-01-25 12:35:24 info: [0mGET /users [32m200[0m 481.380 ms - -[0m
2023-01-25 12:36:12 info: [0mOPTIONS /users [32m204[0m 0.390 ms - 0[0m
2023-01-25 12:36:13 info: [0mGET /users [36m304[0m 428.904 ms - -[0m
2023-01-25 12:36:22 info: [0mOPTIONS /users [32m204[0m 0.131 ms - 0[0m
2023-01-25 12:36:23 info: [0mGET /users [36m304[0m 551.245 ms - -[0m
2023-01-25 12:36:34 info: [0mOPTIONS /users [32m204[0m 0.112 ms - 0[0m
2023-01-25 12:36:35 info: [0mGET /users [36m304[0m 468.776 ms - -[0m
2023-01-25 12:36:44 info: [0mOPTIONS /users [32m204[0m 0.162 ms - 0[0m
2023-01-25 12:36:45 info: [0mGET /users [36m304[0m 449.649 ms - -[0m
2023-01-25 12:37:31 info: [0mOPTIONS /users [32m204[0m 0.116 ms - 0[0m
2023-01-25 12:37:32 info: [0mGET /users [36m304[0m 442.954 ms - -[0m
2023-01-25 12:37:47 info: [0mOPTIONS /users [32m204[0m 0.103 ms - 0[0m
2023-01-25 12:37:48 info: [0mGET /users [36m304[0m 522.025 ms - -[0m
2023-01-25 12:38:02 info: [0mOPTIONS /users [32m204[0m 0.120 ms - 0[0m
2023-01-25 12:38:02 info: [0mGET /users [36m304[0m 456.127 ms - -[0m
2023-01-25 12:38:14 info: [0mOPTIONS /users [32m204[0m 0.100 ms - 0[0m
2023-01-25 12:38:14 info: [0mGET /users [36m304[0m 528.214 ms - -[0m
2023-01-25 12:38:24 info: [0mOPTIONS /users [32m204[0m 0.125 ms - 0[0m
2023-01-25 12:38:24 info: [0mGET /users [36m304[0m 412.285 ms - -[0m
2023-01-25 12:38:32 info: [0mOPTIONS /users [32m204[0m 0.128 ms - 0[0m
2023-01-25 12:38:33 info: [0mGET /users [36m304[0m 429.562 ms - -[0m
2023-01-25 12:38:46 info: [0mOPTIONS /users [32m204[0m 0.087 ms - 0[0m
2023-01-25 12:38:47 info: [0mGET /users [36m304[0m 459.019 ms - -[0m
2023-01-25 12:38:55 info: [0mOPTIONS /users [32m204[0m 0.088 ms - 0[0m
2023-01-25 12:38:56 info: [0mGET /users [36m304[0m 433.636 ms - -[0m
2023-01-25 12:46:31 info: [0mOPTIONS /users [32m204[0m 0.087 ms - 0[0m
2023-01-25 12:46:32 info: [0mGET /users [36m304[0m 459.825 ms - -[0m
2023-01-25 12:46:55 info: [0mOPTIONS /users [32m204[0m 0.098 ms - 0[0m
2023-01-25 12:46:56 info: [0mGET /users [36m304[0m 455.413 ms - -[0m
2023-01-25 12:47:16 info: [0mOPTIONS /users [32m204[0m 0.092 ms - 0[0m
2023-01-25 12:47:16 info: [0mGET /users [36m304[0m 425.906 ms - -[0m
2023-01-25 12:47:45 info: [0mOPTIONS /users [32m204[0m 0.095 ms - 0[0m
2023-01-25 12:47:46 info: [0mGET /users [36m304[0m 440.175 ms - -[0m
2023-01-25 12:48:54 info: [0mOPTIONS /users [32m204[0m 0.130 ms - 0[0m
2023-01-25 12:48:54 info: [0mGET /users [36m304[0m 488.092 ms - -[0m
2023-01-25 12:49:11 info: [0mOPTIONS /users [32m204[0m 0.095 ms - 0[0m
2023-01-25 12:49:12 info: [0mGET /users [36m304[0m 484.507 ms - -[0m
2023-01-25 12:49:30 info: [0mOPTIONS /users [32m204[0m 0.087 ms - 0[0m
2023-01-25 12:49:30 info: [0mGET /users [36m304[0m 414.645 ms - -[0m
2023-01-25 12:49:38 info: [0mOPTIONS /users [32m204[0m 0.121 ms - 0[0m
2023-01-25 12:49:38 info: [0mGET /users [36m304[0m 430.431 ms - -[0m
2023-01-25 12:49:48 info: [0mOPTIONS /users [32m204[0m 0.090 ms - 0[0m
2023-01-25 12:49:48 info: [0mGET /users [36m304[0m 419.907 ms - -[0m
2023-01-25 12:50:11 info: [0mOPTIONS /users [32m204[0m 0.172 ms - 0[0m
2023-01-25 12:50:12 info: [0mGET /users [36m304[0m 444.569 ms - -[0m
2023-01-25 12:50:24 info: [0mOPTIONS /users [32m204[0m 0.085 ms - 0[0m
2023-01-25 12:50:24 info: [0mGET /users [36m304[0m 441.047 ms - -[0m
2023-01-25 12:50:29 info: [0mOPTIONS /users [32m204[0m 0.087 ms - 0[0m
2023-01-25 12:50:30 info: [0mGET /users [36m304[0m 471.562 ms - -[0m
2023-01-25 12:50:50 info: [0mOPTIONS /users [32m204[0m 0.085 ms - 0[0m
2023-01-25 12:50:50 info: [0mGET /users [36m304[0m 446.056 ms - -[0m
2023-01-25 12:51:04 info: [0mOPTIONS /users [32m204[0m 0.089 ms - 0[0m
2023-01-25 12:51:05 info: [0mGET /users [36m304[0m 456.438 ms - -[0m
2023-01-25 12:51:13 info: [0mOPTIONS /users [32m204[0m 0.097 ms - 0[0m
2023-01-25 12:51:13 info: [0mGET /users [36m304[0m 439.183 ms - -[0m
2023-01-25 12:51:23 info: [0mOPTIONS /users [32m204[0m 0.124 ms - 0[0m
2023-01-25 12:51:24 info: [0mGET /users [36m304[0m 438.244 ms - -[0m
2023-01-25 12:51:45 info: [0mOPTIONS /users [32m204[0m 0.086 ms - 0[0m
2023-01-25 12:51:45 info: [0mGET /users [36m304[0m 411.575 ms - -[0m
2023-01-25 12:51:54 info: [0mOPTIONS /users [32m204[0m 0.092 ms - 0[0m
2023-01-25 12:51:55 info: [0mGET /users [36m304[0m 420.564 ms - -[0m
2023-01-25 12:52:05 info: [0mOPTIONS /users [32m204[0m 0.087 ms - 0[0m
2023-01-25 12:52:05 info: [0mGET /users [36m304[0m 492.054 ms - -[0m
2023-01-25 12:52:16 info: [0mOPTIONS /users [32m204[0m 0.087 ms - 0[0m
2023-01-25 12:52:16 info: [0mGET /users [36m304[0m 454.672 ms - -[0m
2023-01-25 12:52:26 info: [0mOPTIONS /users [32m204[0m 0.094 ms - 0[0m
2023-01-25 12:52:26 info: [0mGET /users [36m304[0m 437.396 ms - -[0m
2023-01-25 12:53:06 info: [0mOPTIONS /users [32m204[0m 0.096 ms - 0[0m
2023-01-25 12:53:07 info: [0mGET /users [36m304[0m 437.463 ms - -[0m
2023-01-25 12:53:22 info: [0mOPTIONS /users [32m204[0m 0.124 ms - 0[0m
2023-01-25 12:53:22 info: [0mGET /users [36m304[0m 469.898 ms - -[0m
2023-01-25 12:54:08 info: [0mOPTIONS /users [32m204[0m 0.095 ms - 0[0m
2023-01-25 12:54:08 info: [0mGET /users [36m304[0m 453.883 ms - -[0m
2023-01-25 12:55:23 info: [0mOPTIONS /users [32m204[0m 0.092 ms - 0[0m
2023-01-25 12:55:23 info: [0mGET /users [36m304[0m 472.733 ms - -[0m
2023-01-25 12:55:36 info: [0mOPTIONS /users [32m204[0m 0.118 ms - 0[0m
2023-01-25 12:55:37 info: [0mGET /users [36m304[0m 430.703 ms - -[0m
2023-01-25 12:56:16 info: [0mOPTIONS /users [32m204[0m 0.096 ms - 0[0m
2023-01-25 12:56:16 info: [0mGET /users [36m304[0m 403.272 ms - -[0m
2023-01-25 12:56:29 info: [0mOPTIONS /users [32m204[0m 0.091 ms - 0[0m
2023-01-25 12:56:29 info: [0mGET /users [36m304[0m 439.292 ms - -[0m
2023-01-25 12:59:44 info: [0mOPTIONS /users [32m204[0m 0.092 ms - 0[0m
2023-01-25 12:59:44 info: [0mGET /users [36m304[0m 455.356 ms - -[0m
2023-01-25 12:59:54 info: [0mOPTIONS /users [32m204[0m 0.085 ms - 0[0m
2023-01-25 12:59:54 info: [0mGET /users [36m304[0m 458.274 ms - -[0m
2023-01-25 13:00:11 info: [0mOPTIONS /users [32m204[0m 0.090 ms - 0[0m
2023-01-25 13:00:12 info: [0mGET /users [36m304[0m 830.537 ms - -[0m
2023-01-25 13:00:23 info: [0mOPTIONS /users [32m204[0m 0.088 ms - 0[0m
2023-01-25 13:00:24 info: [0mGET /users [36m304[0m 459.789 ms - -[0m
2023-01-25 13:00:47 info: [0mOPTIONS /users [32m204[0m 0.112 ms - 0[0m
2023-01-25 13:00:47 info: [0mGET /users [36m304[0m 441.028 ms - -[0m
2023-01-25 13:01:04 info: [0mOPTIONS /users [32m204[0m 0.088 ms - 0[0m
2023-01-25 13:01:05 info: [0mGET /users [36m304[0m 425.569 ms - -[0m
2023-01-25 13:01:25 info: [0mOPTIONS /users [32m204[0m 0.091 ms - 0[0m
2023-01-25 13:01:26 info: [0mGET /users [36m304[0m 566.959 ms - -[0m
2023-01-25 13:01:38 info: [0mOPTIONS /users [32m204[0m 0.089 ms - 0[0m
2023-01-25 13:01:39 info: [0mGET /users [36m304[0m 464.686 ms - -[0m
2023-01-25 13:01:44 info: [0mOPTIONS /users [32m204[0m 0.090 ms - 0[0m
2023-01-25 13:01:45 info: [0mGET /users [36m304[0m 465.820 ms - -[0m
2023-01-25 13:01:51 info: [0mOPTIONS /users [32m204[0m 0.098 ms - 0[0m
2023-01-25 13:01:52 info: [0mGET /users [36m304[0m 452.964 ms - -[0m
2023-01-25 13:02:05 info: [0mOPTIONS /users [32m204[0m 0.088 ms - 0[0m
2023-01-25 13:02:06 info: [0mGET /users [36m304[0m 484.457 ms - -[0m
2023-01-25 13:02:13 info: [0mOPTIONS /users [32m204[0m 0.097 ms - 0[0m
2023-01-25 13:02:13 info: [0mGET /users [36m304[0m 479.622 ms - -[0m
2023-01-25 13:02:23 info: [0mOPTIONS /users [32m204[0m 0.093 ms - 0[0m
2023-01-25 13:02:23 info: [0mGET /users [36m304[0m 445.321 ms - -[0m
2023-01-25 13:02:29 info: [0mOPTIONS /users [32m204[0m 0.087 ms - 0[0m
2023-01-25 13:02:30 info: [0mGET /users [36m304[0m 977.985 ms - -[0m
2023-01-25 13:03:18 info: [0mOPTIONS /users [32m204[0m 0.088 ms - 0[0m
2023-01-25 13:03:18 info: [0mGET /users [36m304[0m 441.583 ms - -[0m
2023-01-25 13:05:49 info: [0mOPTIONS /users [32m204[0m 0.096 ms - 0[0m
2023-01-25 13:05:49 info: [0mGET /users [36m304[0m 509.906 ms - -[0m
2023-01-25 13:06:05 info: [0mOPTIONS /users [32m204[0m 0.090 ms - 0[0m
2023-01-25 13:06:05 info: [0mGET /users [36m304[0m 424.479 ms - -[0m
2023-01-25 13:06:20 info: [0mOPTIONS /users [32m204[0m 0.125 ms - 0[0m
2023-01-25 13:06:20 info: [0mGET /users [0m-[0m - ms - -[0m
2023-01-25 13:06:21 info: [0mGET /users [32m200[0m 448.779 ms - -[0m
2023-01-25 13:06:34 info: [0mOPTIONS /users [32m204[0m 0.094 ms - 0[0m
2023-01-25 13:06:34 info: [0mGET /users [0m-[0m - ms - -[0m
2023-01-25 13:06:36 info: [0mGET /users [32m200[0m 571.239 ms - -[0m
2023-01-25 13:06:50 info: [0mOPTIONS /users [32m204[0m 0.095 ms - 0[0m
2023-01-25 13:06:50 info: [0mGET /users [36m304[0m 440.608 ms - -[0m
2023-01-25 13:06:55 info: [0mOPTIONS /users [32m204[0m 0.330 ms - 0[0m
2023-01-25 13:06:56 info: [0mGET /users [36m304[0m 470.340 ms - -[0m
2023-01-25 13:07:04 info: [0mOPTIONS /users [32m204[0m 0.093 ms - 0[0m
2023-01-25 13:07:04 info: [0mGET /users [36m304[0m 472.905 ms - -[0m
2023-01-25 13:07:25 info: [0mOPTIONS /users [32m204[0m 0.087 ms - 0[0m
2023-01-25 13:07:25 info: [0mGET /users [36m304[0m 416.922 ms - -[0m
2023-01-25 13:07:37 info: [0mOPTIONS /users [32m204[0m 0.099 ms - 0[0m
2023-01-25 13:07:38 info: [0mGET /users [36m304[0m 458.495 ms - -[0m
2023-01-25 13:07:40 info: [0mGET /users [36m304[0m 438.591 ms - -[0m
2023-01-25 13:07:58 info: [0mOPTIONS /users [32m204[0m 0.115 ms - 0[0m
2023-01-25 13:07:59 info: [0mGET /users [36m304[0m 460.992 ms - -[0m
2023-01-25 13:08:23 info: [0mOPTIONS /users [32m204[0m 0.135 ms - 0[0m
2023-01-25 13:08:24 info: [0mGET /users [36m304[0m 457.092 ms - -[0m
2023-01-25 13:09:06 info: [0mOPTIONS /users [32m204[0m 0.097 ms - 0[0m
2023-01-25 13:09:06 info: [0mGET /users [36m304[0m 500.123 ms - -[0m
2023-01-25 13:09:19 info: [0mOPTIONS /users [32m204[0m 0.118 ms - 0[0m
2023-01-25 13:09:19 info: [0mGET /users [36m304[0m 447.993 ms - -[0m
2023-01-25 13:16:05 info: [0mOPTIONS /users [32m204[0m 0.091 ms - 0[0m
2023-01-25 13:16:06 info: [0mGET /users [36m304[0m 454.463 ms - -[0m
2023-01-25 13:16:09 info: [0mGET /users [36m304[0m 512.293 ms - -[0m
2023-01-25 13:16:16 info: [0mOPTIONS /users [32m204[0m 0.087 ms - 0[0m
2023-01-25 13:16:16 info: [0mGET /users [36m304[0m 485.164 ms - -[0m
2023-01-25 13:16:23 info: [0mOPTIONS /users [32m204[0m 0.091 ms - 0[0m
2023-01-25 13:16:23 info: [0mGET /users [36m304[0m 487.236 ms - -[0m
2023-01-25 13:16:44 info: [0mOPTIONS /users [32m204[0m 0.092 ms - 0[0m
2023-01-25 13:16:45 info: [0mGET /users [36m304[0m 529.357 ms - -[0m
2023-01-25 13:20:23 info: [0mOPTIONS /users [32m204[0m 0.094 ms - 0[0m
2023-01-25 13:20:23 info: [0mGET /users [36m304[0m 465.110 ms - -[0m
2023-01-25 13:20:26 info: [0mGET /users [36m304[0m 437.534 ms - -[0m
2023-01-25 13:20:28 info: [0mOPTIONS /users [32m204[0m 0.092 ms - 0[0m
2023-01-25 13:20:29 info: [0mGET /users [36m304[0m 464.870 ms - -[0m
2023-01-25 13:20:33 info: [0mGET /users [36m304[0m 452.343 ms - -[0m
2023-01-25 13:21:42 info: [0mOPTIONS /users [32m204[0m 0.100 ms - 0[0m
2023-01-25 13:21:42 info: [0mGET /users [36m304[0m 453.810 ms - -[0m
2023-01-25 13:22:00 info: [0mOPTIONS /users [32m204[0m 0.088 ms - 0[0m
2023-01-25 13:22:01 info: [0mGET /users [36m304[0m 461.789 ms - -[0m
2023-01-25 13:22:13 info: [0mOPTIONS /users [32m204[0m 0.102 ms - 0[0m
2023-01-25 13:22:13 info: [0mGET /users [36m304[0m 466.760 ms - -[0m
2023-01-25 13:22:27 info: [0mOPTIONS /users [32m204[0m 0.112 ms - 0[0m
2023-01-25 13:22:28 info: [0mGET /users [36m304[0m 459.196 ms - -[0m
2023-01-25 13:22:44 info: [0mOPTIONS /users [32m204[0m 0.086 ms - 0[0m
2023-01-25 13:22:45 info: [0mGET /users [36m304[0m 581.211 ms - -[0m
2023-01-25 13:24:00 info: [0mOPTIONS /users [32m204[0m 0.082 ms - 0[0m
2023-01-25 13:24:00 info: [0mGET /users [36m304[0m 425.621 ms - -[0m
2023-01-25 13:24:09 info: [0mOPTIONS /users [32m204[0m 0.082 ms - 0[0m
2023-01-25 13:24:10 info: [0mGET /users [36m304[0m 432.429 ms - -[0m
2023-01-25 13:24:32 info: [0mOPTIONS /users [32m204[0m 0.098 ms - 0[0m
2023-01-25 13:24:33 info: [0mGET /users [36m304[0m 451.613 ms - -[0m
2023-01-25 13:24:44 info: [0mOPTIONS /users [32m204[0m 0.087 ms - 0[0m
2023-01-25 13:24:44 info: [0mGET /users [36m304[0m 442.884 ms - -[0m
2023-01-25 13:24:58 info: [0mOPTIONS /users [32m204[0m 0.087 ms - 0[0m
2023-01-25 13:24:59 info: [0mGET /users [36m304[0m 416.446 ms - -[0m
2023-01-25 13:25:06 info: [0mOPTIONS /users [32m204[0m 0.087 ms - 0[0m
2023-01-25 13:25:06 info: [0mGET /users [36m304[0m 457.460 ms - -[0m
2023-01-25 13:25:23 info: [0mOPTIONS /users [32m204[0m 0.102 ms - 0[0m
2023-01-25 13:25:23 info: [0mGET /users [36m304[0m 455.790 ms - -[0m
2023-01-25 13:25:34 info: [0mOPTIONS /users [32m204[0m 0.083 ms - 0[0m
2023-01-25 13:25:35 info: [0mGET /users [36m304[0m 442.575 ms - -[0m
2023-01-25 13:25:45 info: [0mOPTIONS /users [32m204[0m 0.092 ms - 0[0m
2023-01-25 13:25:45 info: [0mGET /users [36m304[0m 511.233 ms - -[0m
2023-01-25 13:25:59 info: [0mOPTIONS /users [32m204[0m 0.114 ms - 0[0m
2023-01-25 13:25:59 info: [0mGET /users [36m304[0m 459.388 ms - -[0m
2023-01-25 13:26:16 info: [0mOPTIONS /users [32m204[0m 0.084 ms - 0[0m
2023-01-25 13:26:16 info: [0mGET /users [36m304[0m 439.634 ms - -[0m
2023-01-25 13:33:31 info: =================================
2023-01-25 13:33:31 info: ======= ENV: development =======
2023-01-25 13:33:31 info: 🚀 App listening on the port 3000
2023-01-25 13:33:31 info: =================================
2023-01-25 13:33:51 info: =================================
2023-01-25 13:33:51 info: ======= ENV: development =======
2023-01-25 13:33:51 info: 🚀 App listening on the port 3000
2023-01-25 13:33:51 info: =================================
2023-01-25 13:36:38 info: =================================
2023-01-25 13:36:38 info: ======= ENV: development =======
2023-01-25 13:36:38 info: 🚀 App listening on the port 3000
2023-01-25 13:36:38 info: =================================
2023-01-25 13:36:47 info: [0mGET /users/ [32m200[0m 531.390 ms - -[0m
2023-01-25 13:37:31 info: =================================
2023-01-25 13:37:31 info: ======= ENV: development =======
2023-01-25 13:37:31 info: 🚀 App listening on the port 3000
2023-01-25 13:37:31 info: =================================
2023-01-25 13:37:33 info: [0mGET /users/ [32m200[0m 443.192 ms - -[0m
2023-01-25 13:37:48 info: =================================
2023-01-25 13:37:48 info: ======= ENV: development =======
2023-01-25 13:37:48 info: 🚀 App listening on the port 3000
2023-01-25 13:37:48 info: =================================
2023-01-25 13:37:50 error: [GET] /users/ >> StatusCode:: 500, Message:: The customer id is invalid
2023-01-25 13:37:50 info: [0mGET /users/ [31m500[0m 483.767 ms - 40[0m
2023-01-25 13:38:03 info: =================================
2023-01-25 13:38:03 info: ======= ENV: development =======
2023-01-25 13:38:03 info: 🚀 App listening on the port 3000
2023-01-25 13:38:03 info: =================================
2023-01-25 13:38:08 info: =================================
2023-01-25 13:38:08 info: ======= ENV: development =======
2023-01-25 13:38:08 info: 🚀 App listening on the port 3000
2023-01-25 13:38:08 info: =================================
2023-01-25 13:38:10 info: [0mGET /users/ [32m200[0m 482.485 ms - -[0m
2023-01-25 13:42:12 info: =================================
2023-01-25 13:42:12 info: ======= ENV: development =======
2023-01-25 13:42:12 info: 🚀 App listening on the port 3000
2023-01-25 13:42:12 info: =================================
2023-01-25 13:42:17 info: [0mGET /users/ [32m200[0m 493.923 ms - -[0m
2023-01-25 13:43:07 info: =================================
2023-01-25 13:43:07 info: ======= ENV: development =======
2023-01-25 13:43:07 info: 🚀 App listening on the port 3000
2023-01-25 13:43:07 info: =================================
2023-01-25 13:44:01 info: =================================
2023-01-25 13:44:01 info: ======= ENV: development =======
2023-01-25 13:44:01 info: 🚀 App listening on the port 3000
2023-01-25 13:44:01 info: =================================
2023-01-25 13:44:26 info: =================================
2023-01-25 13:44:26 info: ======= ENV: development =======
2023-01-25 13:44:26 info: 🚀 App listening on the port 3000
2023-01-25 13:44:26 info: =================================
2023-01-25 13:44:49 info: =================================
2023-01-25 13:44:49 info: ======= ENV: development =======
2023-01-25 13:44:49 info: 🚀 App listening on the port 3000
2023-01-25 13:44:49 info: =================================
2023-01-25 13:45:41 info: [0mGET /users/ [32m200[0m 455.945 ms - -[0m
2023-01-25 13:46:53 info: =================================
2023-01-25 13:46:53 info: ======= ENV: development =======
2023-01-25 13:46:53 info: 🚀 App listening on the port 3000
2023-01-25 13:46:53 info: =================================
2023-01-25 13:47:01 info: [0mGET /users/ [32m200[0m 506.372 ms - -[0m
2023-01-25 13:47:04 info: [0mGET /users/ [32m200[0m 414.272 ms - -[0m
2023-01-25 13:47:41 info: [0mGET /users/ [32m200[0m 468.650 ms - -[0m
2023-01-25 13:48:42 info: =================================
2023-01-25 13:48:42 info: ======= ENV: development =======
2023-01-25 13:48:42 info: 🚀 App listening on the port 3000
2023-01-25 13:48:42 info: =================================
2023-01-25 13:48:43 info: [0mGET /users/ [32m200[0m 448.744 ms - -[0m
2023-01-25 13:49:58 info: [0mGET /users/ [32m200[0m 427.724 ms - 452[0m
2023-01-25 13:50:11 info: =================================
2023-01-25 13:50:11 info: ======= ENV: development =======
2023-01-25 13:50:11 info: 🚀 App listening on the port 3000
2023-01-25 13:50:11 info: =================================
2023-01-25 13:50:15 info: =================================
2023-01-25 13:50:15 info: ======= ENV: development =======
2023-01-25 13:50:15 info: 🚀 App listening on the port 3000
2023-01-25 13:50:15 info: =================================
2023-01-25 13:50:16 info: [0mGET /users/ [32m200[0m 466.962 ms - 452[0m
2023-01-25 13:50:30 info: [0mOPTIONS /users [32m204[0m 0.351 ms - 0[0m
2023-01-25 13:50:30 info: [0mGET /users [32m200[0m 441.331 ms - 452[0m
2023-01-25 13:53:31 info: [0mOPTIONS /users [32m204[0m 0.173 ms - 0[0m
2023-01-25 13:53:31 info: [0mGET /users [36m304[0m 480.703 ms - -[0m
2023-01-25 13:54:18 info: [0mOPTIONS /users [32m204[0m 0.098 ms - 0[0m
2023-01-25 13:54:19 info: [0mGET /users [36m304[0m 453.543 ms - -[0m
2023-01-25 14:01:42 info: [0mOPTIONS /users [32m204[0m 0.099 ms - 0[0m
2023-01-25 14:01:42 info: [0mGET /users [36m304[0m 491.239 ms - -[0m
2023-01-25 14:02:13 info: [0mOPTIONS /users [32m204[0m 0.115 ms - 0[0m
2023-01-25 14:02:14 info: [0mGET /users [36m304[0m 413.831 ms - -[0m
2023-01-25 14:03:21 info: [0mOPTIONS /users [32m204[0m 0.111 ms - 0[0m
2023-01-25 14:03:22 info: [0mGET /users [36m304[0m 504.087 ms - -[0m
2023-01-25 14:04:00 info: [0mOPTIONS /users [32m204[0m 0.108 ms - 0[0m
2023-01-25 14:04:01 info: [0mGET /users [36m304[0m 452.933 ms - -[0m
2023-01-25 14:04:11 info: [0mOPTIONS /users [32m204[0m 0.118 ms - 0[0m
2023-01-25 14:04:12 info: [0mGET /users [36m304[0m 425.772 ms - -[0m
2023-01-25 14:04:34 info: [0mOPTIONS /users [32m204[0m 0.114 ms - 0[0m
2023-01-25 14:04:35 info: [0mGET /users [36m304[0m 452.945 ms - -[0m
2023-01-25 15:04:52 info: [0mOPTIONS /users [32m204[0m 0.145 ms - 0[0m
2023-01-25 15:04:53 info: [0mGET /users [32m200[0m 456.728 ms - -[0m
2023-01-25 15:05:42 info: [0mOPTIONS /users [32m204[0m 0.128 ms - 0[0m
2023-01-25 15:05:43 info: [0mGET /users [36m304[0m 439.925 ms - -[0m
2023-01-25 15:05:50 info: [0mOPTIONS /users [32m204[0m 0.114 ms - 0[0m
2023-01-25 15:05:50 info: [0mGET /users [36m304[0m 450.769 ms - -[0m
2023-01-25 15:08:06 info: [0mOPTIONS /users [32m204[0m 0.106 ms - 0[0m
2023-01-25 15:08:06 info: [0mGET /users [32m200[0m 547.739 ms - -[0m
2023-01-25 15:10:37 info: [0mOPTIONS /users [32m204[0m 0.100 ms - 0[0m
2023-01-25 15:10:38 info: [0mGET /users [36m304[0m 469.450 ms - -[0m
2023-01-25 15:10:53 info: [0mOPTIONS /users [32m204[0m 0.242 ms - 0[0m
2023-01-25 15:10:54 info: [0mGET /users [36m304[0m 460.417 ms - -[0m
2023-01-25 15:10:58 info: [0mGET /users [36m304[0m 438.320 ms - -[0m
2023-01-25 15:11:16 info: [0mOPTIONS /users [32m204[0m 0.104 ms - 0[0m
2023-01-25 15:11:17 info: [0mGET /users [36m304[0m 612.754 ms - -[0m
2023-01-25 15:15:36 info: [0mOPTIONS /users [32m204[0m 0.124 ms - 0[0m
2023-01-25 15:15:36 info: [0mGET /users [36m304[0m 478.087 ms - -[0m
2023-01-25 15:16:57 info: [0mOPTIONS /users [32m204[0m 0.087 ms - 0[0m
2023-01-25 15:16:57 info: [0mGET /users [36m304[0m 453.638 ms - -[0m
2023-01-25 15:16:59 info: [0mGET /users [36m304[0m 429.642 ms - -[0m
2023-01-25 15:17:53 info: [0mOPTIONS /users [32m204[0m 0.087 ms - 0[0m
2023-01-25 15:17:53 info: [0mGET /users [36m304[0m 461.123 ms - -[0m
2023-01-25 15:19:33 info: [0mOPTIONS /users [32m204[0m 0.093 ms - 0[0m
2023-01-25 15:19:34 info: [0mGET /users [36m304[0m 626.945 ms - -[0m
2023-01-25 15:20:14 info: [0mOPTIONS /users [32m204[0m 0.095 ms - 0[0m
2023-01-25 15:20:14 info: [0mGET /users [36m304[0m 555.978 ms - -[0m
2023-01-25 15:49:34 info: [0mOPTIONS /users [32m204[0m 0.099 ms - 0[0m
2023-01-25 15:49:35 info: [0mGET /users [32m200[0m 461.831 ms - -[0m
2023-01-25 15:52:33 info: [0mOPTIONS /users [32m204[0m 0.095 ms - 0[0m
2023-01-25 15:52:34 info: [0mGET /users [36m304[0m 450.200 ms - -[0m
2023-01-25 15:54:07 info: [0mOPTIONS /users [32m204[0m 0.126 ms - 0[0m
2023-01-25 15:54:07 info: [0mGET /users [36m304[0m 480.304 ms - -[0m
2023-01-25 15:54:29 info: [0mOPTIONS /users [32m204[0m 0.116 ms - 0[0m
2023-01-25 15:54:29 info: [0mGET /users [36m304[0m 484.606 ms - -[0m
2023-01-25 15:54:40 info: [0mOPTIONS /users [32m204[0m 0.084 ms - 0[0m
2023-01-25 15:54:41 info: [0mGET /users [36m304[0m 505.487 ms - -[0m
2023-01-25 15:54:50 info: [0mOPTIONS /users [32m204[0m 0.101 ms - 0[0m
2023-01-25 15:54:51 info: [0mGET /users [36m304[0m 487.909 ms - -[0m
2023-01-25 15:55:03 info: [0mOPTIONS /users [32m204[0m 0.084 ms - 0[0m
2023-01-25 15:55:03 info: [0mGET /users [36m304[0m 497.845 ms - -[0m
2023-01-25 15:57:05 info: [0mOPTIONS /users [32m204[0m 0.089 ms - 0[0m
2023-01-25 15:57:05 info: [0mGET /users [36m304[0m 468.983 ms - -[0m
2023-01-25 15:57:19 info: [0mOPTIONS /users [32m204[0m 0.161 ms - 0[0m
2023-01-25 15:57:19 info: [0mGET /users [36m304[0m 425.975 ms - -[0m
2023-01-25 15:57:36 info: [0mOPTIONS /users [32m204[0m 0.115 ms - 0[0m
2023-01-25 15:57:37 info: [0mGET /users [36m304[0m 468.287 ms - -[0m
2023-01-25 15:57:55 info: [0mOPTIONS /users [32m204[0m 0.146 ms - 0[0m
2023-01-25 15:57:56 info: [0mGET /users [36m304[0m 436.918 ms - -[0m
2023-01-25 16:00:51 info: [0mOPTIONS /users [32m204[0m 0.118 ms - 0[0m
2023-01-25 16:00:52 info: [0mGET /users [36m304[0m 439.010 ms - -[0m
2023-01-25 16:01:05 info: [0mOPTIONS /users [32m204[0m 0.183 ms - 0[0m
2023-01-25 16:01:05 info: [0mGET /users [36m304[0m 457.537 ms - -[0m
2023-01-25 16:01:13 info: [0mOPTIONS /users [32m204[0m 0.089 ms - 0[0m
2023-01-25 16:01:14 info: [0mGET /users [36m304[0m 507.252 ms - -[0m
2023-01-25 16:01:51 info: [0mOPTIONS /users [32m204[0m 0.107 ms - 0[0m
2023-01-25 16:01:51 info: [0mGET /users [36m304[0m 441.167 ms - -[0m
2023-01-25 16:02:08 info: [0mOPTIONS /users [32m204[0m 0.202 ms - 0[0m
2023-01-25 16:02:08 info: [0mGET /users [36m304[0m 466.378 ms - -[0m
2023-01-25 16:02:14 info: [0mOPTIONS /users [32m204[0m 0.128 ms - 0[0m
2023-01-25 16:02:14 info: [0mGET /users [36m304[0m 491.395 ms - -[0m
2023-01-25 16:02:21 info: [0mOPTIONS /users [32m204[0m 0.223 ms - 0[0m
2023-01-25 16:02:21 info: [0mGET /users [36m304[0m 451.330 ms - -[0m
2023-01-25 16:02:33 info: [0mOPTIONS /users [32m204[0m 0.088 ms - 0[0m
2023-01-25 16:02:34 info: [0mGET /users [36m304[0m 463.154 ms - -[0m
2023-01-25 16:02:39 info: [0mOPTIONS /users [32m204[0m 0.091 ms - 0[0m
2023-01-25 16:02:40 info: [0mGET /users [36m304[0m 471.840 ms - -[0m
2023-01-25 16:02:48 info: [0mOPTIONS /users [32m204[0m 0.094 ms - 0[0m
2023-01-25 16:02:48 info: [0mGET /users [36m304[0m 446.541 ms - -[0m
2023-01-25 16:03:15 info: [0mOPTIONS /users [32m204[0m 0.117 ms - 0[0m
2023-01-25 16:03:16 info: [0mGET /users [36m304[0m 450.121 ms - -[0m
2023-01-25 16:06:01 info: [0mOPTIONS /users [32m204[0m 0.125 ms - 0[0m
2023-01-25 16:06:01 info: [0mGET /users [36m304[0m 488.601 ms - -[0m
2023-01-25 16:06:21 info: [0mOPTIONS /users [32m204[0m 0.087 ms - 0[0m
2023-01-25 16:06:22 info: [0mGET /users [36m304[0m 551.031 ms - -[0m
2023-01-25 16:06:29 info: [0mOPTIONS /users [32m204[0m 0.084 ms - 0[0m
2023-01-25 16:06:29 info: [0mGET /users [36m304[0m 408.576 ms - -[0m
2023-01-25 16:06:36 info: [0mOPTIONS /users [32m204[0m 0.085 ms - 0[0m
2023-01-25 16:06:36 info: [0mGET /users [36m304[0m 420.156 ms - -[0m
2023-01-25 16:06:50 info: [0mOPTIONS /users [32m204[0m 0.088 ms - 0[0m
2023-01-25 16:06:50 info: [0mGET /users [36m304[0m 542.485 ms - -[0m
2023-01-25 16:06:58 info: [0mOPTIONS /users [32m204[0m 0.093 ms - 0[0m
2023-01-25 16:06:58 info: [0mGET /users [36m304[0m 492.236 ms - -[0m
2023-01-25 16:07:47 info: [0mOPTIONS /users [32m204[0m 0.103 ms - 0[0m
2023-01-25 16:07:48 info: [0mGET /users [36m304[0m 494.742 ms - -[0m
2023-01-25 16:08:23 info: [0mOPTIONS /users [32m204[0m 0.096 ms - 0[0m
2023-01-25 16:08:24 info: [0mGET /users [36m304[0m 551.203 ms - -[0m
2023-01-25 16:08:34 info: [0mOPTIONS /users [32m204[0m 0.148 ms - 0[0m
2023-01-25 16:08:35 info: [0mGET /users [36m304[0m 450.618 ms - -[0m
2023-01-25 16:08:49 info: [0mOPTIONS /users [32m204[0m 0.089 ms - 0[0m
2023-01-25 16:08:49 info: [0mGET /users [36m304[0m 449.154 ms - -[0m
2023-01-25 16:09:11 info: [0mOPTIONS /users [32m204[0m 0.097 ms - 0[0m
2023-01-25 16:09:12 info: [0mGET /users [36m304[0m 446.737 ms - -[0m
2023-01-25 16:09:17 info: [0mOPTIONS /users [32m204[0m 0.085 ms - 0[0m
2023-01-25 16:09:17 info: [0mGET /users [36m304[0m 426.108 ms - -[0m
2023-01-25 16:09:22 info: [0mGET /users [36m304[0m 453.078 ms - -[0m
2023-01-25 16:09:35 info: [0mOPTIONS /users [32m204[0m 0.092 ms - 0[0m
2023-01-25 16:09:36 info: [0mGET /users [36m304[0m 619.021 ms - -[0m
2023-01-25 16:09:47 info: [0mOPTIONS /users [32m204[0m 0.084 ms - 0[0m
2023-01-25 16:09:47 info: [0mGET /users [36m304[0m 437.421 ms - -[0m
2023-01-25 16:09:53 info: [0mOPTIONS /users [32m204[0m 0.084 ms - 0[0m
2023-01-25 16:09:53 info: [0mGET /users [36m304[0m 442.517 ms - -[0m
2023-01-25 16:10:14 info: [0mOPTIONS /users [32m204[0m 0.094 ms - 0[0m
2023-01-25 16:10:14 info: [0mGET /users [36m304[0m 439.725 ms - -[0m
2023-01-25 16:10:26 info: [0mOPTIONS /users [32m204[0m 0.091 ms - 0[0m
2023-01-25 16:10:27 info: [0mGET /users [36m304[0m 424.002 ms - -[0m
2023-01-25 16:10:31 info: [0mOPTIONS /users [32m204[0m 0.106 ms - 0[0m
2023-01-25 16:10:32 info: [0mGET /users [36m304[0m 440.251 ms - -[0m
2023-01-25 16:10:38 info: [0mOPTIONS /users [32m204[0m 0.083 ms - 0[0m
2023-01-25 16:10:38 info: [0mGET /users [36m304[0m 435.131 ms - -[0m
2023-01-25 16:13:58 info: [0mOPTIONS /users [32m204[0m 0.118 ms - 0[0m
2023-01-25 16:13:58 info: [0mGET /users [36m304[0m 477.838 ms - -[0m
2023-01-25 16:14:22 info: [0mOPTIONS /users [32m204[0m 0.117 ms - 0[0m
2023-01-25 16:14:22 info: [0mGET /users [36m304[0m 471.727 ms - -[0m
2023-01-25 16:14:32 info: [0mOPTIONS /users [32m204[0m 0.112 ms - 0[0m
2023-01-25 16:14:32 info: [0mGET /users [36m304[0m 412.566 ms - -[0m
2023-01-25 16:14:44 info: [0mOPTIONS /users [32m204[0m 0.093 ms - 0[0m
2023-01-25 16:14:44 info: [0mGET /users [36m304[0m 447.520 ms - -[0m
2023-01-25 16:16:51 info: [0mOPTIONS /users [32m204[0m 0.094 ms - 0[0m
2023-01-25 16:16:51 info: [0mGET /users [36m304[0m 528.526 ms - -[0m
2023-01-25 16:18:37 info: [0mOPTIONS /users [32m204[0m 0.115 ms - 0[0m
2023-01-25 16:18:37 info: [0mGET /users [36m304[0m 465.552 ms - -[0m
2023-01-25 16:18:50 info: [0mOPTIONS /users [32m204[0m 0.179 ms - 0[0m
2023-01-25 16:18:50 info: [0mGET /users [36m304[0m 458.197 ms - -[0m
2023-01-25 16:19:12 info: [0mOPTIONS /users [32m204[0m 0.092 ms - 0[0m
2023-01-25 16:19:12 info: [0mGET /users [36m304[0m 432.286 ms - -[0m
2023-01-25 16:19:26 info: [0mOPTIONS /users [32m204[0m 0.089 ms - 0[0m
2023-01-25 16:19:27 info: [0mGET /users [36m304[0m 464.142 ms - -[0m
2023-01-25 16:19:32 info: [0mOPTIONS /users [32m204[0m 0.094 ms - 0[0m
2023-01-25 16:19:32 info: [0mGET /users [36m304[0m 453.030 ms - -[0m
2023-01-25 16:19:48 info: [0mOPTIONS /users [32m204[0m 0.086 ms - 0[0m
2023-01-25 16:19:48 info: [0mGET /users [36m304[0m 577.924 ms - -[0m
2023-01-25 16:20:18 info: [0mOPTIONS /users [32m204[0m 0.086 ms - 0[0m
2023-01-25 16:20:18 info: [0mGET /users [36m304[0m 433.190 ms - -[0m
2023-01-25 16:20:32 info: [0mOPTIONS /users [32m204[0m 0.095 ms - 0[0m
2023-01-25 16:20:32 info: [0mGET /users [36m304[0m 427.602 ms - -[0m
2023-01-25 16:20:37 info: [0mOPTIONS /users [32m204[0m 0.092 ms - 0[0m
2023-01-25 16:20:37 info: [0mGET /users [36m304[0m 410.316 ms - -[0m
2023-01-25 16:21:01 info: [0mOPTIONS /users [32m204[0m 0.087 ms - 0[0m
2023-01-25 16:21:01 info: [0mGET /users [36m304[0m 490.365 ms - -[0m
2023-01-25 16:21:32 info: [0mOPTIONS /users [32m204[0m 0.087 ms - 0[0m
2023-01-25 16:21:33 info: [0mGET /users [36m304[0m 413.887 ms - -[0m
2023-01-25 16:22:46 info: [0mOPTIONS /users [32m204[0m 0.088 ms - 0[0m
2023-01-25 16:22:47 info: [0mGET /users [36m304[0m 421.107 ms - -[0m
2023-01-25 16:22:56 info: [0mOPTIONS /users [32m204[0m 0.087 ms - 0[0m
2023-01-25 16:22:56 info: [0mGET /users [36m304[0m 548.104 ms - -[0m
2023-01-25 16:25:26 info: [0mOPTIONS /users [32m204[0m 0.094 ms - 0[0m
2023-01-25 16:25:27 info: [0mGET /users [36m304[0m 477.835 ms - -[0m
2023-01-25 16:25:35 info: [0mOPTIONS /users [32m204[0m 0.094 ms - 0[0m
2023-01-25 16:25:35 info: [0mGET /users [36m304[0m 475.376 ms - -[0m
2023-01-25 16:25:43 info: [0mOPTIONS /users [32m204[0m 0.104 ms - 0[0m
2023-01-25 16:25:43 info: [0mGET /users [36m304[0m 718.906 ms - -[0m
2023-01-25 16:26:52 info: [0mOPTIONS /users [32m204[0m 0.086 ms - 0[0m
2023-01-25 16:26:53 info: [0mGET /users [36m304[0m 503.759 ms - -[0m
2023-01-25 16:27:09 info: [0mOPTIONS /users [32m204[0m 0.171 ms - 0[0m
2023-01-25 16:27:09 info: [0mGET /users [36m304[0m 494.332 ms - -[0m
2023-01-25 16:27:22 info: [0mOPTIONS /users [32m204[0m 0.098 ms - 0[0m
2023-01-25 16:27:23 info: [0mGET /users [36m304[0m 459.608 ms - -[0m
2023-01-25 16:27:34 info: [0mOPTIONS /users [32m204[0m 0.085 ms - 0[0m
2023-01-25 16:27:35 info: [0mGET /users [36m304[0m 463.261 ms - -[0m
2023-01-25 16:28:04 info: [0mOPTIONS /users [32m204[0m 0.086 ms - 0[0m
2023-01-25 16:28:05 info: [0mGET /users [36m304[0m 551.563 ms - -[0m
2023-01-25 16:29:01 info: [0mOPTIONS /users [32m204[0m 0.087 ms - 0[0m
2023-01-25 16:29:02 info: [0mGET /users [36m304[0m 449.974 ms - -[0m
2023-01-25 16:29:19 info: [0mOPTIONS /users [32m204[0m 0.088 ms - 0[0m
2023-01-25 16:29:19 info: [0mGET /users [36m304[0m 473.146 ms - -[0m
2023-01-25 16:29:31 info: [0mOPTIONS /users [32m204[0m 0.084 ms - 0[0m
2023-01-25 16:29:31 info: [0mGET /users [36m304[0m 444.927 ms - -[0m
2023-01-25 16:29:42 info: [0mOPTIONS /users [32m204[0m 0.090 ms - 0[0m
2023-01-25 16:29:43 info: [0mGET /users [36m304[0m 436.838 ms - -[0m
2023-01-25 16:29:55 info: [0mOPTIONS /users [32m204[0m 0.091 ms - 0[0m
2023-01-25 16:29:55 info: [0mGET /users [36m304[0m 442.863 ms - -[0m
2023-01-25 16:30:06 info: [0mOPTIONS /users [32m204[0m 0.103 ms - 0[0m
2023-01-25 16:30:06 info: [0mGET /users [36m304[0m 714.881 ms - -[0m
2023-01-25 16:30:34 info: [0mOPTIONS /users [32m204[0m 0.093 ms - 0[0m
2023-01-25 16:30:35 info: [0mGET /users [36m304[0m 575.721 ms - -[0m
2023-01-25 16:30:59 info: [0mOPTIONS /users [32m204[0m 0.082 ms - 0[0m
2023-01-25 16:31:00 info: [0mGET /users [36m304[0m 446.116 ms - -[0m
2023-01-25 16:31:29 info: [0mOPTIONS /users [32m204[0m 0.088 ms - 0[0m
2023-01-25 16:31:29 info: [0mGET /users [36m304[0m 469.649 ms - -[0m
2023-01-25 16:31:48 info: [0mOPTIONS /users [32m204[0m 0.095 ms - 0[0m
2023-01-25 16:31:48 info: [0mGET /users [36m304[0m 568.140 ms - -[0m
2023-01-25 16:32:52 info: [0mOPTIONS /users [32m204[0m 0.086 ms - 0[0m
2023-01-25 16:32:52 info: [0mGET /users [36m304[0m 445.932 ms - -[0m
2023-01-25 16:33:12 info: [0mOPTIONS /users [32m204[0m 0.084 ms - 0[0m
2023-01-25 16:33:12 info: [0mGET /users [36m304[0m 459.270 ms - -[0m
2023-01-25 16:33:20 info: [0mOPTIONS /users [32m204[0m 0.087 ms - 0[0m
2023-01-25 16:33:21 info: [0mGET /users [36m304[0m 472.294 ms - -[0m
2023-01-25 16:37:44 info: [0mOPTIONS /users [32m204[0m 0.090 ms - 0[0m
2023-01-25 16:37:45 info: [0mGET /users [36m304[0m 430.060 ms - -[0m
2023-01-25 16:38:16 info: [0mOPTIONS /users [32m204[0m 0.091 ms - 0[0m
2023-01-25 16:38:17 info: [0mGET /users [36m304[0m 454.795 ms - -[0m
2023-01-25 16:38:26 info: [0mOPTIONS /users [32m204[0m 0.128 ms - 0[0m
2023-01-25 16:38:26 info: [0mGET /users [36m304[0m 553.370 ms - -[0m
2023-01-25 16:40:38 info: [0mOPTIONS /users [32m204[0m 0.087 ms - 0[0m
2023-01-25 16:40:38 info: [0mGET /users [36m304[0m 425.083 ms - -[0m
2023-01-25 16:40:46 info: [0mOPTIONS /users [32m204[0m 0.091 ms - 0[0m
2023-01-25 16:40:46 info: [0mGET /users [36m304[0m 458.484 ms - -[0m
2023-01-25 16:40:52 info: [0mOPTIONS /users [32m204[0m 0.120 ms - 0[0m
2023-01-25 16:40:53 info: [0mGET /users [36m304[0m 670.459 ms - -[0m
2023-01-25 16:40:58 info: [0mGET /users [36m304[0m 439.685 ms - -[0m
2023-01-25 16:41:48 info: [0mOPTIONS /users [32m204[0m 0.096 ms - 0[0m
2023-01-25 16:41:48 info: [0mGET /users [36m304[0m 463.018 ms - -[0m
2023-01-25 16:45:14 info: [0mOPTIONS /users [32m204[0m 0.096 ms - 0[0m
2023-01-25 16:45:14 info: [0mGET /users [36m304[0m 447.897 ms - -[0m
2023-01-25 16:45:41 info: [0mOPTIONS /users [32m204[0m 0.110 ms - 0[0m
2023-01-25 16:45:41 info: [0mGET /users [36m304[0m 447.147 ms - -[0m
2023-01-25 16:46:12 info: [0mOPTIONS /users [32m204[0m 0.084 ms - 0[0m
2023-01-25 16:46:12 info: [0mGET /users [36m304[0m 425.962 ms - -[0m
2023-01-25 16:46:25 info: [0mOPTIONS /users [32m204[0m 0.106 ms - 0[0m
2023-01-25 16:46:25 info: [0mGET /users [36m304[0m 493.502 ms - -[0m
2023-01-25 16:46:33 info: [0mOPTIONS /users [32m204[0m 0.089 ms - 0[0m
2023-01-25 16:46:33 info: [0mGET /users [36m304[0m 445.464 ms - -[0m
2023-01-25 16:46:52 info: [0mOPTIONS /users [32m204[0m 0.095 ms - 0[0m
2023-01-25 16:46:53 info: [0mGET /users [36m304[0m 450.015 ms - -[0m
2023-01-25 16:46:58 info: [0mOPTIONS /users [32m204[0m 0.105 ms - 0[0m
2023-01-25 16:46:58 info: [0mGET /users [36m304[0m 428.636 ms - -[0m
2023-01-25 16:47:01 info: [0mGET /users [36m304[0m 743.891 ms - -[0m
2023-01-25 16:50:03 info: [0mOPTIONS /users [32m204[0m 0.085 ms - 0[0m
2023-01-25 16:50:03 info: [0mGET /users [36m304[0m 590.768 ms - -[0m
2023-01-25 16:51:50 info: [0mOPTIONS /users [32m204[0m 0.091 ms - 0[0m
2023-01-25 16:51:50 info: [0mGET /users [36m304[0m 443.312 ms - -[0m
2023-01-25 16:52:06 info: [0mOPTIONS /users [32m204[0m 0.133 ms - 0[0m
2023-01-25 16:52:07 info: [0mGET /users [36m304[0m 468.893 ms - -[0m
2023-01-25 16:52:22 info: [0mOPTIONS /users [32m204[0m 0.081 ms - 0[0m
2023-01-25 16:52:23 info: [0mGET /users [36m304[0m 613.100 ms - -[0m
2023-01-25 16:52:45 info: [0mOPTIONS /users [32m204[0m 0.085 ms - 0[0m
2023-01-25 16:52:46 info: [0mGET /users [36m304[0m 459.661 ms - -[0m
2023-01-25 16:53:57 info: [0mOPTIONS /users [32m204[0m 0.102 ms - 0[0m
2023-01-25 16:53:58 info: [0mGET /users [36m304[0m 455.855 ms - -[0m
2023-01-25 16:54:45 info: [0mOPTIONS /users [32m204[0m 0.097 ms - 0[0m
2023-01-25 16:54:46 info: [0mGET /users [36m304[0m 504.389 ms - -[0m
2023-01-25 16:54:54 info: [0mOPTIONS /users [32m204[0m 0.128 ms - 0[0m
2023-01-25 16:54:54 info: [0mGET /users [36m304[0m 420.525 ms - -[0m
2023-01-25 16:55:06 info: [0mOPTIONS /users [32m204[0m 0.093 ms - 0[0m
2023-01-25 16:55:06 info: [0mGET /users [36m304[0m 429.004 ms - -[0m
2023-01-25 16:55:14 info: [0mOPTIONS /users [32m204[0m 0.087 ms - 0[0m
2023-01-25 16:55:15 info: [0mGET /users [36m304[0m 432.563 ms - -[0m
2023-01-25 16:55:39 info: [0mOPTIONS /users [32m204[0m 0.099 ms - 0[0m
2023-01-25 16:55:40 info: [0mGET /users [36m304[0m 439.886 ms - -[0m
2023-01-25 16:56:20 info: [0mOPTIONS /users [32m204[0m 0.081 ms - 0[0m
2023-01-25 16:56:20 info: [0mGET /users [36m304[0m 440.490 ms - -[0m
2023-01-25 16:57:38 info: [0mOPTIONS /users [32m204[0m 0.086 ms - 0[0m
2023-01-25 16:57:38 info: [0mGET /users [36m304[0m 445.514 ms - -[0m
2023-01-25 16:57:56 info: [0mOPTIONS /users [32m204[0m 0.083 ms - 0[0m
2023-01-25 16:57:56 info: [0mGET /users [36m304[0m 434.008 ms - -[0m
2023-01-25 16:59:38 info: [0mOPTIONS /users [32m204[0m 0.083 ms - 0[0m
2023-01-25 16:59:38 info: [0mGET /users [36m304[0m 443.416 ms - -[0m
2023-01-25 17:00:19 info: [0mOPTIONS /users [32m204[0m 0.083 ms - 0[0m
2023-01-25 17:00:20 info: [0mGET /users [36m304[0m 447.052 ms - -[0m
2023-01-25 17:00:36 info: [0mOPTIONS /users [32m204[0m 0.123 ms - 0[0m
2023-01-25 17:00:36 info: [0mGET /users [36m304[0m 412.722 ms - -[0m
2023-01-25 17:00:42 info: [0mOPTIONS /users [32m204[0m 0.083 ms - 0[0m
2023-01-25 17:00:42 info: [0mGET /users [36m304[0m 429.351 ms - -[0m
2023-01-25 17:01:31 info: [0mOPTIONS /users [32m204[0m 0.093 ms - 0[0m
2023-01-25 17:01:31 info: [0mGET /users [36m304[0m 442.961 ms - -[0m
2023-01-25 17:02:02 info: [0mOPTIONS /users [32m204[0m 0.088 ms - 0[0m
2023-01-25 17:02:02 info: [0mGET /users [36m304[0m 440.666 ms - -[0m
2023-01-25 17:02:27 info: [0mOPTIONS /users [32m204[0m 0.090 ms - 0[0m
2023-01-25 17:02:28 info: [0mGET /users [36m304[0m 435.995 ms - -[0m
2023-01-25 17:02:33 info: [0mOPTIONS /users [32m204[0m 0.092 ms - 0[0m
2023-01-25 17:02:33 info: [0mGET /users [36m304[0m 437.757 ms - -[0m
2023-01-25 17:02:38 info: [0mGET /users [36m304[0m 449.654 ms - -[0m
2023-01-25 17:03:11 info: [0mOPTIONS /users [32m204[0m 0.085 ms - 0[0m
2023-01-25 17:03:11 info: [0mGET /users [36m304[0m 455.925 ms - -[0m
2023-01-25 17:03:23 info: [0mOPTIONS /users [32m204[0m 0.095 ms - 0[0m
2023-01-25 17:03:24 info: [0mGET /users [36m304[0m 437.657 ms - -[0m
2023-01-25 17:05:35 info: [0mOPTIONS /users [32m204[0m 0.083 ms - 0[0m
2023-01-25 17:05:36 info: [0mGET /users [36m304[0m 598.367 ms - -[0m
2023-01-25 17:05:49 info: [0mOPTIONS /users [32m204[0m 0.091 ms - 0[0m
2023-01-25 17:05:49 info: [0mGET /users [36m304[0m 482.870 ms - -[0m
2023-01-25 17:05:57 info: [0mOPTIONS /users [32m204[0m 0.086 ms - 0[0m
2023-01-25 17:05:57 info: [0mGET /users [36m304[0m 454.529 ms - -[0m
2023-01-25 17:06:35 info: [0mOPTIONS /users [32m204[0m 0.124 ms - 0[0m
2023-01-25 17:06:35 info: [0mGET /users [36m304[0m 472.140 ms - -[0m
2023-01-25 17:06:45 info: [0mOPTIONS /users [32m204[0m 0.088 ms - 0[0m
2023-01-25 17:06:46 info: [0mGET /users [36m304[0m 427.149 ms - -[0m
2023-01-25 17:08:13 info: [0mOPTIONS /users [32m204[0m 0.088 ms - 0[0m
2023-01-25 17:08:14 info: [0mGET /users [36m304[0m 489.508 ms - -[0m
2023-01-25 17:08:23 info: [0mOPTIONS /users [32m204[0m 0.111 ms - 0[0m
2023-01-25 17:08:23 info: [0mGET /users [36m304[0m 447.697 ms - -[0m
2023-01-25 17:10:30 info: [0mOPTIONS /users [32m204[0m 0.094 ms - 0[0m
2023-01-25 17:10:30 info: [0mGET /users [36m304[0m 500.320 ms - -[0m
2023-01-25 17:10:41 info: [0mOPTIONS /users [32m204[0m 0.087 ms - 0[0m
2023-01-25 17:10:42 info: [0mGET /users [36m304[0m 441.782 ms - -[0m
2023-01-25 17:10:55 info: [0mOPTIONS /users [32m204[0m 0.090 ms - 0[0m
2023-01-25 17:10:55 info: [0mGET /users [36m304[0m 608.419 ms - -[0m
2023-01-25 17:10:57 info: [0mGET /users [36m304[0m 450.841 ms - -[0m
2023-01-25 17:11:06 info: [0mOPTIONS /users [32m204[0m 0.087 ms - 0[0m
2023-01-25 17:11:06 info: [0mGET /users [36m304[0m 448.913 ms - -[0m
2023-01-25 17:11:24 info: [0mOPTIONS /users [32m204[0m 0.106 ms - 0[0m
2023-01-25 17:11:25 info: [0mGET /users [36m304[0m 464.051 ms - -[0m
2023-01-25 17:11:30 info: [0mOPTIONS /users [32m204[0m 0.090 ms - 0[0m
2023-01-25 17:11:30 info: [0mGET /users [36m304[0m 432.951 ms - -[0m
2023-01-25 17:27:46 info: [0mOPTIONS /users [32m204[0m 0.103 ms - 0[0m
2023-01-25 17:27:46 info: [0mGET /users [36m304[0m 569.440 ms - -[0m
2023-01-25 17:29:30 info: [0mOPTIONS /users [32m204[0m 0.089 ms - 0[0m
2023-01-25 17:29:31 info: [0mGET /users [36m304[0m 557.256 ms - -[0m
2023-01-25 17:31:20 info: [0mOPTIONS /users [32m204[0m 0.155 ms - 0[0m
2023-01-25 17:31:20 info: [0mGET /users [36m304[0m 444.956 ms - -[0m
2023-01-25 17:31:33 info: [0mOPTIONS /users [32m204[0m 0.086 ms - 0[0m
2023-01-25 17:31:34 info: [0mGET /users [36m304[0m 445.827 ms - -[0m
2023-01-25 17:31:43 info: [0mOPTIONS /users [32m204[0m 0.091 ms - 0[0m
2023-01-25 17:31:43 info: [0mGET /users [36m304[0m 435.761 ms - -[0m
2023-01-25 17:37:36 info: [0mOPTIONS /users [32m204[0m 0.091 ms - 0[0m
2023-01-25 17:37:37 info: [0mGET /users [36m304[0m 504.532 ms - -[0m
2023-01-25 17:37:47 info: [0mOPTIONS /users [32m204[0m 0.091 ms - 0[0m
2023-01-25 17:37:47 info: [0mGET /users [36m304[0m 420.511 ms - -[0m
2023-01-25 17:38:36 info: [0mOPTIONS /users [32m204[0m 0.121 ms - 0[0m
2023-01-25 17:38:36 info: [0mGET /users [36m304[0m 448.940 ms - -[0m
2023-01-25 17:39:59 info: [0mOPTIONS /users [32m204[0m 0.084 ms - 0[0m
2023-01-25 17:40:00 info: [0mGET /users [36m304[0m 441.337 ms - -[0m
2023-01-25 17:40:23 info: [0mOPTIONS /users [32m204[0m 0.090 ms - 0[0m
2023-01-25 17:40:24 info: [0mGET /users [36m304[0m 426.449 ms - -[0m
2023-01-25 17:40:43 info: [0mOPTIONS /users [32m204[0m 0.084 ms - 0[0m
2023-01-25 17:40:44 info: [0mGET /users [36m304[0m 432.195 ms - -[0m
2023-01-25 17:40:58 info: [0mOPTIONS /users [32m204[0m 0.086 ms - 0[0m
2023-01-25 17:40:58 info: [0mGET /users [36m304[0m 437.293 ms - -[0m
2023-01-25 17:42:13 info: [0mOPTIONS /users [32m204[0m 0.087 ms - 0[0m
2023-01-25 17:42:14 info: [0mGET /users [36m304[0m 495.810 ms - -[0m
2023-01-25 17:42:24 info: [0mOPTIONS /users [32m204[0m 0.086 ms - 0[0m
2023-01-25 17:42:24 info: [0mGET /users [36m304[0m 446.530 ms - -[0m
2023-01-25 17:42:40 info: [0mOPTIONS /users [32m204[0m 0.083 ms - 0[0m
2023-01-25 17:42:41 info: [0mGET /users [36m304[0m 416.327 ms - -[0m
2023-01-25 17:42:48 info: [0mOPTIONS /users [32m204[0m 0.102 ms - 0[0m
2023-01-25 17:42:48 info: [0mGET /users [36m304[0m 475.305 ms - -[0m
2023-01-25 17:43:00 info: [0mOPTIONS /users [32m204[0m 0.129 ms - 0[0m
2023-01-25 17:43:00 info: [0mGET /users [36m304[0m 443.620 ms - -[0m
2023-01-25 17:48:21 info: [0mOPTIONS /users [32m204[0m 0.083 ms - 0[0m
2023-01-25 17:48:22 info: [0mGET /users [36m304[0m 517.444 ms - -[0m
2023-01-25 17:48:40 info: [0mOPTIONS /users [32m204[0m 0.093 ms - 0[0m
2023-01-25 17:48:40 info: [0mGET /users [36m304[0m 452.979 ms - -[0m
2023-01-25 17:48:53 info: [0mOPTIONS /users [32m204[0m 0.089 ms - 0[0m
2023-01-25 17:48:54 info: [0mGET /users [36m304[0m 424.402 ms - -[0m
2023-01-25 17:50:26 info: [0mOPTIONS /users [32m204[0m 0.108 ms - 0[0m
2023-01-25 17:50:26 info: [0mGET /users [36m304[0m 429.930 ms - -[0m
2023-01-25 17:54:39 info: [0mOPTIONS /users [32m204[0m 0.092 ms - 0[0m
2023-01-25 17:54:40 info: [0mGET /users [36m304[0m 551.957 ms - -[0m
2023-01-25 17:56:10 info: [0mOPTIONS /users [32m204[0m 0.089 ms - 0[0m
2023-01-25 17:56:10 info: [0mGET /users [36m304[0m 468.417 ms - -[0m
2023-01-25 17:56:12 info: [0mGET /users [36m304[0m 440.964 ms - -[0m
2023-01-25 17:56:26 info: [0mOPTIONS /users [32m204[0m 0.092 ms - 0[0m
2023-01-25 17:56:26 info: [0mGET /users [36m304[0m 436.337 ms - -[0m
2023-01-25 17:57:42 info: [0mOPTIONS /users [32m204[0m 0.091 ms - 0[0m
2023-01-25 17:57:43 info: [0mGET /users [36m304[0m 443.632 ms - -[0m
2023-01-25 17:57:46 info: [0mGET /users [36m304[0m 434.489 ms - -[0m
2023-01-25 17:57:59 info: [0mOPTIONS /users [32m204[0m 0.087 ms - 0[0m
2023-01-25 17:58:00 info: [0mGET /users [36m304[0m 430.481 ms - -[0m
2023-01-25 18:03:44 info: [0mOPTIONS /users [32m204[0m 0.164 ms - 0[0m
2023-01-25 18:03:44 info: [0mGET /users [36m304[0m 443.524 ms - -[0m
2023-01-25 18:05:47 info: [0mOPTIONS /users [32m204[0m 0.087 ms - 0[0m
2023-01-25 18:05:47 info: [0mGET /users [0m-[0m - ms - -[0m
2023-01-25 18:05:49 info: [0mGET /users [32m200[0m 459.351 ms - -[0m
2023-01-25 18:09:27 info: [0mOPTIONS /users [32m204[0m 0.088 ms - 0[0m
2023-01-25 18:09:27 info: [0mGET /users [36m304[0m 446.788 ms - -[0m
2023-01-25 18:10:56 info: [0mOPTIONS /users [32m204[0m 0.096 ms - 0[0m
2023-01-25 18:10:56 info: [0mGET /users [36m304[0m 458.768 ms - -[0m
2023-01-25 18:11:49 info: [0mOPTIONS /users [32m204[0m 0.120 ms - 0[0m
2023-01-25 18:11:50 info: [0mGET /users [36m304[0m 461.425 ms - -[0m
2023-01-25 18:12:08 info: [0mOPTIONS /users [32m204[0m 0.145 ms - 0[0m
2023-01-25 18:12:09 info: [0mGET /users [36m304[0m 514.188 ms - -[0m
2023-01-25 18:12:32 info: [0mOPTIONS /users [32m204[0m 0.095 ms - 0[0m
2023-01-25 18:12:32 info: [0mGET /users [36m304[0m 487.805 ms - -[0m
2023-01-25 18:13:03 info: [0mOPTIONS /users [32m204[0m 0.103 ms - 0[0m
2023-01-25 18:13:03 info: [0mGET /users [36m304[0m 455.701 ms - -[0m
2023-01-25 18:13:14 info: [0mOPTIONS /users [32m204[0m 0.121 ms - 0[0m
2023-01-25 18:13:14 info: [0mGET /users [36m304[0m 444.376 ms - -[0m
2023-01-25 18:13:21 info: [0mOPTIONS /users [32m204[0m 0.109 ms - 0[0m
2023-01-25 18:13:22 info: [0mGET /users [36m304[0m 411.905 ms - -[0m
2023-01-25 18:14:54 info: [0mOPTIONS /users [32m204[0m 0.085 ms - 0[0m
2023-01-25 18:14:55 info: [0mGET /users [36m304[0m 447.936 ms - -[0m
2023-01-25 18:15:05 info: [0mOPTIONS /users [32m204[0m 0.100 ms - 0[0m
2023-01-25 18:15:05 info: [0mGET /users [36m304[0m 452.027 ms - -[0m
2023-01-25 18:15:14 info: [0mOPTIONS /users [32m204[0m 0.127 ms - 0[0m
2023-01-25 18:15:15 info: [0mGET /users [36m304[0m 463.262 ms - -[0m
2023-01-25 18:15:20 info: [0mGET /users [36m304[0m 415.346 ms - -[0m
2023-01-25 18:15:28 info: [0mOPTIONS /users [32m204[0m 0.089 ms - 0[0m
2023-01-25 18:15:28 info: [0mGET /users [36m304[0m 478.719 ms - -[0m
2023-01-25 18:15:32 info: [0mGET /users [36m304[0m 460.060 ms - -[0m
2023-01-25 18:16:21 info: [0mOPTIONS /users [32m204[0m 0.084 ms - 0[0m
2023-01-25 18:16:22 info: [0mGET /users [36m304[0m 610.012 ms - -[0m
2023-01-25 18:27:15 info: [0mOPTIONS /users [32m204[0m 0.151 ms - 0[0m
2023-01-25 18:27:15 info: [0mGET /users [36m304[0m 491.083 ms - -[0m
2023-01-25 18:27:19 info: [0mGET /users [36m304[0m 467.545 ms - -[0m
2023-01-25 18:28:27 info: [0mOPTIONS /users [32m204[0m 0.081 ms - 0[0m
2023-01-25 18:28:27 info: [0mGET /users [36m304[0m 436.877 ms - -[0m
2023-01-25 18:29:58 info: [0mOPTIONS /users [32m204[0m 0.086 ms - 0[0m
2023-01-25 18:29:59 info: [0mGET /users [36m304[0m 437.345 ms - -[0m
2023-01-25 18:30:57 info: [0mOPTIONS /users [32m204[0m 0.092 ms - 0[0m
2023-01-25 18:30:58 info: [0mGET /users [36m304[0m 444.577 ms - -[0m
2023-01-25 18:37:56 info: [0mOPTIONS /users [32m204[0m 0.098 ms - 0[0m
2023-01-25 18:37:57 info: [0mGET /users [36m304[0m 464.387 ms - -[0m
2023-01-25 18:46:10 info: [0mOPTIONS /users [32m204[0m 0.163 ms - 0[0m
2023-01-25 18:46:10 info: [0mGET /users [36m304[0m 474.571 ms - -[0m
2023-01-25 18:46:41 info: [0mOPTIONS /users [32m204[0m 0.085 ms - 0[0m
2023-01-25 18:46:42 info: [0mGET /users [36m304[0m 485.046 ms - -[0m
2023-01-25 18:46:46 info: [0mGET /users [36m304[0m 429.930 ms - -[0m
2023-01-25 18:46:54 info: [0mOPTIONS /users [32m204[0m 0.098 ms - 0[0m
2023-01-25 18:46:54 info: [0mGET /users [36m304[0m 467.840 ms - -[0m
2023-01-25 18:47:32 info: [0mOPTIONS /users [32m204[0m 0.083 ms - 0[0m
2023-01-25 18:47:33 info: [0mGET /users [36m304[0m 448.787 ms - -[0m
2023-01-25 18:49:03 info: [0mOPTIONS /users [32m204[0m 0.097 ms - 0[0m
2023-01-25 18:49:04 info: [0mGET /users [36m304[0m 469.566 ms - -[0m
2023-01-25 18:50:49 info: [0mOPTIONS /users [32m204[0m 0.093 ms - 0[0m
2023-01-25 18:50:50 info: [0mGET /users [36m304[0m 493.156 ms - -[0m
2023-01-25 18:51:53 info: [0mOPTIONS /users [32m204[0m 0.097 ms - 0[0m
2023-01-25 18:51:54 info: [0mGET /users [36m304[0m 451.800 ms - -[0m
2023-01-25 18:52:55 info: [0mOPTIONS /users [32m204[0m 0.092 ms - 0[0m
2023-01-25 18:52:55 info: [0mGET /users [36m304[0m 441.340 ms - -[0m
2023-01-25 18:53:06 info: [0mOPTIONS /users [32m204[0m 0.091 ms - 0[0m
2023-01-25 18:53:06 info: [0mGET /users [36m304[0m 456.526 ms - -[0m
2023-01-25 18:53:59 info: [0mOPTIONS /users [32m204[0m 0.104 ms - 0[0m
2023-01-25 18:53:59 info: [0mGET /users [36m304[0m 442.814 ms - -[0m
2023-01-25 18:54:26 info: [0mOPTIONS /users [32m204[0m 0.115 ms - 0[0m
2023-01-25 18:54:27 info: [0mGET /users [36m304[0m 447.184 ms - -[0m
2023-01-25 18:54:34 info: [0mOPTIONS /users [32m204[0m 0.091 ms - 0[0m
2023-01-25 18:54:35 info: [0mGET /users [36m304[0m 419.405 ms - -[0m
2023-01-25 18:55:29 info: [0mOPTIONS /users [32m204[0m 0.160 ms - 0[0m
2023-01-25 18:55:30 info: [0mGET /users [36m304[0m 434.546 ms - -[0m
2023-01-25 18:55:53 info: [0mOPTIONS /users [32m204[0m 0.124 ms - 0[0m
2023-01-25 18:55:53 info: [0mGET /users [36m304[0m 442.936 ms - -[0m
2023-01-25 18:57:09 info: [0mOPTIONS /users [32m204[0m 0.130 ms - 0[0m
2023-01-25 18:57:10 info: [0mGET /users [36m304[0m 409.978 ms - -[0m
2023-01-25 18:57:58 info: [0mOPTIONS /users [32m204[0m 0.119 ms - 0[0m
2023-01-25 18:57:58 info: [0mGET /users [36m304[0m 458.031 ms - -[0m
2023-01-25 18:58:06 info: [0mOPTIONS /users [32m204[0m 0.117 ms - 0[0m
2023-01-25 18:58:06 info: [0mGET /users [36m304[0m 474.346 ms - -[0m
2023-01-25 18:58:51 info: [0mOPTIONS /users [32m204[0m 0.090 ms - 0[0m
2023-01-25 18:58:51 info: [0mGET /users [36m304[0m 455.899 ms - -[0m
2023-01-25 19:07:48 info: [0mOPTIONS /users [32m204[0m 0.108 ms - 0[0m
2023-01-25 19:07:48 info: [0mGET /users [36m304[0m 517.217 ms - -[0m
2023-01-25 19:08:05 info: [0mOPTIONS /users [32m204[0m 0.089 ms - 0[0m
2023-01-25 19:08:06 info: [0mGET /users [36m304[0m 431.894 ms - -[0m
2023-01-25 19:08:54 info: [0mOPTIONS /users [32m204[0m 0.090 ms - 0[0m
2023-01-25 19:08:55 info: [0mGET /users [36m304[0m 451.651 ms - -[0m
2023-01-25 19:09:39 info: [0mOPTIONS /users [32m204[0m 0.121 ms - 0[0m
2023-01-25 19:09:39 info: [0mGET /users [36m304[0m 686.330 ms - -[0m
2023-01-25 19:10:05 info: [0mOPTIONS /users [32m204[0m 0.089 ms - 0[0m
2023-01-25 19:10:06 info: [0mGET /users [36m304[0m 447.044 ms - -[0m
2023-01-25 19:10:52 info: [0mOPTIONS /users [32m204[0m 0.085 ms - 0[0m
2023-01-25 19:10:52 info: [0mGET /users [36m304[0m 448.424 ms - -[0m
2023-01-25 19:11:15 info: [0mOPTIONS /users [32m204[0m 0.109 ms - 0[0m
2023-01-25 19:11:15 info: [0mGET /users [36m304[0m 609.958 ms - -[0m
2023-01-25 19:11:58 info: [0mOPTIONS /users [32m204[0m 0.104 ms - 0[0m
2023-01-25 19:11:58 info: [0mGET /users [36m304[0m 458.026 ms - -[0m
2023-01-25 19:12:15 info: [0mOPTIONS /users [32m204[0m 0.087 ms - 0[0m
2023-01-25 19:12:16 info: [0mGET /users [36m304[0m 437.916 ms - -[0m
2023-01-25 19:13:07 info: [0mOPTIONS /users [32m204[0m 0.087 ms - 0[0m
2023-01-25 19:13:08 info: [0mGET /users [36m304[0m 426.550 ms - -[0m
2023-01-25 19:13:47 info: [0mOPTIONS /users [32m204[0m 0.087 ms - 0[0m
2023-01-25 19:13:47 info: [0mGET /users [36m304[0m 460.481 ms - -[0m
2023-01-25 19:25:43 info: [0mOPTIONS /users [32m204[0m 0.096 ms - 0[0m
2023-01-25 19:25:44 info: [0mGET /users [36m304[0m 478.964 ms - -[0m
2023-01-25 19:26:29 info: [0mOPTIONS /users [32m204[0m 0.089 ms - 0[0m
2023-01-25 19:26:30 info: [0mGET /users [36m304[0m 452.427 ms - -[0m
2023-01-25 19:26:33 info: [0mGET /users [36m304[0m 477.623 ms - -[0m
2023-01-25 19:27:04 info: [0mOPTIONS /users [32m204[0m 0.084 ms - 0[0m
2023-01-25 19:27:04 info: [0mGET /users [36m304[0m 427.816 ms - -[0m
2023-01-25 19:27:17 info: [0mOPTIONS /users [32m204[0m 0.098 ms - 0[0m
2023-01-25 19:27:17 info: [0mGET /users [36m304[0m 424.668 ms - -[0m
2023-01-25 19:27:45 info: [0mOPTIONS /users [32m204[0m 0.111 ms - 0[0m
2023-01-25 19:27:45 info: [0mGET /users [36m304[0m 483.464 ms - -[0m
2023-01-25 19:29:42 info: [0mOPTIONS /users [32m204[0m 0.101 ms - 0[0m
2023-01-25 19:29:42 info: [0mGET /users [36m304[0m 442.391 ms - -[0m
2023-01-25 19:29:53 info: [0mOPTIONS /users [32m204[0m 0.121 ms - 0[0m
2023-01-25 19:29:54 info: [0mGET /users [36m304[0m 485.497 ms - -[0m
2023-01-25 19:31:29 info: [0mOPTIONS /users [32m204[0m 0.093 ms - 0[0m
2023-01-25 19:31:29 info: [0mGET /users [36m304[0m 649.081 ms - -[0m
2023-01-25 19:31:34 info: [0mGET /users [36m304[0m 429.596 ms - -[0m
2023-01-25 19:31:52 info: [0mOPTIONS /users [32m204[0m 0.917 ms - 0[0m
2023-01-25 19:31:53 info: [0mGET /users [36m304[0m 479.953 ms - -[0m
2023-01-25 19:32:16 info: [0mOPTIONS /users [32m204[0m 0.086 ms - 0[0m
2023-01-25 19:32:17 info: [0mGET /users [36m304[0m 403.532 ms - -[0m
2023-01-25 19:32:34 info: [0mOPTIONS /users [32m204[0m 0.097 ms - 0[0m
2023-01-25 19:32:35 info: [0mGET /users [36m304[0m 493.115 ms - -[0m
2023-01-25 19:32:59 info: [0mOPTIONS /users [32m204[0m 0.090 ms - 0[0m
2023-01-25 19:32:59 info: [0mGET /users [36m304[0m 519.193 ms - -[0m
2023-01-25 19:33:05 info: [0mOPTIONS /users [32m204[0m 0.086 ms - 0[0m
2023-01-25 19:33:05 info: [0mGET /users [36m304[0m 418.139 ms - -[0m
2023-01-25 19:33:13 info: [0mOPTIONS /users [32m204[0m 0.101 ms - 0[0m
2023-01-25 19:33:13 info: [0mGET /users [36m304[0m 427.350 ms - -[0m
2023-01-25 19:33:54 info: [0mOPTIONS /users [32m204[0m 0.143 ms - 0[0m
2023-01-25 19:33:55 info: [0mGET /users [36m304[0m 469.988 ms - -[0m
2023-01-25 19:34:08 info: [0mOPTIONS /users [32m204[0m 0.124 ms - 0[0m
2023-01-25 19:34:08 info: [0mGET /users [36m304[0m 452.106 ms - -[0m
2023-01-25 19:34:31 info: [0mOPTIONS /users [32m204[0m 0.095 ms - 0[0m
2023-01-25 19:34:31 info: [0mGET /users [36m304[0m 416.152 ms - -[0m
2023-01-25 19:34:52 info: [0mOPTIONS /users [32m204[0m 0.097 ms - 0[0m
2023-01-25 19:34:53 info: [0mGET /users [36m304[0m 437.072 ms - -[0m
2023-01-25 19:35:43 info: [0mOPTIONS /users [32m204[0m 0.100 ms - 0[0m
2023-01-25 19:35:44 info: [0mGET /users [32m200[0m 428.321 ms - -[0m
