Error: Cannot find module '@/app'
Require stack:
- C:\Users\Devops3\Downloads\typescript-express-starter-master\typescript-express-starter-master\lib\default\dist\server.js
    at Function.Module._resolveFilename (node:internal/modules/cjs/loader:995:15)
    at Module.Hook._require.Module.require (C:\Users\Devops3\AppData\Roaming\npm\node_modules\pm2\node_modules\require-in-the-middle\index.js:81:25)
    at require (node:internal/modules/cjs/helpers:103:18)
    at Object.<anonymous> (C:\Users\Devops3\Downloads\typescript-express-starter-master\typescript-express-starter-master\lib\default\src\server.ts:1:1)
    at Module._compile (node:internal/modules/cjs/loader:1159:14)
    at Object.Module._extensions..js (node:internal/modules/cjs/loader:1213:10)
    at Module.load (node:internal/modules/cjs/loader:1037:32)
    at Function.Module._load (node:internal/modules/cjs/loader:878:12)
    at C:\Users\Devops3\AppData\Roaming\npm\node_modules\pm2\lib\ProcessContainer.js:303:25
    at wrapper (C:\Users\Devops3\AppData\Roaming\npm\node_modules\pm2\node_modules\async\internal\once.js:12:16)
Error: Cannot find module '@/app'
Require stack:
- C:\Users\Devops3\Downloads\typescript-express-starter-master\typescript-express-starter-master\lib\default\dist\server.js
    at Function.Module._resolveFilename (node:internal/modules/cjs/loader:995:15)
    at Module.Hook._require.Module.require (C:\Users\Devops3\AppData\Roaming\npm\node_modules\pm2\node_modules\require-in-the-middle\index.js:81:25)
    at require (node:internal/modules/cjs/helpers:103:18)
    at Object.<anonymous> (C:\Users\Devops3\Downloads\typescript-express-starter-master\typescript-express-starter-master\lib\default\src\server.ts:1:1)
    at Module._compile (node:internal/modules/cjs/loader:1159:14)
    at Object.Module._extensions..js (node:internal/modules/cjs/loader:1213:10)
    at Module.load (node:internal/modules/cjs/loader:1037:32)
    at Function.Module._load (node:internal/modules/cjs/loader:878:12)
    at C:\Users\Devops3\AppData\Roaming\npm\node_modules\pm2\lib\ProcessContainer.js:303:25
    at wrapper (C:\Users\Devops3\AppData\Roaming\npm\node_modules\pm2\node_modules\async\internal\once.js:12:16)
Error: Cannot find module '@/app'
Require stack:
- C:\Users\Devops3\Downloads\typescript-express-starter-master\typescript-express-starter-master\lib\default\dist\server.js
    at Function.Module._resolveFilename (node:internal/modules/cjs/loader:995:15)
    at Module.Hook._require.Module.require (C:\Users\Devops3\AppData\Roaming\npm\node_modules\pm2\node_modules\require-in-the-middle\index.js:81:25)
    at require (node:internal/modules/cjs/helpers:103:18)
    at Object.<anonymous> (C:\Users\Devops3\Downloads\typescript-express-starter-master\typescript-express-starter-master\lib\default\src\server.ts:1:1)
    at Module._compile (node:internal/modules/cjs/loader:1159:14)
    at Object.Module._extensions..js (node:internal/modules/cjs/loader:1213:10)
    at Module.load (node:internal/modules/cjs/loader:1037:32)
    at Function.Module._load (node:internal/modules/cjs/loader:878:12)
    at C:\Users\Devops3\AppData\Roaming\npm\node_modules\pm2\lib\ProcessContainer.js:303:25
    at wrapper (C:\Users\Devops3\AppData\Roaming\npm\node_modules\pm2\node_modules\async\internal\once.js:12:16)
Error: Cannot find module '@/app'
Require stack:
- C:\Users\Devops3\Downloads\typescript-express-starter-master\typescript-express-starter-master\lib\default\dist\server.js
    at Function.Module._resolveFilename (node:internal/modules/cjs/loader:995:15)
    at Module.Hook._require.Module.require (C:\Users\Devops3\AppData\Roaming\npm\node_modules\pm2\node_modules\require-in-the-middle\index.js:81:25)
    at require (node:internal/modules/cjs/helpers:103:18)
    at Object.<anonymous> (C:\Users\Devops3\Downloads\typescript-express-starter-master\typescript-express-starter-master\lib\default\src\server.ts:1:1)
    at Module._compile (node:internal/modules/cjs/loader:1159:14)
    at Object.Module._extensions..js (node:internal/modules/cjs/loader:1213:10)
    at Module.load (node:internal/modules/cjs/loader:1037:32)
    at Function.Module._load (node:internal/modules/cjs/loader:878:12)
    at C:\Users\Devops3\AppData\Roaming\npm\node_modules\pm2\lib\ProcessContainer.js:303:25
    at wrapper (C:\Users\Devops3\AppData\Roaming\npm\node_modules\pm2\node_modules\async\internal\once.js:12:16)
Error: Cannot find module '@/app'
Require stack:
- C:\Users\Devops3\Downloads\typescript-express-starter-master\typescript-express-starter-master\lib\default\dist\server.js
    at Function.Module._resolveFilename (node:internal/modules/cjs/loader:995:15)
    at Module.Hook._require.Module.require (C:\Users\Devops3\AppData\Roaming\npm\node_modules\pm2\node_modules\require-in-the-middle\index.js:81:25)
    at require (node:internal/modules/cjs/helpers:103:18)
    at Object.<anonymous> (C:\Users\Devops3\Downloads\typescript-express-starter-master\typescript-express-starter-master\lib\default\src\server.ts:1:1)
    at Module._compile (node:internal/modules/cjs/loader:1159:14)
    at Object.Module._extensions..js (node:internal/modules/cjs/loader:1213:10)
    at Module.load (node:internal/modules/cjs/loader:1037:32)
    at Function.Module._load (node:internal/modules/cjs/loader:878:12)
    at C:\Users\Devops3\AppData\Roaming\npm\node_modules\pm2\lib\ProcessContainer.js:303:25
    at wrapper (C:\Users\Devops3\AppData\Roaming\npm\node_modules\pm2\node_modules\async\internal\once.js:12:16)
Error: Cannot find module '@/app'
Require stack:
- C:\Users\Devops3\Downloads\typescript-express-starter-master\typescript-express-starter-master\lib\default\dist\server.js
    at Function.Module._resolveFilename (node:internal/modules/cjs/loader:995:15)
    at Module.Hook._require.Module.require (C:\Users\Devops3\AppData\Roaming\npm\node_modules\pm2\node_modules\require-in-the-middle\index.js:81:25)
    at require (node:internal/modules/cjs/helpers:103:18)
    at Object.<anonymous> (C:\Users\Devops3\Downloads\typescript-express-starter-master\typescript-express-starter-master\lib\default\src\server.ts:1:1)
    at Module._compile (node:internal/modules/cjs/loader:1159:14)
    at Object.Module._extensions..js (node:internal/modules/cjs/loader:1213:10)
    at Module.load (node:internal/modules/cjs/loader:1037:32)
    at Function.Module._load (node:internal/modules/cjs/loader:878:12)
    at C:\Users\Devops3\AppData\Roaming\npm\node_modules\pm2\lib\ProcessContainer.js:303:25
    at wrapper (C:\Users\Devops3\AppData\Roaming\npm\node_modules\pm2\node_modules\async\internal\once.js:12:16)
Error: Cannot find module '@/app'
Require stack:
- C:\Users\Devops3\Downloads\typescript-express-starter-master\typescript-express-starter-master\lib\default\dist\server.js
    at Function.Module._resolveFilename (node:internal/modules/cjs/loader:995:15)
    at Module.Hook._require.Module.require (C:\Users\Devops3\AppData\Roaming\npm\node_modules\pm2\node_modules\require-in-the-middle\index.js:81:25)
    at require (node:internal/modules/cjs/helpers:103:18)
    at Object.<anonymous> (C:\Users\Devops3\Downloads\typescript-express-starter-master\typescript-express-starter-master\lib\default\src\server.ts:1:1)
    at Module._compile (node:internal/modules/cjs/loader:1159:14)
    at Object.Module._extensions..js (node:internal/modules/cjs/loader:1213:10)
    at Module.load (node:internal/modules/cjs/loader:1037:32)
    at Function.Module._load (node:internal/modules/cjs/loader:878:12)
    at C:\Users\Devops3\AppData\Roaming\npm\node_modules\pm2\lib\ProcessContainer.js:303:25
    at wrapper (C:\Users\Devops3\AppData\Roaming\npm\node_modules\pm2\node_modules\async\internal\once.js:12:16)
Error: Cannot find module '@/app'
Require stack:
- C:\Users\Devops3\Downloads\typescript-express-starter-master\typescript-express-starter-master\lib\default\dist\server.js
    at Function.Module._resolveFilename (node:internal/modules/cjs/loader:995:15)
    at Module.Hook._require.Module.require (C:\Users\Devops3\AppData\Roaming\npm\node_modules\pm2\node_modules\require-in-the-middle\index.js:81:25)
    at require (node:internal/modules/cjs/helpers:103:18)
    at Object.<anonymous> (C:\Users\Devops3\Downloads\typescript-express-starter-master\typescript-express-starter-master\lib\default\src\server.ts:1:1)
    at Module._compile (node:internal/modules/cjs/loader:1159:14)
    at Object.Module._extensions..js (node:internal/modules/cjs/loader:1213:10)
    at Module.load (node:internal/modules/cjs/loader:1037:32)
    at Function.Module._load (node:internal/modules/cjs/loader:878:12)
    at C:\Users\Devops3\AppData\Roaming\npm\node_modules\pm2\lib\ProcessContainer.js:303:25
    at wrapper (C:\Users\Devops3\AppData\Roaming\npm\node_modules\pm2\node_modules\async\internal\once.js:12:16)
Error: Cannot find module '@/app'
Require stack:
- C:\Users\Devops3\Downloads\typescript-express-starter-master\typescript-express-starter-master\lib\default\dist\server.js
    at Function.Module._resolveFilename (node:internal/modules/cjs/loader:995:15)
    at Module.Hook._require.Module.require (C:\Users\Devops3\AppData\Roaming\npm\node_modules\pm2\node_modules\require-in-the-middle\index.js:81:25)
    at require (node:internal/modules/cjs/helpers:103:18)
    at Object.<anonymous> (C:\Users\Devops3\Downloads\typescript-express-starter-master\typescript-express-starter-master\lib\default\src\server.ts:1:1)
    at Module._compile (node:internal/modules/cjs/loader:1159:14)
    at Object.Module._extensions..js (node:internal/modules/cjs/loader:1213:10)
    at Module.load (node:internal/modules/cjs/loader:1037:32)
    at Function.Module._load (node:internal/modules/cjs/loader:878:12)
    at C:\Users\Devops3\AppData\Roaming\npm\node_modules\pm2\lib\ProcessContainer.js:303:25
    at wrapper (C:\Users\Devops3\AppData\Roaming\npm\node_modules\pm2\node_modules\async\internal\once.js:12:16)
Error: Cannot find module '@/app'
Require stack:
- C:\Users\Devops3\Downloads\typescript-express-starter-master\typescript-express-starter-master\lib\default\dist\server.js
    at Function.Module._resolveFilename (node:internal/modules/cjs/loader:995:15)
    at Module.Hook._require.Module.require (C:\Users\Devops3\AppData\Roaming\npm\node_modules\pm2\node_modules\require-in-the-middle\index.js:81:25)
    at require (node:internal/modules/cjs/helpers:103:18)
    at Object.<anonymous> (C:\Users\Devops3\Downloads\typescript-express-starter-master\typescript-express-starter-master\lib\default\src\server.ts:1:1)
    at Module._compile (node:internal/modules/cjs/loader:1159:14)
    at Object.Module._extensions..js (node:internal/modules/cjs/loader:1213:10)
    at Module.load (node:internal/modules/cjs/loader:1037:32)
    at Function.Module._load (node:internal/modules/cjs/loader:878:12)
    at C:\Users\Devops3\AppData\Roaming\npm\node_modules\pm2\lib\ProcessContainer.js:303:25
    at wrapper (C:\Users\Devops3\AppData\Roaming\npm\node_modules\pm2\node_modules\async\internal\once.js:12:16)
Error: Cannot find module '@/app'
Require stack:
- C:\Users\Devops3\Downloads\typescript-express-starter-master\typescript-express-starter-master\lib\default\dist\server.js
    at Function.Module._resolveFilename (node:internal/modules/cjs/loader:995:15)
    at Module.Hook._require.Module.require (C:\Users\Devops3\AppData\Roaming\npm\node_modules\pm2\node_modules\require-in-the-middle\index.js:81:25)
    at require (node:internal/modules/cjs/helpers:103:18)
    at Object.<anonymous> (C:\Users\Devops3\Downloads\typescript-express-starter-master\typescript-express-starter-master\lib\default\src\server.ts:1:1)
    at Module._compile (node:internal/modules/cjs/loader:1159:14)
    at Object.Module._extensions..js (node:internal/modules/cjs/loader:1213:10)
    at Module.load (node:internal/modules/cjs/loader:1037:32)
    at Function.Module._load (node:internal/modules/cjs/loader:878:12)
    at C:\Users\Devops3\AppData\Roaming\npm\node_modules\pm2\lib\ProcessContainer.js:303:25
    at wrapper (C:\Users\Devops3\AppData\Roaming\npm\node_modules\pm2\node_modules\async\internal\once.js:12:16)
Error: Cannot find module '@/app'
Require stack:
- C:\Users\Devops3\Downloads\typescript-express-starter-master\typescript-express-starter-master\lib\default\dist\server.js
    at Function.Module._resolveFilename (node:internal/modules/cjs/loader:995:15)
    at Module.Hook._require.Module.require (C:\Users\Devops3\AppData\Roaming\npm\node_modules\pm2\node_modules\require-in-the-middle\index.js:81:25)
    at require (node:internal/modules/cjs/helpers:103:18)
    at Object.<anonymous> (C:\Users\Devops3\Downloads\typescript-express-starter-master\typescript-express-starter-master\lib\default\src\server.ts:1:1)
    at Module._compile (node:internal/modules/cjs/loader:1159:14)
    at Object.Module._extensions..js (node:internal/modules/cjs/loader:1213:10)
    at Module.load (node:internal/modules/cjs/loader:1037:32)
    at Function.Module._load (node:internal/modules/cjs/loader:878:12)
    at C:\Users\Devops3\AppData\Roaming\npm\node_modules\pm2\lib\ProcessContainer.js:303:25
    at wrapper (C:\Users\Devops3\AppData\Roaming\npm\node_modules\pm2\node_modules\async\internal\once.js:12:16)
Error: Cannot find module '@/app'
Require stack:
- C:\Users\Devops3\Downloads\typescript-express-starter-master\typescript-express-starter-master\lib\default\dist\server.js
    at Function.Module._resolveFilename (node:internal/modules/cjs/loader:995:15)
    at Module.Hook._require.Module.require (C:\Users\Devops3\AppData\Roaming\npm\node_modules\pm2\node_modules\require-in-the-middle\index.js:81:25)
    at require (node:internal/modules/cjs/helpers:103:18)
    at Object.<anonymous> (C:\Users\Devops3\Downloads\typescript-express-starter-master\typescript-express-starter-master\lib\default\src\server.ts:1:1)
    at Module._compile (node:internal/modules/cjs/loader:1159:14)
    at Object.Module._extensions..js (node:internal/modules/cjs/loader:1213:10)
    at Module.load (node:internal/modules/cjs/loader:1037:32)
    at Function.Module._load (node:internal/modules/cjs/loader:878:12)
    at C:\Users\Devops3\AppData\Roaming\npm\node_modules\pm2\lib\ProcessContainer.js:303:25
    at wrapper (C:\Users\Devops3\AppData\Roaming\npm\node_modules\pm2\node_modules\async\internal\once.js:12:16)
Error: Cannot find module '@/app'
Require stack:
- C:\Users\Devops3\Downloads\typescript-express-starter-master\typescript-express-starter-master\lib\default\dist\server.js
    at Function.Module._resolveFilename (node:internal/modules/cjs/loader:995:15)
    at Module.Hook._require.Module.require (C:\Users\Devops3\AppData\Roaming\npm\node_modules\pm2\node_modules\require-in-the-middle\index.js:81:25)
    at require (node:internal/modules/cjs/helpers:103:18)
    at Object.<anonymous> (C:\Users\Devops3\Downloads\typescript-express-starter-master\typescript-express-starter-master\lib\default\src\server.ts:1:1)
    at Module._compile (node:internal/modules/cjs/loader:1159:14)
    at Object.Module._extensions..js (node:internal/modules/cjs/loader:1213:10)
    at Module.load (node:internal/modules/cjs/loader:1037:32)
    at Function.Module._load (node:internal/modules/cjs/loader:878:12)
    at C:\Users\Devops3\AppData\Roaming\npm\node_modules\pm2\lib\ProcessContainer.js:303:25
    at wrapper (C:\Users\Devops3\AppData\Roaming\npm\node_modules\pm2\node_modules\async\internal\once.js:12:16)
Error: Cannot find module '@/app'
Require stack:
- C:\Users\Devops3\Downloads\typescript-express-starter-master\typescript-express-starter-master\lib\default\dist\server.js
    at Function.Module._resolveFilename (node:internal/modules/cjs/loader:995:15)
    at Module.Hook._require.Module.require (C:\Users\Devops3\AppData\Roaming\npm\node_modules\pm2\node_modules\require-in-the-middle\index.js:81:25)
    at require (node:internal/modules/cjs/helpers:103:18)
    at Object.<anonymous> (C:\Users\Devops3\Downloads\typescript-express-starter-master\typescript-express-starter-master\lib\default\src\server.ts:1:1)
    at Module._compile (node:internal/modules/cjs/loader:1159:14)
    at Object.Module._extensions..js (node:internal/modules/cjs/loader:1213:10)
    at Module.load (node:internal/modules/cjs/loader:1037:32)
    at Function.Module._load (node:internal/modules/cjs/loader:878:12)
    at C:\Users\Devops3\AppData\Roaming\npm\node_modules\pm2\lib\ProcessContainer.js:303:25
    at wrapper (C:\Users\Devops3\AppData\Roaming\npm\node_modules\pm2\node_modules\async\internal\once.js:12:16)
Error: Cannot find module '@/app'
Require stack:
- C:\Users\Devops3\Downloads\typescript-express-starter-master\typescript-express-starter-master\lib\default\dist\server.js
    at Function.Module._resolveFilename (node:internal/modules/cjs/loader:995:15)
    at Module.Hook._require.Module.require (C:\Users\Devops3\AppData\Roaming\npm\node_modules\pm2\node_modules\require-in-the-middle\index.js:81:25)
    at require (node:internal/modules/cjs/helpers:103:18)
    at Object.<anonymous> (C:\Users\Devops3\Downloads\typescript-express-starter-master\typescript-express-starter-master\lib\default\src\server.ts:1:1)
    at Module._compile (node:internal/modules/cjs/loader:1159:14)
    at Object.Module._extensions..js (node:internal/modules/cjs/loader:1213:10)
    at Module.load (node:internal/modules/cjs/loader:1037:32)
    at Function.Module._load (node:internal/modules/cjs/loader:878:12)
    at C:\Users\Devops3\AppData\Roaming\npm\node_modules\pm2\lib\ProcessContainer.js:303:25
    at wrapper (C:\Users\Devops3\AppData\Roaming\npm\node_modules\pm2\node_modules\async\internal\once.js:12:16)
Error: Cannot find module '@/app'
Require stack:
- C:\Users\Devops3\Downloads\typescript-express-starter-master\typescript-express-starter-master\lib\default\dist\server.js
    at Function.Module._resolveFilename (node:internal/modules/cjs/loader:995:15)
    at Module.Hook._require.Module.require (C:\Users\Devops3\AppData\Roaming\npm\node_modules\pm2\node_modules\require-in-the-middle\index.js:81:25)
    at require (node:internal/modules/cjs/helpers:103:18)
    at Object.<anonymous> (C:\Users\Devops3\Downloads\typescript-express-starter-master\typescript-express-starter-master\lib\default\src\server.ts:1:1)
    at Module._compile (node:internal/modules/cjs/loader:1159:14)
    at Object.Module._extensions..js (node:internal/modules/cjs/loader:1213:10)
    at Module.load (node:internal/modules/cjs/loader:1037:32)
    at Function.Module._load (node:internal/modules/cjs/loader:878:12)
    at C:\Users\Devops3\AppData\Roaming\npm\node_modules\pm2\lib\ProcessContainer.js:303:25
    at wrapper (C:\Users\Devops3\AppData\Roaming\npm\node_modules\pm2\node_modules\async\internal\once.js:12:16)
Error: Cannot find module '@/app'
Require stack:
- C:\Users\Devops3\Downloads\typescript-express-starter-master\typescript-express-starter-master\lib\default\dist\server.js
    at Function.Module._resolveFilename (node:internal/modules/cjs/loader:995:15)
    at Module.Hook._require.Module.require (C:\Users\Devops3\AppData\Roaming\npm\node_modules\pm2\node_modules\require-in-the-middle\index.js:81:25)
    at require (node:internal/modules/cjs/helpers:103:18)
    at Object.<anonymous> (C:\Users\Devops3\Downloads\typescript-express-starter-master\typescript-express-starter-master\lib\default\src\server.ts:1:1)
    at Module._compile (node:internal/modules/cjs/loader:1159:14)
    at Object.Module._extensions..js (node:internal/modules/cjs/loader:1213:10)
    at Module.load (node:internal/modules/cjs/loader:1037:32)
    at Function.Module._load (node:internal/modules/cjs/loader:878:12)
    at C:\Users\Devops3\AppData\Roaming\npm\node_modules\pm2\lib\ProcessContainer.js:303:25
    at wrapper (C:\Users\Devops3\AppData\Roaming\npm\node_modules\pm2\node_modules\async\internal\once.js:12:16)
Error: Cannot find module '@/app'
Require stack:
- C:\Users\Devops3\Downloads\typescript-express-starter-master\typescript-express-starter-master\lib\default\dist\server.js
    at Function.Module._resolveFilename (node:internal/modules/cjs/loader:995:15)
    at Module.Hook._require.Module.require (C:\Users\Devops3\AppData\Roaming\npm\node_modules\pm2\node_modules\require-in-the-middle\index.js:81:25)
    at require (node:internal/modules/cjs/helpers:103:18)
    at Object.<anonymous> (C:\Users\Devops3\Downloads\typescript-express-starter-master\typescript-express-starter-master\lib\default\src\server.ts:1:1)
    at Module._compile (node:internal/modules/cjs/loader:1159:14)
    at Object.Module._extensions..js (node:internal/modules/cjs/loader:1213:10)
    at Module.load (node:internal/modules/cjs/loader:1037:32)
    at Function.Module._load (node:internal/modules/cjs/loader:878:12)
    at C:\Users\Devops3\AppData\Roaming\npm\node_modules\pm2\lib\ProcessContainer.js:303:25
    at wrapper (C:\Users\Devops3\AppData\Roaming\npm\node_modules\pm2\node_modules\async\internal\once.js:12:16)
Error: Cannot find module '@/app'
Require stack:
- C:\Users\Devops3\Downloads\typescript-express-starter-master\typescript-express-starter-master\lib\default\dist\server.js
    at Function.Module._resolveFilename (node:internal/modules/cjs/loader:995:15)
    at Module.Hook._require.Module.require (C:\Users\Devops3\AppData\Roaming\npm\node_modules\pm2\node_modules\require-in-the-middle\index.js:81:25)
    at require (node:internal/modules/cjs/helpers:103:18)
    at Object.<anonymous> (C:\Users\Devops3\Downloads\typescript-express-starter-master\typescript-express-starter-master\lib\default\src\server.ts:1:1)
    at Module._compile (node:internal/modules/cjs/loader:1159:14)
    at Object.Module._extensions..js (node:internal/modules/cjs/loader:1213:10)
    at Module.load (node:internal/modules/cjs/loader:1037:32)
    at Function.Module._load (node:internal/modules/cjs/loader:878:12)
    at C:\Users\Devops3\AppData\Roaming\npm\node_modules\pm2\lib\ProcessContainer.js:303:25
    at wrapper (C:\Users\Devops3\AppData\Roaming\npm\node_modules\pm2\node_modules\async\internal\once.js:12:16)
Error: Cannot find module '@/app'
Require stack:
- C:\Users\Devops3\Downloads\typescript-express-starter-master\typescript-express-starter-master\lib\default\dist\server.js
    at Function.Module._resolveFilename (node:internal/modules/cjs/loader:995:15)
    at Module.Hook._require.Module.require (C:\Users\Devops3\AppData\Roaming\npm\node_modules\pm2\node_modules\require-in-the-middle\index.js:81:25)
    at require (node:internal/modules/cjs/helpers:103:18)
    at Object.<anonymous> (C:\Users\Devops3\Downloads\typescript-express-starter-master\typescript-express-starter-master\lib\default\src\server.ts:1:1)
    at Module._compile (node:internal/modules/cjs/loader:1159:14)
    at Object.Module._extensions..js (node:internal/modules/cjs/loader:1213:10)
    at Module.load (node:internal/modules/cjs/loader:1037:32)
    at Function.Module._load (node:internal/modules/cjs/loader:878:12)
    at C:\Users\Devops3\AppData\Roaming\npm\node_modules\pm2\lib\ProcessContainer.js:303:25
    at wrapper (C:\Users\Devops3\AppData\Roaming\npm\node_modules\pm2\node_modules\async\internal\once.js:12:16)
Error: Cannot find module '@/app'
Require stack:
- C:\Users\Devops3\Downloads\typescript-express-starter-master\typescript-express-starter-master\lib\default\dist\server.js
    at Function.Module._resolveFilename (node:internal/modules/cjs/loader:995:15)
    at Module.Hook._require.Module.require (C:\Users\Devops3\AppData\Roaming\npm\node_modules\pm2\node_modules\require-in-the-middle\index.js:81:25)
    at require (node:internal/modules/cjs/helpers:103:18)
    at Object.<anonymous> (C:\Users\Devops3\Downloads\typescript-express-starter-master\typescript-express-starter-master\lib\default\src\server.ts:1:1)
    at Module._compile (node:internal/modules/cjs/loader:1159:14)
    at Object.Module._extensions..js (node:internal/modules/cjs/loader:1213:10)
    at Module.load (node:internal/modules/cjs/loader:1037:32)
    at Function.Module._load (node:internal/modules/cjs/loader:878:12)
    at C:\Users\Devops3\AppData\Roaming\npm\node_modules\pm2\lib\ProcessContainer.js:303:25
    at wrapper (C:\Users\Devops3\AppData\Roaming\npm\node_modules\pm2\node_modules\async\internal\once.js:12:16)
Error: Cannot find module '@/app'
Require stack:
- C:\Users\Devops3\Downloads\typescript-express-starter-master\typescript-express-starter-master\lib\default\dist\server.js
    at Function.Module._resolveFilename (node:internal/modules/cjs/loader:995:15)
    at Module.Hook._require.Module.require (C:\Users\Devops3\AppData\Roaming\npm\node_modules\pm2\node_modules\require-in-the-middle\index.js:81:25)
    at require (node:internal/modules/cjs/helpers:103:18)
    at Object.<anonymous> (C:\Users\Devops3\Downloads\typescript-express-starter-master\typescript-express-starter-master\lib\default\src\server.ts:1:1)
    at Module._compile (node:internal/modules/cjs/loader:1159:14)
    at Object.Module._extensions..js (node:internal/modules/cjs/loader:1213:10)
    at Module.load (node:internal/modules/cjs/loader:1037:32)
    at Function.Module._load (node:internal/modules/cjs/loader:878:12)
    at C:\Users\Devops3\AppData\Roaming\npm\node_modules\pm2\lib\ProcessContainer.js:303:25
    at wrapper (C:\Users\Devops3\AppData\Roaming\npm\node_modules\pm2\node_modules\async\internal\once.js:12:16)
Error: Cannot find module '@/app'
Require stack:
- C:\Users\Devops3\Downloads\typescript-express-starter-master\typescript-express-starter-master\lib\default\dist\server.js
    at Function.Module._resolveFilename (node:internal/modules/cjs/loader:995:15)
    at Module.Hook._require.Module.require (C:\Users\Devops3\AppData\Roaming\npm\node_modules\pm2\node_modules\require-in-the-middle\index.js:81:25)
    at require (node:internal/modules/cjs/helpers:103:18)
    at Object.<anonymous> (C:\Users\Devops3\Downloads\typescript-express-starter-master\typescript-express-starter-master\lib\default\src\server.ts:1:1)
    at Module._compile (node:internal/modules/cjs/loader:1159:14)
    at Object.Module._extensions..js (node:internal/modules/cjs/loader:1213:10)
    at Module.load (node:internal/modules/cjs/loader:1037:32)
    at Function.Module._load (node:internal/modules/cjs/loader:878:12)
    at C:\Users\Devops3\AppData\Roaming\npm\node_modules\pm2\lib\ProcessContainer.js:303:25
    at wrapper (C:\Users\Devops3\AppData\Roaming\npm\node_modules\pm2\node_modules\async\internal\once.js:12:16)
Error: Cannot find module '@/app'
Require stack:
- C:\Users\Devops3\Downloads\typescript-express-starter-master\typescript-express-starter-master\lib\default\dist\server.js
    at Function.Module._resolveFilename (node:internal/modules/cjs/loader:995:15)
    at Module.Hook._require.Module.require (C:\Users\Devops3\AppData\Roaming\npm\node_modules\pm2\node_modules\require-in-the-middle\index.js:81:25)
    at require (node:internal/modules/cjs/helpers:103:18)
    at Object.<anonymous> (C:\Users\Devops3\Downloads\typescript-express-starter-master\typescript-express-starter-master\lib\default\src\server.ts:1:1)
    at Module._compile (node:internal/modules/cjs/loader:1159:14)
    at Object.Module._extensions..js (node:internal/modules/cjs/loader:1213:10)
    at Module.load (node:internal/modules/cjs/loader:1037:32)
    at Function.Module._load (node:internal/modules/cjs/loader:878:12)
    at C:\Users\Devops3\AppData\Roaming\npm\node_modules\pm2\lib\ProcessContainer.js:303:25
    at wrapper (C:\Users\Devops3\AppData\Roaming\npm\node_modules\pm2\node_modules\async\internal\once.js:12:16)
Error: Cannot find module '@/app'
Require stack:
- C:\Users\Devops3\Downloads\typescript-express-starter-master\typescript-express-starter-master\lib\default\dist\server.js
    at Function.Module._resolveFilename (node:internal/modules/cjs/loader:995:15)
    at Module.Hook._require.Module.require (C:\Users\Devops3\AppData\Roaming\npm\node_modules\pm2\node_modules\require-in-the-middle\index.js:81:25)
    at require (node:internal/modules/cjs/helpers:103:18)
    at Object.<anonymous> (C:\Users\Devops3\Downloads\typescript-express-starter-master\typescript-express-starter-master\lib\default\src\server.ts:1:1)
    at Module._compile (node:internal/modules/cjs/loader:1159:14)
    at Object.Module._extensions..js (node:internal/modules/cjs/loader:1213:10)
    at Module.load (node:internal/modules/cjs/loader:1037:32)
    at Function.Module._load (node:internal/modules/cjs/loader:878:12)
    at C:\Users\Devops3\AppData\Roaming\npm\node_modules\pm2\lib\ProcessContainer.js:303:25
    at wrapper (C:\Users\Devops3\AppData\Roaming\npm\node_modules\pm2\node_modules\async\internal\once.js:12:16)
Error: Cannot find module '@/app'
Require stack:
- C:\Users\Devops3\Downloads\typescript-express-starter-master\typescript-express-starter-master\lib\default\dist\server.js
    at Function.Module._resolveFilename (node:internal/modules/cjs/loader:995:15)
    at Module.Hook._require.Module.require (C:\Users\Devops3\AppData\Roaming\npm\node_modules\pm2\node_modules\require-in-the-middle\index.js:81:25)
    at require (node:internal/modules/cjs/helpers:103:18)
    at Object.<anonymous> (C:\Users\Devops3\Downloads\typescript-express-starter-master\typescript-express-starter-master\lib\default\src\server.ts:1:1)
    at Module._compile (node:internal/modules/cjs/loader:1159:14)
    at Object.Module._extensions..js (node:internal/modules/cjs/loader:1213:10)
    at Module.load (node:internal/modules/cjs/loader:1037:32)
    at Function.Module._load (node:internal/modules/cjs/loader:878:12)
    at C:\Users\Devops3\AppData\Roaming\npm\node_modules\pm2\lib\ProcessContainer.js:303:25
    at wrapper (C:\Users\Devops3\AppData\Roaming\npm\node_modules\pm2\node_modules\async\internal\once.js:12:16)
Error: Cannot find module '@/app'
Require stack:
- C:\Users\Devops3\Downloads\typescript-express-starter-master\typescript-express-starter-master\lib\default\dist\server.js
    at Function.Module._resolveFilename (node:internal/modules/cjs/loader:995:15)
    at Module.Hook._require.Module.require (C:\Users\Devops3\AppData\Roaming\npm\node_modules\pm2\node_modules\require-in-the-middle\index.js:81:25)
    at require (node:internal/modules/cjs/helpers:103:18)
    at Object.<anonymous> (C:\Users\Devops3\Downloads\typescript-express-starter-master\typescript-express-starter-master\lib\default\src\server.ts:1:1)
    at Module._compile (node:internal/modules/cjs/loader:1159:14)
    at Object.Module._extensions..js (node:internal/modules/cjs/loader:1213:10)
    at Module.load (node:internal/modules/cjs/loader:1037:32)
    at Function.Module._load (node:internal/modules/cjs/loader:878:12)
    at C:\Users\Devops3\AppData\Roaming\npm\node_modules\pm2\lib\ProcessContainer.js:303:25
    at wrapper (C:\Users\Devops3\AppData\Roaming\npm\node_modules\pm2\node_modules\async\internal\once.js:12:16)
Error: Cannot find module '@/app'
Require stack:
- C:\Users\Devops3\Downloads\typescript-express-starter-master\typescript-express-starter-master\lib\default\dist\server.js
    at Function.Module._resolveFilename (node:internal/modules/cjs/loader:995:15)
    at Module.Hook._require.Module.require (C:\Users\Devops3\AppData\Roaming\npm\node_modules\pm2\node_modules\require-in-the-middle\index.js:81:25)
    at require (node:internal/modules/cjs/helpers:103:18)
    at Object.<anonymous> (C:\Users\Devops3\Downloads\typescript-express-starter-master\typescript-express-starter-master\lib\default\src\server.ts:1:1)
    at Module._compile (node:internal/modules/cjs/loader:1159:14)
    at Object.Module._extensions..js (node:internal/modules/cjs/loader:1213:10)
    at Module.load (node:internal/modules/cjs/loader:1037:32)
    at Function.Module._load (node:internal/modules/cjs/loader:878:12)
    at C:\Users\Devops3\AppData\Roaming\npm\node_modules\pm2\lib\ProcessContainer.js:303:25
    at wrapper (C:\Users\Devops3\AppData\Roaming\npm\node_modules\pm2\node_modules\async\internal\once.js:12:16)
Error: Cannot find module '@/app'
Require stack:
- C:\Users\Devops3\Downloads\typescript-express-starter-master\typescript-express-starter-master\lib\default\dist\server.js
    at Function.Module._resolveFilename (node:internal/modules/cjs/loader:995:15)
    at Module.Hook._require.Module.require (C:\Users\Devops3\AppData\Roaming\npm\node_modules\pm2\node_modules\require-in-the-middle\index.js:81:25)
    at require (node:internal/modules/cjs/helpers:103:18)
    at Object.<anonymous> (C:\Users\Devops3\Downloads\typescript-express-starter-master\typescript-express-starter-master\lib\default\src\server.ts:1:1)
    at Module._compile (node:internal/modules/cjs/loader:1159:14)
    at Object.Module._extensions..js (node:internal/modules/cjs/loader:1213:10)
    at Module.load (node:internal/modules/cjs/loader:1037:32)
    at Function.Module._load (node:internal/modules/cjs/loader:878:12)
    at C:\Users\Devops3\AppData\Roaming\npm\node_modules\pm2\lib\ProcessContainer.js:303:25
    at wrapper (C:\Users\Devops3\AppData\Roaming\npm\node_modules\pm2\node_modules\async\internal\once.js:12:16)
Error: Cannot find module '@/app'
Require stack:
- C:\Users\Devops3\Downloads\typescript-express-starter-master\typescript-express-starter-master\lib\default\dist\server.js
    at Function.Module._resolveFilename (node:internal/modules/cjs/loader:995:15)
    at Module.Hook._require.Module.require (C:\Users\Devops3\AppData\Roaming\npm\node_modules\pm2\node_modules\require-in-the-middle\index.js:81:25)
    at require (node:internal/modules/cjs/helpers:103:18)
    at Object.<anonymous> (C:\Users\Devops3\Downloads\typescript-express-starter-master\typescript-express-starter-master\lib\default\src\server.ts:1:1)
    at Module._compile (node:internal/modules/cjs/loader:1159:14)
    at Object.Module._extensions..js (node:internal/modules/cjs/loader:1213:10)
    at Module.load (node:internal/modules/cjs/loader:1037:32)
    at Function.Module._load (node:internal/modules/cjs/loader:878:12)
    at C:\Users\Devops3\AppData\Roaming\npm\node_modules\pm2\lib\ProcessContainer.js:303:25
    at wrapper (C:\Users\Devops3\AppData\Roaming\npm\node_modules\pm2\node_modules\async\internal\once.js:12:16)
Error: Cannot find module '@/app'
Require stack:
- C:\Users\Devops3\Downloads\typescript-express-starter-master\typescript-express-starter-master\lib\default\dist\server.js
    at Function.Module._resolveFilename (node:internal/modules/cjs/loader:995:15)
    at Module.Hook._require.Module.require (C:\Users\Devops3\AppData\Roaming\npm\node_modules\pm2\node_modules\require-in-the-middle\index.js:81:25)
    at require (node:internal/modules/cjs/helpers:103:18)
    at Object.<anonymous> (C:\Users\Devops3\Downloads\typescript-express-starter-master\typescript-express-starter-master\lib\default\src\server.ts:1:1)
    at Module._compile (node:internal/modules/cjs/loader:1159:14)
    at Object.Module._extensions..js (node:internal/modules/cjs/loader:1213:10)
    at Module.load (node:internal/modules/cjs/loader:1037:32)
    at Function.Module._load (node:internal/modules/cjs/loader:878:12)
    at C:\Users\Devops3\AppData\Roaming\npm\node_modules\pm2\lib\ProcessContainer.js:303:25
    at wrapper (C:\Users\Devops3\AppData\Roaming\npm\node_modules\pm2\node_modules\async\internal\once.js:12:16)
C:\USERS\DEVOPS3\DOWNLOADS\TYPESCRIPT-EXPRESS-STARTER-MASTER\TYPESCRIPT-EXPRESS-STARTER-MASTER\LIB\DEFAULT\NODE_MODULES\.BIN\TS-NODE.CMD:1
@ECHO off
^

SyntaxError: Invalid or unexpected token
    at Object.compileFunction (node:vm:360:18)
    at wrapSafe (node:internal/modules/cjs/loader:1088:15)
    at Module._compile (node:internal/modules/cjs/loader:1123:27)
    at Module._extensions..js (node:internal/modules/cjs/loader:1213:10)
    at Module.load (node:internal/modules/cjs/loader:1037:32)
    at Module._load (node:internal/modules/cjs/loader:878:12)
    at C:\Users\Devops3\Downloads\typescript-express-starter-master\typescript-express-starter-master\lib\default\node_modules\pm2\lib\ProcessContainer.js:303:25
    at wrapper (C:\Users\Devops3\Downloads\typescript-express-starter-master\typescript-express-starter-master\lib\default\node_modules\async\internal\once.js:12:16)
    at next (C:\Users\Devops3\Downloads\typescript-express-starter-master\typescript-express-starter-master\lib\default\node_modules\async\waterfall.js:96:20)
    at C:\Users\Devops3\Downloads\typescript-express-starter-master\typescript-express-starter-master\lib\default\node_modules\async\internal\onlyOnce.js:12:16
C:\USERS\DEVOPS3\DOWNLOADS\TYPESCRIPT-EXPRESS-STARTER-MASTER\TYPESCRIPT-EXPRESS-STARTER-MASTER\LIB\DEFAULT\NODE_MODULES\.BIN\TS-NODE.CMD:1
@ECHO off
^

SyntaxError: Invalid or unexpected token
    at Object.compileFunction (node:vm:360:18)
    at wrapSafe (node:internal/modules/cjs/loader:1088:15)
    at Module._compile (node:internal/modules/cjs/loader:1123:27)
    at Module._extensions..js (node:internal/modules/cjs/loader:1213:10)
    at Module.load (node:internal/modules/cjs/loader:1037:32)
    at Module._load (node:internal/modules/cjs/loader:878:12)
    at C:\Users\Devops3\Downloads\typescript-express-starter-master\typescript-express-starter-master\lib\default\node_modules\pm2\lib\ProcessContainer.js:303:25
    at wrapper (C:\Users\Devops3\Downloads\typescript-express-starter-master\typescript-express-starter-master\lib\default\node_modules\async\internal\once.js:12:16)
    at next (C:\Users\Devops3\Downloads\typescript-express-starter-master\typescript-express-starter-master\lib\default\node_modules\async\waterfall.js:96:20)
    at C:\Users\Devops3\Downloads\typescript-express-starter-master\typescript-express-starter-master\lib\default\node_modules\async\internal\onlyOnce.js:12:16
C:\USERS\DEVOPS3\DOWNLOADS\TYPESCRIPT-EXPRESS-STARTER-MASTER\TYPESCRIPT-EXPRESS-STARTER-MASTER\LIB\DEFAULT\NODE_MODULES\.BIN\TS-NODE.CMD:1
@ECHO off
^

SyntaxError: Invalid or unexpected token
    at Object.compileFunction (node:vm:360:18)
    at wrapSafe (node:internal/modules/cjs/loader:1088:15)
    at Module._compile (node:internal/modules/cjs/loader:1123:27)
    at Module._extensions..js (node:internal/modules/cjs/loader:1213:10)
    at Module.load (node:internal/modules/cjs/loader:1037:32)
    at Module._load (node:internal/modules/cjs/loader:878:12)
    at C:\Users\Devops3\Downloads\typescript-express-starter-master\typescript-express-starter-master\lib\default\node_modules\pm2\lib\ProcessContainer.js:303:25
    at wrapper (C:\Users\Devops3\Downloads\typescript-express-starter-master\typescript-express-starter-master\lib\default\node_modules\async\internal\once.js:12:16)
    at next (C:\Users\Devops3\Downloads\typescript-express-starter-master\typescript-express-starter-master\lib\default\node_modules\async\waterfall.js:96:20)
    at C:\Users\Devops3\Downloads\typescript-express-starter-master\typescript-express-starter-master\lib\default\node_modules\async\internal\onlyOnce.js:12:16
C:\USERS\DEVOPS3\DOWNLOADS\TYPESCRIPT-EXPRESS-STARTER-MASTER\TYPESCRIPT-EXPRESS-STARTER-MASTER\LIB\DEFAULT\NODE_MODULES\.BIN\TS-NODE.CMD:1
@ECHO off
^

SyntaxError: Invalid or unexpected token
    at Object.compileFunction (node:vm:360:18)
    at wrapSafe (node:internal/modules/cjs/loader:1088:15)
    at Module._compile (node:internal/modules/cjs/loader:1123:27)
    at Module._extensions..js (node:internal/modules/cjs/loader:1213:10)
    at Module.load (node:internal/modules/cjs/loader:1037:32)
    at Module._load (node:internal/modules/cjs/loader:878:12)
    at C:\Users\Devops3\Downloads\typescript-express-starter-master\typescript-express-starter-master\lib\default\node_modules\pm2\lib\ProcessContainer.js:303:25
    at wrapper (C:\Users\Devops3\Downloads\typescript-express-starter-master\typescript-express-starter-master\lib\default\node_modules\async\internal\once.js:12:16)
    at next (C:\Users\Devops3\Downloads\typescript-express-starter-master\typescript-express-starter-master\lib\default\node_modules\async\waterfall.js:96:20)
    at C:\Users\Devops3\Downloads\typescript-express-starter-master\typescript-express-starter-master\lib\default\node_modules\async\internal\onlyOnce.js:12:16
C:\USERS\DEVOPS3\DOWNLOADS\TYPESCRIPT-EXPRESS-STARTER-MASTER\TYPESCRIPT-EXPRESS-STARTER-MASTER\LIB\DEFAULT\NODE_MODULES\.BIN\TS-NODE.CMD:1
@ECHO off
^

SyntaxError: Invalid or unexpected token
    at Object.compileFunction (node:vm:360:18)
    at wrapSafe (node:internal/modules/cjs/loader:1088:15)
    at Module._compile (node:internal/modules/cjs/loader:1123:27)
    at Module._extensions..js (node:internal/modules/cjs/loader:1213:10)
    at Module.load (node:internal/modules/cjs/loader:1037:32)
    at Module._load (node:internal/modules/cjs/loader:878:12)
    at C:\Users\Devops3\Downloads\typescript-express-starter-master\typescript-express-starter-master\lib\default\node_modules\pm2\lib\ProcessContainer.js:303:25
    at wrapper (C:\Users\Devops3\Downloads\typescript-express-starter-master\typescript-express-starter-master\lib\default\node_modules\async\internal\once.js:12:16)
    at next (C:\Users\Devops3\Downloads\typescript-express-starter-master\typescript-express-starter-master\lib\default\node_modules\async\waterfall.js:96:20)
    at C:\Users\Devops3\Downloads\typescript-express-starter-master\typescript-express-starter-master\lib\default\node_modules\async\internal\onlyOnce.js:12:16
C:\USERS\DEVOPS3\DOWNLOADS\TYPESCRIPT-EXPRESS-STARTER-MASTER\TYPESCRIPT-EXPRESS-STARTER-MASTER\LIB\DEFAULT\NODE_MODULES\.BIN\TS-NODE.CMD:1
@ECHO off
^

SyntaxError: Invalid or unexpected token
    at Object.compileFunction (node:vm:360:18)
    at wrapSafe (node:internal/modules/cjs/loader:1088:15)
    at Module._compile (node:internal/modules/cjs/loader:1123:27)
    at Module._extensions..js (node:internal/modules/cjs/loader:1213:10)
    at Module.load (node:internal/modules/cjs/loader:1037:32)
    at Module._load (node:internal/modules/cjs/loader:878:12)
    at C:\Users\Devops3\Downloads\typescript-express-starter-master\typescript-express-starter-master\lib\default\node_modules\pm2\lib\ProcessContainer.js:303:25
    at wrapper (C:\Users\Devops3\Downloads\typescript-express-starter-master\typescript-express-starter-master\lib\default\node_modules\async\internal\once.js:12:16)
    at next (C:\Users\Devops3\Downloads\typescript-express-starter-master\typescript-express-starter-master\lib\default\node_modules\async\waterfall.js:96:20)
    at C:\Users\Devops3\Downloads\typescript-express-starter-master\typescript-express-starter-master\lib\default\node_modules\async\internal\onlyOnce.js:12:16
C:\USERS\DEVOPS3\DOWNLOADS\TYPESCRIPT-EXPRESS-STARTER-MASTER\TYPESCRIPT-EXPRESS-STARTER-MASTER\LIB\DEFAULT\NODE_MODULES\.BIN\TS-NODE.CMD:1
@ECHO off
^

SyntaxError: Invalid or unexpected token
    at Object.compileFunction (node:vm:360:18)
    at wrapSafe (node:internal/modules/cjs/loader:1088:15)
    at Module._compile (node:internal/modules/cjs/loader:1123:27)
    at Module._extensions..js (node:internal/modules/cjs/loader:1213:10)
    at Module.load (node:internal/modules/cjs/loader:1037:32)
    at Module._load (node:internal/modules/cjs/loader:878:12)
    at C:\Users\Devops3\Downloads\typescript-express-starter-master\typescript-express-starter-master\lib\default\node_modules\pm2\lib\ProcessContainer.js:303:25
    at wrapper (C:\Users\Devops3\Downloads\typescript-express-starter-master\typescript-express-starter-master\lib\default\node_modules\async\internal\once.js:12:16)
    at next (C:\Users\Devops3\Downloads\typescript-express-starter-master\typescript-express-starter-master\lib\default\node_modules\async\waterfall.js:96:20)
    at C:\Users\Devops3\Downloads\typescript-express-starter-master\typescript-express-starter-master\lib\default\node_modules\async\internal\onlyOnce.js:12:16
C:\USERS\DEVOPS3\DOWNLOADS\TYPESCRIPT-EXPRESS-STARTER-MASTER\TYPESCRIPT-EXPRESS-STARTER-MASTER\LIB\DEFAULT\NODE_MODULES\.BIN\TS-NODE.CMD:1
@ECHO off
^

SyntaxError: Invalid or unexpected token
    at Object.compileFunction (node:vm:360:18)
    at wrapSafe (node:internal/modules/cjs/loader:1088:15)
    at Module._compile (node:internal/modules/cjs/loader:1123:27)
    at Module._extensions..js (node:internal/modules/cjs/loader:1213:10)
    at Module.load (node:internal/modules/cjs/loader:1037:32)
    at Module._load (node:internal/modules/cjs/loader:878:12)
    at C:\Users\Devops3\Downloads\typescript-express-starter-master\typescript-express-starter-master\lib\default\node_modules\pm2\lib\ProcessContainer.js:303:25
    at wrapper (C:\Users\Devops3\Downloads\typescript-express-starter-master\typescript-express-starter-master\lib\default\node_modules\async\internal\once.js:12:16)
    at next (C:\Users\Devops3\Downloads\typescript-express-starter-master\typescript-express-starter-master\lib\default\node_modules\async\waterfall.js:96:20)
    at C:\Users\Devops3\Downloads\typescript-express-starter-master\typescript-express-starter-master\lib\default\node_modules\async\internal\onlyOnce.js:12:16
C:\USERS\DEVOPS3\DOWNLOADS\TYPESCRIPT-EXPRESS-STARTER-MASTER\TYPESCRIPT-EXPRESS-STARTER-MASTER\LIB\DEFAULT\NODE_MODULES\.BIN\TS-NODE.CMD:1
@ECHO off
^

SyntaxError: Invalid or unexpected token
    at Object.compileFunction (node:vm:360:18)
    at wrapSafe (node:internal/modules/cjs/loader:1088:15)
    at Module._compile (node:internal/modules/cjs/loader:1123:27)
    at Module._extensions..js (node:internal/modules/cjs/loader:1213:10)
    at Module.load (node:internal/modules/cjs/loader:1037:32)
    at Module._load (node:internal/modules/cjs/loader:878:12)
    at C:\Users\Devops3\Downloads\typescript-express-starter-master\typescript-express-starter-master\lib\default\node_modules\pm2\lib\ProcessContainer.js:303:25
    at wrapper (C:\Users\Devops3\Downloads\typescript-express-starter-master\typescript-express-starter-master\lib\default\node_modules\async\internal\once.js:12:16)
    at next (C:\Users\Devops3\Downloads\typescript-express-starter-master\typescript-express-starter-master\lib\default\node_modules\async\waterfall.js:96:20)
    at C:\Users\Devops3\Downloads\typescript-express-starter-master\typescript-express-starter-master\lib\default\node_modules\async\internal\onlyOnce.js:12:16
C:\USERS\DEVOPS3\DOWNLOADS\TYPESCRIPT-EXPRESS-STARTER-MASTER\TYPESCRIPT-EXPRESS-STARTER-MASTER\LIB\DEFAULT\NODE_MODULES\.BIN\TS-NODE.CMD:1
@ECHO off
^

SyntaxError: Invalid or unexpected token
    at Object.compileFunction (node:vm:360:18)
    at wrapSafe (node:internal/modules/cjs/loader:1088:15)
    at Module._compile (node:internal/modules/cjs/loader:1123:27)
    at Module._extensions..js (node:internal/modules/cjs/loader:1213:10)
    at Module.load (node:internal/modules/cjs/loader:1037:32)
    at Module._load (node:internal/modules/cjs/loader:878:12)
    at C:\Users\Devops3\Downloads\typescript-express-starter-master\typescript-express-starter-master\lib\default\node_modules\pm2\lib\ProcessContainer.js:303:25
    at wrapper (C:\Users\Devops3\Downloads\typescript-express-starter-master\typescript-express-starter-master\lib\default\node_modules\async\internal\once.js:12:16)
    at next (C:\Users\Devops3\Downloads\typescript-express-starter-master\typescript-express-starter-master\lib\default\node_modules\async\waterfall.js:96:20)
    at C:\Users\Devops3\Downloads\typescript-express-starter-master\typescript-express-starter-master\lib\default\node_modules\async\internal\onlyOnce.js:12:16
C:\USERS\DEVOPS3\DOWNLOADS\TYPESCRIPT-EXPRESS-STARTER-MASTER\TYPESCRIPT-EXPRESS-STARTER-MASTER\LIB\DEFAULT\NODE_MODULES\.BIN\TS-NODE.CMD:1
@ECHO off
^

SyntaxError: Invalid or unexpected token
    at Object.compileFunction (node:vm:360:18)
    at wrapSafe (node:internal/modules/cjs/loader:1088:15)
    at Module._compile (node:internal/modules/cjs/loader:1123:27)
    at Module._extensions..js (node:internal/modules/cjs/loader:1213:10)
    at Module.load (node:internal/modules/cjs/loader:1037:32)
    at Module._load (node:internal/modules/cjs/loader:878:12)
    at C:\Users\Devops3\Downloads\typescript-express-starter-master\typescript-express-starter-master\lib\default\node_modules\pm2\lib\ProcessContainer.js:303:25
    at wrapper (C:\Users\Devops3\Downloads\typescript-express-starter-master\typescript-express-starter-master\lib\default\node_modules\async\internal\once.js:12:16)
    at next (C:\Users\Devops3\Downloads\typescript-express-starter-master\typescript-express-starter-master\lib\default\node_modules\async\waterfall.js:96:20)
    at C:\Users\Devops3\Downloads\typescript-express-starter-master\typescript-express-starter-master\lib\default\node_modules\async\internal\onlyOnce.js:12:16
C:\USERS\DEVOPS3\DOWNLOADS\TYPESCRIPT-EXPRESS-STARTER-MASTER\TYPESCRIPT-EXPRESS-STARTER-MASTER\LIB\DEFAULT\NODE_MODULES\.BIN\TS-NODE.CMD:1
@ECHO off
^

SyntaxError: Invalid or unexpected token
    at Object.compileFunction (node:vm:360:18)
    at wrapSafe (node:internal/modules/cjs/loader:1088:15)
    at Module._compile (node:internal/modules/cjs/loader:1123:27)
    at Module._extensions..js (node:internal/modules/cjs/loader:1213:10)
    at Module.load (node:internal/modules/cjs/loader:1037:32)
    at Module._load (node:internal/modules/cjs/loader:878:12)
    at C:\Users\Devops3\Downloads\typescript-express-starter-master\typescript-express-starter-master\lib\default\node_modules\pm2\lib\ProcessContainer.js:303:25
    at wrapper (C:\Users\Devops3\Downloads\typescript-express-starter-master\typescript-express-starter-master\lib\default\node_modules\async\internal\once.js:12:16)
    at next (C:\Users\Devops3\Downloads\typescript-express-starter-master\typescript-express-starter-master\lib\default\node_modules\async\waterfall.js:96:20)
    at C:\Users\Devops3\Downloads\typescript-express-starter-master\typescript-express-starter-master\lib\default\node_modules\async\internal\onlyOnce.js:12:16
C:\USERS\DEVOPS3\DOWNLOADS\TYPESCRIPT-EXPRESS-STARTER-MASTER\TYPESCRIPT-EXPRESS-STARTER-MASTER\LIB\DEFAULT\NODE_MODULES\.BIN\TS-NODE.CMD:1
@ECHO off
^

SyntaxError: Invalid or unexpected token
    at Object.compileFunction (node:vm:360:18)
    at wrapSafe (node:internal/modules/cjs/loader:1088:15)
    at Module._compile (node:internal/modules/cjs/loader:1123:27)
    at Module._extensions..js (node:internal/modules/cjs/loader:1213:10)
    at Module.load (node:internal/modules/cjs/loader:1037:32)
    at Module._load (node:internal/modules/cjs/loader:878:12)
    at C:\Users\Devops3\Downloads\typescript-express-starter-master\typescript-express-starter-master\lib\default\node_modules\pm2\lib\ProcessContainer.js:303:25
    at wrapper (C:\Users\Devops3\Downloads\typescript-express-starter-master\typescript-express-starter-master\lib\default\node_modules\async\internal\once.js:12:16)
    at next (C:\Users\Devops3\Downloads\typescript-express-starter-master\typescript-express-starter-master\lib\default\node_modules\async\waterfall.js:96:20)
    at C:\Users\Devops3\Downloads\typescript-express-starter-master\typescript-express-starter-master\lib\default\node_modules\async\internal\onlyOnce.js:12:16
C:\USERS\DEVOPS3\DOWNLOADS\TYPESCRIPT-EXPRESS-STARTER-MASTER\TYPESCRIPT-EXPRESS-STARTER-MASTER\LIB\DEFAULT\NODE_MODULES\.BIN\TS-NODE.CMD:1
@ECHO off
^

SyntaxError: Invalid or unexpected token
    at Object.compileFunction (node:vm:360:18)
    at wrapSafe (node:internal/modules/cjs/loader:1088:15)
    at Module._compile (node:internal/modules/cjs/loader:1123:27)
    at Module._extensions..js (node:internal/modules/cjs/loader:1213:10)
    at Module.load (node:internal/modules/cjs/loader:1037:32)
    at Module._load (node:internal/modules/cjs/loader:878:12)
    at C:\Users\Devops3\Downloads\typescript-express-starter-master\typescript-express-starter-master\lib\default\node_modules\pm2\lib\ProcessContainer.js:303:25
    at wrapper (C:\Users\Devops3\Downloads\typescript-express-starter-master\typescript-express-starter-master\lib\default\node_modules\async\internal\once.js:12:16)
    at next (C:\Users\Devops3\Downloads\typescript-express-starter-master\typescript-express-starter-master\lib\default\node_modules\async\waterfall.js:96:20)
    at C:\Users\Devops3\Downloads\typescript-express-starter-master\typescript-express-starter-master\lib\default\node_modules\async\internal\onlyOnce.js:12:16
C:\USERS\DEVOPS3\DOWNLOADS\TYPESCRIPT-EXPRESS-STARTER-MASTER\TYPESCRIPT-EXPRESS-STARTER-MASTER\LIB\DEFAULT\NODE_MODULES\.BIN\TS-NODE.CMD:1
@ECHO off
^

SyntaxError: Invalid or unexpected token
    at Object.compileFunction (node:vm:360:18)
    at wrapSafe (node:internal/modules/cjs/loader:1088:15)
    at Module._compile (node:internal/modules/cjs/loader:1123:27)
    at Module._extensions..js (node:internal/modules/cjs/loader:1213:10)
    at Module.load (node:internal/modules/cjs/loader:1037:32)
    at Module._load (node:internal/modules/cjs/loader:878:12)
    at C:\Users\Devops3\Downloads\typescript-express-starter-master\typescript-express-starter-master\lib\default\node_modules\pm2\lib\ProcessContainer.js:303:25
    at wrapper (C:\Users\Devops3\Downloads\typescript-express-starter-master\typescript-express-starter-master\lib\default\node_modules\async\internal\once.js:12:16)
    at next (C:\Users\Devops3\Downloads\typescript-express-starter-master\typescript-express-starter-master\lib\default\node_modules\async\waterfall.js:96:20)
    at C:\Users\Devops3\Downloads\typescript-express-starter-master\typescript-express-starter-master\lib\default\node_modules\async\internal\onlyOnce.js:12:16
C:\USERS\DEVOPS3\DOWNLOADS\TYPESCRIPT-EXPRESS-STARTER-MASTER\TYPESCRIPT-EXPRESS-STARTER-MASTER\LIB\DEFAULT\NODE_MODULES\.BIN\TS-NODE.CMD:1
@ECHO off
^

SyntaxError: Invalid or unexpected token
    at Object.compileFunction (node:vm:360:18)
    at wrapSafe (node:internal/modules/cjs/loader:1088:15)
    at Module._compile (node:internal/modules/cjs/loader:1123:27)
    at Module._extensions..js (node:internal/modules/cjs/loader:1213:10)
    at Module.load (node:internal/modules/cjs/loader:1037:32)
    at Module._load (node:internal/modules/cjs/loader:878:12)
    at C:\Users\Devops3\Downloads\typescript-express-starter-master\typescript-express-starter-master\lib\default\node_modules\pm2\lib\ProcessContainer.js:303:25
    at wrapper (C:\Users\Devops3\Downloads\typescript-express-starter-master\typescript-express-starter-master\lib\default\node_modules\async\internal\once.js:12:16)
    at next (C:\Users\Devops3\Downloads\typescript-express-starter-master\typescript-express-starter-master\lib\default\node_modules\async\waterfall.js:96:20)
    at C:\Users\Devops3\Downloads\typescript-express-starter-master\typescript-express-starter-master\lib\default\node_modules\async\internal\onlyOnce.js:12:16
C:\USERS\DEVOPS3\DOWNLOADS\TYPESCRIPT-EXPRESS-STARTER-MASTER\TYPESCRIPT-EXPRESS-STARTER-MASTER\LIB\DEFAULT\NODE_MODULES\.BIN\TS-NODE.CMD:1
@ECHO off
^

SyntaxError: Invalid or unexpected token
    at Object.compileFunction (node:vm:360:18)
    at wrapSafe (node:internal/modules/cjs/loader:1088:15)
    at Module._compile (node:internal/modules/cjs/loader:1123:27)
    at Module._extensions..js (node:internal/modules/cjs/loader:1213:10)
    at Module.load (node:internal/modules/cjs/loader:1037:32)
    at Module._load (node:internal/modules/cjs/loader:878:12)
    at C:\Users\Devops3\Downloads\typescript-express-starter-master\typescript-express-starter-master\lib\default\node_modules\pm2\lib\ProcessContainer.js:303:25
    at wrapper (C:\Users\Devops3\Downloads\typescript-express-starter-master\typescript-express-starter-master\lib\default\node_modules\async\internal\once.js:12:16)
    at next (C:\Users\Devops3\Downloads\typescript-express-starter-master\typescript-express-starter-master\lib\default\node_modules\async\waterfall.js:96:20)
    at C:\Users\Devops3\Downloads\typescript-express-starter-master\typescript-express-starter-master\lib\default\node_modules\async\internal\onlyOnce.js:12:16
C:\USERS\DEVOPS3\DOWNLOADS\TYPESCRIPT-EXPRESS-STARTER-MASTER\TYPESCRIPT-EXPRESS-STARTER-MASTER\LIB\DEFAULT\NODE_MODULES\.BIN\TS-NODE.CMD:1
@ECHO off
^

SyntaxError: Invalid or unexpected token
    at Object.compileFunction (node:vm:360:18)
    at wrapSafe (node:internal/modules/cjs/loader:1088:15)
    at Module._compile (node:internal/modules/cjs/loader:1123:27)
    at Module._extensions..js (node:internal/modules/cjs/loader:1213:10)
    at Module.load (node:internal/modules/cjs/loader:1037:32)
    at Module._load (node:internal/modules/cjs/loader:878:12)
    at C:\Users\Devops3\Downloads\typescript-express-starter-master\typescript-express-starter-master\lib\default\node_modules\pm2\lib\ProcessContainer.js:303:25
    at wrapper (C:\Users\Devops3\Downloads\typescript-express-starter-master\typescript-express-starter-master\lib\default\node_modules\async\internal\once.js:12:16)
    at next (C:\Users\Devops3\Downloads\typescript-express-starter-master\typescript-express-starter-master\lib\default\node_modules\async\waterfall.js:96:20)
    at C:\Users\Devops3\Downloads\typescript-express-starter-master\typescript-express-starter-master\lib\default\node_modules\async\internal\onlyOnce.js:12:16
C:\USERS\DEVOPS3\DOWNLOADS\TYPESCRIPT-EXPRESS-STARTER-MASTER\TYPESCRIPT-EXPRESS-STARTER-MASTER\LIB\DEFAULT\NODE_MODULES\.BIN\TS-NODE.CMD:1
@ECHO off
^

SyntaxError: Invalid or unexpected token
    at Object.compileFunction (node:vm:360:18)
    at wrapSafe (node:internal/modules/cjs/loader:1088:15)
    at Module._compile (node:internal/modules/cjs/loader:1123:27)
    at Module._extensions..js (node:internal/modules/cjs/loader:1213:10)
    at Module.load (node:internal/modules/cjs/loader:1037:32)
    at Module._load (node:internal/modules/cjs/loader:878:12)
    at C:\Users\Devops3\Downloads\typescript-express-starter-master\typescript-express-starter-master\lib\default\node_modules\pm2\lib\ProcessContainer.js:303:25
    at wrapper (C:\Users\Devops3\Downloads\typescript-express-starter-master\typescript-express-starter-master\lib\default\node_modules\async\internal\once.js:12:16)
    at next (C:\Users\Devops3\Downloads\typescript-express-starter-master\typescript-express-starter-master\lib\default\node_modules\async\waterfall.js:96:20)
    at C:\Users\Devops3\Downloads\typescript-express-starter-master\typescript-express-starter-master\lib\default\node_modules\async\internal\onlyOnce.js:12:16
C:\USERS\DEVOPS3\DOWNLOADS\TYPESCRIPT-EXPRESS-STARTER-MASTER\TYPESCRIPT-EXPRESS-STARTER-MASTER\LIB\DEFAULT\NODE_MODULES\.BIN\TS-NODE.CMD:1
@ECHO off
^

SyntaxError: Invalid or unexpected token
    at Object.compileFunction (node:vm:360:18)
    at wrapSafe (node:internal/modules/cjs/loader:1088:15)
    at Module._compile (node:internal/modules/cjs/loader:1123:27)
    at Module._extensions..js (node:internal/modules/cjs/loader:1213:10)
    at Module.load (node:internal/modules/cjs/loader:1037:32)
    at Module._load (node:internal/modules/cjs/loader:878:12)
    at C:\Users\Devops3\Downloads\typescript-express-starter-master\typescript-express-starter-master\lib\default\node_modules\pm2\lib\ProcessContainer.js:303:25
    at wrapper (C:\Users\Devops3\Downloads\typescript-express-starter-master\typescript-express-starter-master\lib\default\node_modules\async\internal\once.js:12:16)
    at next (C:\Users\Devops3\Downloads\typescript-express-starter-master\typescript-express-starter-master\lib\default\node_modules\async\waterfall.js:96:20)
    at C:\Users\Devops3\Downloads\typescript-express-starter-master\typescript-express-starter-master\lib\default\node_modules\async\internal\onlyOnce.js:12:16
C:\USERS\DEVOPS3\DOWNLOADS\TYPESCRIPT-EXPRESS-STARTER-MASTER\TYPESCRIPT-EXPRESS-STARTER-MASTER\LIB\DEFAULT\NODE_MODULES\.BIN\TS-NODE.CMD:1
@ECHO off
^

SyntaxError: Invalid or unexpected token
    at Object.compileFunction (node:vm:360:18)
    at wrapSafe (node:internal/modules/cjs/loader:1088:15)
    at Module._compile (node:internal/modules/cjs/loader:1123:27)
    at Module._extensions..js (node:internal/modules/cjs/loader:1213:10)
    at Module.load (node:internal/modules/cjs/loader:1037:32)
    at Module._load (node:internal/modules/cjs/loader:878:12)
    at C:\Users\Devops3\Downloads\typescript-express-starter-master\typescript-express-starter-master\lib\default\node_modules\pm2\lib\ProcessContainer.js:303:25
    at wrapper (C:\Users\Devops3\Downloads\typescript-express-starter-master\typescript-express-starter-master\lib\default\node_modules\async\internal\once.js:12:16)
    at next (C:\Users\Devops3\Downloads\typescript-express-starter-master\typescript-express-starter-master\lib\default\node_modules\async\waterfall.js:96:20)
    at C:\Users\Devops3\Downloads\typescript-express-starter-master\typescript-express-starter-master\lib\default\node_modules\async\internal\onlyOnce.js:12:16
C:\USERS\DEVOPS3\DOWNLOADS\TYPESCRIPT-EXPRESS-STARTER-MASTER\TYPESCRIPT-EXPRESS-STARTER-MASTER\LIB\DEFAULT\NODE_MODULES\.BIN\TS-NODE.CMD:1
@ECHO off
^

SyntaxError: Invalid or unexpected token
    at Object.compileFunction (node:vm:360:18)
    at wrapSafe (node:internal/modules/cjs/loader:1088:15)
    at Module._compile (node:internal/modules/cjs/loader:1123:27)
    at Module._extensions..js (node:internal/modules/cjs/loader:1213:10)
    at Module.load (node:internal/modules/cjs/loader:1037:32)
    at Module._load (node:internal/modules/cjs/loader:878:12)
    at C:\Users\Devops3\Downloads\typescript-express-starter-master\typescript-express-starter-master\lib\default\node_modules\pm2\lib\ProcessContainer.js:303:25
    at wrapper (C:\Users\Devops3\Downloads\typescript-express-starter-master\typescript-express-starter-master\lib\default\node_modules\async\internal\once.js:12:16)
    at next (C:\Users\Devops3\Downloads\typescript-express-starter-master\typescript-express-starter-master\lib\default\node_modules\async\waterfall.js:96:20)
    at C:\Users\Devops3\Downloads\typescript-express-starter-master\typescript-express-starter-master\lib\default\node_modules\async\internal\onlyOnce.js:12:16
C:\USERS\DEVOPS3\DOWNLOADS\TYPESCRIPT-EXPRESS-STARTER-MASTER\TYPESCRIPT-EXPRESS-STARTER-MASTER\LIB\DEFAULT\NODE_MODULES\.BIN\TS-NODE.CMD:1
@ECHO off
^

SyntaxError: Invalid or unexpected token
    at Object.compileFunction (node:vm:360:18)
    at wrapSafe (node:internal/modules/cjs/loader:1088:15)
    at Module._compile (node:internal/modules/cjs/loader:1123:27)
    at Module._extensions..js (node:internal/modules/cjs/loader:1213:10)
    at Module.load (node:internal/modules/cjs/loader:1037:32)
    at Module._load (node:internal/modules/cjs/loader:878:12)
    at C:\Users\Devops3\Downloads\typescript-express-starter-master\typescript-express-starter-master\lib\default\node_modules\pm2\lib\ProcessContainer.js:303:25
    at wrapper (C:\Users\Devops3\Downloads\typescript-express-starter-master\typescript-express-starter-master\lib\default\node_modules\async\internal\once.js:12:16)
    at next (C:\Users\Devops3\Downloads\typescript-express-starter-master\typescript-express-starter-master\lib\default\node_modules\async\waterfall.js:96:20)
    at C:\Users\Devops3\Downloads\typescript-express-starter-master\typescript-express-starter-master\lib\default\node_modules\async\internal\onlyOnce.js:12:16
C:\USERS\DEVOPS3\DOWNLOADS\TYPESCRIPT-EXPRESS-STARTER-MASTER\TYPESCRIPT-EXPRESS-STARTER-MASTER\LIB\DEFAULT\NODE_MODULES\.BIN\TS-NODE.CMD:1
@ECHO off
^

SyntaxError: Invalid or unexpected token
    at Object.compileFunction (node:vm:360:18)
    at wrapSafe (node:internal/modules/cjs/loader:1088:15)
    at Module._compile (node:internal/modules/cjs/loader:1123:27)
    at Module._extensions..js (node:internal/modules/cjs/loader:1213:10)
    at Module.load (node:internal/modules/cjs/loader:1037:32)
    at Module._load (node:internal/modules/cjs/loader:878:12)
    at C:\Users\Devops3\Downloads\typescript-express-starter-master\typescript-express-starter-master\lib\default\node_modules\pm2\lib\ProcessContainer.js:303:25
    at wrapper (C:\Users\Devops3\Downloads\typescript-express-starter-master\typescript-express-starter-master\lib\default\node_modules\async\internal\once.js:12:16)
    at next (C:\Users\Devops3\Downloads\typescript-express-starter-master\typescript-express-starter-master\lib\default\node_modules\async\waterfall.js:96:20)
    at C:\Users\Devops3\Downloads\typescript-express-starter-master\typescript-express-starter-master\lib\default\node_modules\async\internal\onlyOnce.js:12:16
C:\USERS\DEVOPS3\DOWNLOADS\TYPESCRIPT-EXPRESS-STARTER-MASTER\TYPESCRIPT-EXPRESS-STARTER-MASTER\LIB\DEFAULT\NODE_MODULES\.BIN\TS-NODE.CMD:1
@ECHO off
^

SyntaxError: Invalid or unexpected token
    at Object.compileFunction (node:vm:360:18)
    at wrapSafe (node:internal/modules/cjs/loader:1088:15)
    at Module._compile (node:internal/modules/cjs/loader:1123:27)
    at Module._extensions..js (node:internal/modules/cjs/loader:1213:10)
    at Module.load (node:internal/modules/cjs/loader:1037:32)
    at Module._load (node:internal/modules/cjs/loader:878:12)
    at C:\Users\Devops3\Downloads\typescript-express-starter-master\typescript-express-starter-master\lib\default\node_modules\pm2\lib\ProcessContainer.js:303:25
    at wrapper (C:\Users\Devops3\Downloads\typescript-express-starter-master\typescript-express-starter-master\lib\default\node_modules\async\internal\once.js:12:16)
    at next (C:\Users\Devops3\Downloads\typescript-express-starter-master\typescript-express-starter-master\lib\default\node_modules\async\waterfall.js:96:20)
    at C:\Users\Devops3\Downloads\typescript-express-starter-master\typescript-express-starter-master\lib\default\node_modules\async\internal\onlyOnce.js:12:16
C:\USERS\DEVOPS3\DOWNLOADS\TYPESCRIPT-EXPRESS-STARTER-MASTER\TYPESCRIPT-EXPRESS-STARTER-MASTER\LIB\DEFAULT\NODE_MODULES\.BIN\TS-NODE.CMD:1
@ECHO off
^

SyntaxError: Invalid or unexpected token
    at Object.compileFunction (node:vm:360:18)
    at wrapSafe (node:internal/modules/cjs/loader:1088:15)
    at Module._compile (node:internal/modules/cjs/loader:1123:27)
    at Module._extensions..js (node:internal/modules/cjs/loader:1213:10)
    at Module.load (node:internal/modules/cjs/loader:1037:32)
    at Module._load (node:internal/modules/cjs/loader:878:12)
    at C:\Users\Devops3\Downloads\typescript-express-starter-master\typescript-express-starter-master\lib\default\node_modules\pm2\lib\ProcessContainer.js:303:25
    at wrapper (C:\Users\Devops3\Downloads\typescript-express-starter-master\typescript-express-starter-master\lib\default\node_modules\async\internal\once.js:12:16)
    at next (C:\Users\Devops3\Downloads\typescript-express-starter-master\typescript-express-starter-master\lib\default\node_modules\async\waterfall.js:96:20)
    at C:\Users\Devops3\Downloads\typescript-express-starter-master\typescript-express-starter-master\lib\default\node_modules\async\internal\onlyOnce.js:12:16
C:\USERS\DEVOPS3\DOWNLOADS\TYPESCRIPT-EXPRESS-STARTER-MASTER\TYPESCRIPT-EXPRESS-STARTER-MASTER\LIB\DEFAULT\NODE_MODULES\.BIN\TS-NODE.CMD:1
@ECHO off
^

SyntaxError: Invalid or unexpected token
    at Object.compileFunction (node:vm:360:18)
    at wrapSafe (node:internal/modules/cjs/loader:1088:15)
    at Module._compile (node:internal/modules/cjs/loader:1123:27)
    at Module._extensions..js (node:internal/modules/cjs/loader:1213:10)
    at Module.load (node:internal/modules/cjs/loader:1037:32)
    at Module._load (node:internal/modules/cjs/loader:878:12)
    at C:\Users\Devops3\Downloads\typescript-express-starter-master\typescript-express-starter-master\lib\default\node_modules\pm2\lib\ProcessContainer.js:303:25
    at wrapper (C:\Users\Devops3\Downloads\typescript-express-starter-master\typescript-express-starter-master\lib\default\node_modules\async\internal\once.js:12:16)
    at next (C:\Users\Devops3\Downloads\typescript-express-starter-master\typescript-express-starter-master\lib\default\node_modules\async\waterfall.js:96:20)
    at C:\Users\Devops3\Downloads\typescript-express-starter-master\typescript-express-starter-master\lib\default\node_modules\async\internal\onlyOnce.js:12:16
C:\USERS\DEVOPS3\DOWNLOADS\TYPESCRIPT-EXPRESS-STARTER-MASTER\TYPESCRIPT-EXPRESS-STARTER-MASTER\LIB\DEFAULT\NODE_MODULES\.BIN\TS-NODE.CMD:1
@ECHO off
^

SyntaxError: Invalid or unexpected token
    at Object.compileFunction (node:vm:360:18)
    at wrapSafe (node:internal/modules/cjs/loader:1088:15)
    at Module._compile (node:internal/modules/cjs/loader:1123:27)
    at Module._extensions..js (node:internal/modules/cjs/loader:1213:10)
    at Module.load (node:internal/modules/cjs/loader:1037:32)
    at Module._load (node:internal/modules/cjs/loader:878:12)
    at C:\Users\Devops3\Downloads\typescript-express-starter-master\typescript-express-starter-master\lib\default\node_modules\pm2\lib\ProcessContainer.js:303:25
    at wrapper (C:\Users\Devops3\Downloads\typescript-express-starter-master\typescript-express-starter-master\lib\default\node_modules\async\internal\once.js:12:16)
    at next (C:\Users\Devops3\Downloads\typescript-express-starter-master\typescript-express-starter-master\lib\default\node_modules\async\waterfall.js:96:20)
    at C:\Users\Devops3\Downloads\typescript-express-starter-master\typescript-express-starter-master\lib\default\node_modules\async\internal\onlyOnce.js:12:16
C:\USERS\DEVOPS3\DOWNLOADS\TYPESCRIPT-EXPRESS-STARTER-MASTER\TYPESCRIPT-EXPRESS-STARTER-MASTER\LIB\DEFAULT\NODE_MODULES\.BIN\TS-NODE.CMD:1
@ECHO off
^

SyntaxError: Invalid or unexpected token
    at Object.compileFunction (node:vm:360:18)
    at wrapSafe (node:internal/modules/cjs/loader:1088:15)
    at Module._compile (node:internal/modules/cjs/loader:1123:27)
    at Module._extensions..js (node:internal/modules/cjs/loader:1213:10)
    at Module.load (node:internal/modules/cjs/loader:1037:32)
    at Module._load (node:internal/modules/cjs/loader:878:12)
    at C:\Users\Devops3\Downloads\typescript-express-starter-master\typescript-express-starter-master\lib\default\node_modules\pm2\lib\ProcessContainer.js:303:25
    at wrapper (C:\Users\Devops3\Downloads\typescript-express-starter-master\typescript-express-starter-master\lib\default\node_modules\async\internal\once.js:12:16)
    at next (C:\Users\Devops3\Downloads\typescript-express-starter-master\typescript-express-starter-master\lib\default\node_modules\async\waterfall.js:96:20)
    at C:\Users\Devops3\Downloads\typescript-express-starter-master\typescript-express-starter-master\lib\default\node_modules\async\internal\onlyOnce.js:12:16
C:\USERS\DEVOPS3\DOWNLOADS\TYPESCRIPT-EXPRESS-STARTER-MASTER\TYPESCRIPT-EXPRESS-STARTER-MASTER\LIB\DEFAULT\NODE_MODULES\.BIN\TS-NODE.CMD:1
@ECHO off
^

SyntaxError: Invalid or unexpected token
    at Object.compileFunction (node:vm:360:18)
    at wrapSafe (node:internal/modules/cjs/loader:1088:15)
    at Module._compile (node:internal/modules/cjs/loader:1123:27)
    at Module._extensions..js (node:internal/modules/cjs/loader:1213:10)
    at Module.load (node:internal/modules/cjs/loader:1037:32)
    at Module._load (node:internal/modules/cjs/loader:878:12)
    at C:\Users\Devops3\Downloads\typescript-express-starter-master\typescript-express-starter-master\lib\default\node_modules\pm2\lib\ProcessContainer.js:303:25
    at wrapper (C:\Users\Devops3\Downloads\typescript-express-starter-master\typescript-express-starter-master\lib\default\node_modules\async\internal\once.js:12:16)
    at next (C:\Users\Devops3\Downloads\typescript-express-starter-master\typescript-express-starter-master\lib\default\node_modules\async\waterfall.js:96:20)
    at C:\Users\Devops3\Downloads\typescript-express-starter-master\typescript-express-starter-master\lib\default\node_modules\async\internal\onlyOnce.js:12:16
C:\USERS\DEVOPS3\DOWNLOADS\TYPESCRIPT-EXPRESS-STARTER-MASTER\TYPESCRIPT-EXPRESS-STARTER-MASTER\LIB\DEFAULT\NODE_MODULES\.BIN\TS-NODE.CMD:1
@ECHO off
^

SyntaxError: Invalid or unexpected token
    at Object.compileFunction (node:vm:360:18)
    at wrapSafe (node:internal/modules/cjs/loader:1088:15)
    at Module._compile (node:internal/modules/cjs/loader:1123:27)
    at Module._extensions..js (node:internal/modules/cjs/loader:1213:10)
    at Module.load (node:internal/modules/cjs/loader:1037:32)
    at Module._load (node:internal/modules/cjs/loader:878:12)
    at C:\Users\Devops3\Downloads\typescript-express-starter-master\typescript-express-starter-master\lib\default\node_modules\pm2\lib\ProcessContainer.js:303:25
    at wrapper (C:\Users\Devops3\Downloads\typescript-express-starter-master\typescript-express-starter-master\lib\default\node_modules\async\internal\once.js:12:16)
    at next (C:\Users\Devops3\Downloads\typescript-express-starter-master\typescript-express-starter-master\lib\default\node_modules\async\waterfall.js:96:20)
    at C:\Users\Devops3\Downloads\typescript-express-starter-master\typescript-express-starter-master\lib\default\node_modules\async\internal\onlyOnce.js:12:16
C:\USERS\DEVOPS3\DOWNLOADS\TYPESCRIPT-EXPRESS-STARTER-MASTER\TYPESCRIPT-EXPRESS-STARTER-MASTER\LIB\DEFAULT\NODE_MODULES\.BIN\TS-NODE.CMD:1
@ECHO off
^

SyntaxError: Invalid or unexpected token
    at Object.compileFunction (node:vm:360:18)
    at wrapSafe (node:internal/modules/cjs/loader:1088:15)
    at Module._compile (node:internal/modules/cjs/loader:1123:27)
    at Module._extensions..js (node:internal/modules/cjs/loader:1213:10)
    at Module.load (node:internal/modules/cjs/loader:1037:32)
    at Module._load (node:internal/modules/cjs/loader:878:12)
    at C:\Users\Devops3\Downloads\typescript-express-starter-master\typescript-express-starter-master\lib\default\node_modules\pm2\lib\ProcessContainer.js:303:25
    at wrapper (C:\Users\Devops3\Downloads\typescript-express-starter-master\typescript-express-starter-master\lib\default\node_modules\async\internal\once.js:12:16)
    at next (C:\Users\Devops3\Downloads\typescript-express-starter-master\typescript-express-starter-master\lib\default\node_modules\async\waterfall.js:96:20)
    at C:\Users\Devops3\Downloads\typescript-express-starter-master\typescript-express-starter-master\lib\default\node_modules\async\internal\onlyOnce.js:12:16
